<?xml version="1.0" encoding="UTF-8"?>
<testsuites name="FCSCMS-193 (Organizations - Client Profile - Add New Client)" time="159.087" tests="13" failures="1" errors="0">
   <testsuite name="FCSCMS-193 (Organizations - Client Profile - Add New Client)" tests="13" failures="1" errors="0" time="159.087" timestamp="2021-12-22 17:25:15" hostname="me - DESKTOP-S7SF50D" id="Test Suites/Sprint 5/FCSCMS-193 (Organizations - Client Profile - Add New Client)">
      <properties>
         <property name="deviceName" value=""/>
         <property name="devicePlatform" value=""/>
         <property name="logFolder" value="C:\\Users\\me\\git\\nexterous-automation\\Reports\\20211222_172456\\Sprint 5\\FCSCMS-193 (Organizations - Client Profile - Add New Client)\\20211222_172457"/>
         <property name="logFiles" value="C:\\Users\\me\\git\\nexterous-automation\\Reports\\20211222_172456\\Sprint 5\\FCSCMS-193 (Organizations - Client Profile - Add New Client)\\20211222_172457\\execution0.log"/>
         <property name="attachments" value="C:\\Users\\me\\git\\nexterous-automation\\Reports\\20211222_172456\\Sprint 5\\FCSCMS-193 (Organizations - Client Profile - Add New Client)\\20211222_172457\\1640165273000.png"/>
         <property name="hostName" value="me - DESKTOP-S7SF50D"/>
         <property name="os" value="Windows 10 64bit"/>
         <property name="katalonVersion" value="7.7.0.205"/>
         <property name="browser" value="Chrome 96.0.4664.110"/>
         <property name="hostAddress" value="192.168.100.7"/>
         <property name="sessionId" value="c6b046942374bcfdeee1384ad806fb9d"/>
         <property name="seleniumVersion" value="3.141.59"/>
         <property name="proxyInformation" value="ProxyInformation { proxyOption=NO_PROXY, proxyServerType=HTTP, username=, password=********, proxyServerAddress=, proxyServerPort=0, executionList=&quot;&quot;, isApplyToDesiredCapabilities=true }"/>
         <property name="platform" value="Windows 10"/>
      </properties>
      <testcase name="Test Cases/Sprint 5/FCSCMS-193/FCSCMS-1137-S5 (Admin user should be able to log in using valid credentials)" time="16.481" classname="Test Cases/Sprint 5/FCSCMS-193/FCSCMS-1137-S5 (Admin user should be able to log in using valid credentials)" status="PASSED">
         <system-out><![CDATA[2021-12-22 17:25:16 - [TEST_CASE][PASSED] - Test Cases/Sprint 5/FCSCMS-193/FCSCMS-1137-S5 (Admin user should be able to log in using valid credentials): Test Cases/Sprint 5/FCSCMS-193/FCSCMS-1137-S5 (Admin user should be able to log in using valid credentials)

2021-12-22 17:25:17 - [TEST_STEP][PASSED] - openBrowser(""): Browser is opened with url: ''

2021-12-22 17:25:17 - [MESSAGE][INFO] - Starting 'Chrome' driver

2021-12-22 17:25:17 - [MESSAGE][INFO] - Action delay is set to 0 milliseconds

2021-12-22 17:25:21 - [MESSAGE][PASSED] - Browser is opened with url: ''

2021-12-22 17:25:21 - [TEST_STEP][PASSED] - navigateToUrl("https://nexterus-tst.outsystemsenterprise.com/FusionCenter/Login"): Navigate to 'https://nexterus-tst.outsystemsenterprise.com/FusionCenter/Login' successfully

2021-12-22 17:25:24 - [MESSAGE][PASSED] - Navigate to 'https://nexterus-tst.outsystemsenterprise.com/FusionCenter/Login' successfully

2021-12-22 17:25:24 - [TEST_STEP][PASSED] - maximizeWindow(): Current window maximized

2021-12-22 17:25:25 - [MESSAGE][PASSED] - Current window maximized

2021-12-22 17:25:25 - [TEST_STEP][PASSED] - delay(3): Delayed 3 second(s)

2021-12-22 17:25:28 - [MESSAGE][PASSED] - Delayed 3 second(s)

2021-12-22 17:25:28 - [TEST_STEP][PASSED] - setText(findTestObject("Login/Username_Field"), "admin"): Text 'admin' is set on object 'Object Repository/Login/Username_Field'

2021-12-22 17:25:29 - [MESSAGE][PASSED] - Text 'admin' is set on object 'Object Repository/Login/Username_Field'

2021-12-22 17:25:29 - [TEST_STEP][PASSED] - delay(1): Delayed 1 second(s)

2021-12-22 17:25:30 - [MESSAGE][PASSED] - Delayed 1 second(s)

2021-12-22 17:25:30 - [TEST_STEP][PASSED] - setText(findTestObject("Login/Password_Field"), "admin"): Text 'admin' is set on object 'Object Repository/Login/Password_Field'

2021-12-22 17:25:31 - [MESSAGE][PASSED] - Text 'admin' is set on object 'Object Repository/Login/Password_Field'

2021-12-22 17:25:31 - [TEST_STEP][PASSED] - delay(1): Delayed 1 second(s)

2021-12-22 17:25:32 - [MESSAGE][PASSED] - Delayed 1 second(s)

2021-12-22 17:25:32 - [TEST_STEP][PASSED] - click(findTestObject("Login/BTN_Login")): Object: 'Object Repository/Login/BTN_Login' is clicked on

2021-12-22 17:25:32 - [MESSAGE][PASSED] - Object: 'Object Repository/Login/BTN_Login' is clicked on]]></system-out>
         <system-err><![CDATA[]]></system-err>
      </testcase>
      <testcase name="Test Cases/Sprint 5/FCSCMS-193/FCSCMS-1138-S5 (Click the Clients option from the left navigation panel)" time="14.684" classname="Test Cases/Sprint 5/FCSCMS-193/FCSCMS-1138-S5 (Click the Clients option from the left navigation panel)" status="PASSED">
         <system-out><![CDATA[2021-12-22 17:25:32 - [TEST_CASE][PASSED] - Test Cases/Sprint 5/FCSCMS-193/FCSCMS-1138-S5 (Click the Clients option from the left navigation panel): Test Cases/Sprint 5/FCSCMS-193/FCSCMS-1138-S5 (Click the Clients option from the left navigation panel)

2021-12-22 17:25:32 - [TEST_STEP][PASSED] - delay(2): Delayed 2 second(s)

2021-12-22 17:25:34 - [MESSAGE][PASSED] - Delayed 2 second(s)

2021-12-22 17:25:34 - [TEST_STEP][PASSED] - click(findTestObject("Admin/Sprint 5/a_Clients")): Object: 'Object Repository/Admin/Sprint 5/a_Clients' is clicked on

2021-12-22 17:25:37 - [MESSAGE][PASSED] - Object: 'Object Repository/Admin/Sprint 5/a_Clients' is clicked on

2021-12-22 17:25:37 - [TEST_STEP][PASSED] - delay(2): Delayed 2 second(s)

2021-12-22 17:25:39 - [MESSAGE][PASSED] - Delayed 2 second(s)

2021-12-22 17:25:39 - [TEST_STEP][PASSED] - verifyElementVisible(findTestObject("Admin/Sprint 5/Clients/SearchBar_Clients")): Object 'Object Repository/Admin/Sprint 5/Clients/SearchBar_Clients' is visible

2021-12-22 17:25:46 - [MESSAGE][PASSED] - Object 'Object Repository/Admin/Sprint 5/Clients/SearchBar_Clients' is visible

2021-12-22 17:25:46 - [TEST_STEP][PASSED] - delay(1): Delayed 1 second(s)

2021-12-22 17:25:47 - [MESSAGE][PASSED] - Delayed 1 second(s)]]></system-out>
         <system-err><![CDATA[]]></system-err>
      </testcase>
      <testcase name="Test Cases/Sprint 5/FCSCMS-193/FCSCMS-1139-S5 (Click on the Add New Client button)" time="10.937" classname="Test Cases/Sprint 5/FCSCMS-193/FCSCMS-1139-S5 (Click on the Add New Client button)" status="PASSED">
         <system-out><![CDATA[2021-12-22 17:25:47 - [TEST_CASE][PASSED] - Test Cases/Sprint 5/FCSCMS-193/FCSCMS-1139-S5 (Click on the Add New Client button): Test Cases/Sprint 5/FCSCMS-193/FCSCMS-1139-S5 (Click on the Add New Client button)

2021-12-22 17:25:47 - [TEST_STEP][PASSED] - click(findTestObject("Admin/Sprint 5/AddNewClient/button_Add New Client")): Object: 'Object Repository/Admin/Sprint 5/AddNewClient/button_Add New Client' is clicked on

2021-12-22 17:25:47 - [MESSAGE][PASSED] - Object: 'Object Repository/Admin/Sprint 5/AddNewClient/button_Add New Client' is clicked on

2021-12-22 17:25:47 - [TEST_STEP][PASSED] - delay(2): Delayed 2 second(s)

2021-12-22 17:25:49 - [MESSAGE][PASSED] - Delayed 2 second(s)

2021-12-22 17:25:49 - [TEST_STEP][PASSED] - setText(findTestObject("Admin/Sprint 5/AddNewClient/Element Verification/input_Client Name_b10-Input_ClientName"), "AT Test Client"): Text 'AT Test Client' is set on object 'Object Repository/Admin/Sprint 5/AddNewClient/Element Verification/input_Client Name_b10-Input_ClientName'

2021-12-22 17:25:52 - [MESSAGE][PASSED] - Text 'AT Test Client' is set on object 'Object Repository/Admin/Sprint 5/AddNewClient/Element Verification/input_Client Name_b10-Input_ClientName'

2021-12-22 17:25:52 - [TEST_STEP][PASSED] - delay(2): Delayed 2 second(s)

2021-12-22 17:25:54 - [MESSAGE][PASSED] - Delayed 2 second(s)

2021-12-22 17:25:54 - [TEST_STEP][PASSED] - click(findTestObject("Admin/Sprint 5/AddNewClient/ButtonsNewXpath/button_Save")): Object: 'Object Repository/Admin/Sprint 5/AddNewClient/ButtonsNewXpath/button_Save' is clicked on

2021-12-22 17:25:54 - [MESSAGE][PASSED] - Object: 'Object Repository/Admin/Sprint 5/AddNewClient/ButtonsNewXpath/button_Save' is clicked on

2021-12-22 17:25:54 - [TEST_STEP][PASSED] - delay(1): Delayed 1 second(s)

2021-12-22 17:25:55 - [MESSAGE][PASSED] - Delayed 1 second(s)

2021-12-22 17:25:55 - [TEST_STEP][PASSED] - click(findTestObject("Admin/Sprint 5/AddNewClient/ButtonsNewXpath/button_Yes(Save)")): Object: 'Object Repository/Admin/Sprint 5/AddNewClient/ButtonsNewXpath/button_Yes(Save)' is clicked on

2021-12-22 17:25:56 - [MESSAGE][PASSED] - Object: 'Object Repository/Admin/Sprint 5/AddNewClient/ButtonsNewXpath/button_Yes(Save)' is clicked on

2021-12-22 17:25:56 - [TEST_STEP][PASSED] - delay(2): Delayed 2 second(s)

2021-12-22 17:25:58 - [MESSAGE][PASSED] - Delayed 2 second(s)]]></system-out>
         <system-err><![CDATA[]]></system-err>
      </testcase>
      <testcase name="Test Cases/Sprint 5/FCSCMS-193/FCSCMS-1140-S5 (User can view the name of the client at the title of the page)" time="2.663" classname="Test Cases/Sprint 5/FCSCMS-193/FCSCMS-1140-S5 (User can view the name of the client at the title of the page)" status="PASSED">
         <system-out><![CDATA[2021-12-22 17:25:58 - [TEST_CASE][PASSED] - Test Cases/Sprint 5/FCSCMS-193/FCSCMS-1140-S5 (User can view the name of the client at the title of the page): Test Cases/Sprint 5/FCSCMS-193/FCSCMS-1140-S5 (User can view the name of the client at the title of the page)

2021-12-22 17:25:58 - [TEST_STEP][PASSED] - verifyElementText(findTestObject("Admin/Sprint 5/AddNewClient/Element Verification/New Client Verification"), "AT Test Client"): Actual text and expected text of test object 'Object Repository/Admin/Sprint 5/AddNewClient/Element Verification/New Client Verification' are matched.

2021-12-22 17:25:58 - [MESSAGE][PASSED] - Actual text and expected text of test object 'Object Repository/Admin/Sprint 5/AddNewClient/Element Verification/New Client Verification' are matched.

2021-12-22 17:25:58 - [TEST_STEP][PASSED] - delay(2): Delayed 2 second(s)

2021-12-22 17:26:00 - [MESSAGE][PASSED] - Delayed 2 second(s)]]></system-out>
         <system-err><![CDATA[]]></system-err>
      </testcase>
      <testcase name="Test Cases/Sprint 5/FCSCMS-193/FCSCMS-1141-S5 (Edit details on the Basic Information tab)" time="23.294" classname="Test Cases/Sprint 5/FCSCMS-193/FCSCMS-1141-S5 (Edit details on the Basic Information tab)" status="PASSED">
         <system-out><![CDATA[2021-12-22 17:26:00 - [TEST_CASE][PASSED] - Test Cases/Sprint 5/FCSCMS-193/FCSCMS-1141-S5 (Edit details on the Basic Information tab): Test Cases/Sprint 5/FCSCMS-193/FCSCMS-1141-S5 (Edit details on the Basic Information tab)

2021-12-22 17:26:01 - [TEST_STEP][PASSED] - selectOptionByLabel(findTestObject("Admin/Sprint 5/AddNewClient/Element Verification/select_SelectActiveInactive"), "Active", false): All options with label 'Active' are selected in object 'Object Repository/Admin/Sprint 5/AddNewClient/Element Verification/select_SelectActiveInactive' 

2021-12-22 17:26:02 - [MESSAGE][PASSED] - All options with label 'Active' are selected in object 'Object Repository/Admin/Sprint 5/AddNewClient/Element Verification/select_SelectActiveInactive' 

2021-12-22 17:26:02 - [TEST_STEP][PASSED] - delay(2): Delayed 2 second(s)

2021-12-22 17:26:04 - [MESSAGE][PASSED] - Delayed 2 second(s)

2021-12-22 17:26:04 - [TEST_STEP][PASSED] - setText(findTestObject("Admin/Sprint 5/AddNewClient/Element Verification/input_Business Details_b10-Input_BusinessDetails"), "Test BDAT"): Text 'Test BDAT' is set on object 'Object Repository/Admin/Sprint 5/AddNewClient/Element Verification/input_Business Details_b10-Input_BusinessDetails'

2021-12-22 17:26:05 - [MESSAGE][PASSED] - Text 'Test BDAT' is set on object 'Object Repository/Admin/Sprint 5/AddNewClient/Element Verification/input_Business Details_b10-Input_BusinessDetails'

2021-12-22 17:26:05 - [TEST_STEP][PASSED] - delay(2): Delayed 2 second(s)

2021-12-22 17:26:07 - [MESSAGE][PASSED] - Delayed 2 second(s)

2021-12-22 17:26:07 - [TEST_STEP][PASSED] - setText(findTestObject("Admin/Sprint 5/AddNewClient/Element Verification/input_IRS Number_b10-Input_IRSNumber"), "112233"): Text '112233' is set on object 'Object Repository/Admin/Sprint 5/AddNewClient/Element Verification/input_IRS Number_b10-Input_IRSNumber'

2021-12-22 17:26:07 - [MESSAGE][PASSED] - Text '112233' is set on object 'Object Repository/Admin/Sprint 5/AddNewClient/Element Verification/input_IRS Number_b10-Input_IRSNumber'

2021-12-22 17:26:07 - [TEST_STEP][PASSED] - delay(2): Delayed 2 second(s)

2021-12-22 17:26:09 - [MESSAGE][PASSED] - Delayed 2 second(s)

2021-12-22 17:26:09 - [TEST_STEP][PASSED] - click(findTestObject("Admin/Sprint 5/AddNewClient/Element Verification/SalesRep_Dropdown")): Object: 'Object Repository/Admin/Sprint 5/AddNewClient/Element Verification/SalesRep_Dropdown' is clicked on

2021-12-22 17:26:10 - [MESSAGE][PASSED] - Object: 'Object Repository/Admin/Sprint 5/AddNewClient/Element Verification/SalesRep_Dropdown' is clicked on

2021-12-22 17:26:10 - [TEST_STEP][PASSED] - delay(1): Delayed 1 second(s)

2021-12-22 17:26:11 - [MESSAGE][PASSED] - Delayed 1 second(s)

2021-12-22 17:26:11 - [TEST_STEP][PASSED] - click(findTestObject("Admin/Sprint 5/AddNewClient/Element Verification/div_3_SalesRep")): Object: 'Object Repository/Admin/Sprint 5/AddNewClient/Element Verification/div_3_SalesRep' is clicked on

2021-12-22 17:26:11 - [MESSAGE][PASSED] - Object: 'Object Repository/Admin/Sprint 5/AddNewClient/Element Verification/div_3_SalesRep' is clicked on

2021-12-22 17:26:11 - [TEST_STEP][PASSED] - delay(1): Delayed 1 second(s)

2021-12-22 17:26:12 - [MESSAGE][PASSED] - Delayed 1 second(s)

2021-12-22 17:26:12 - [TEST_STEP][PASSED] - click(findTestObject("Admin/Sprint 5/AddNewClient/Element Verification/AccountManager_Dropdown")): Object: 'Object Repository/Admin/Sprint 5/AddNewClient/Element Verification/AccountManager_Dropdown' is clicked on

2021-12-22 17:26:13 - [MESSAGE][PASSED] - Object: 'Object Repository/Admin/Sprint 5/AddNewClient/Element Verification/AccountManager_Dropdown' is clicked on

2021-12-22 17:26:13 - [TEST_STEP][PASSED] - delay(1): Delayed 1 second(s)

2021-12-22 17:26:14 - [MESSAGE][PASSED] - Delayed 1 second(s)

2021-12-22 17:26:14 - [TEST_STEP][PASSED] - click(findTestObject("Admin/Sprint 5/AddNewClient/Element Verification/div_3_AccountManager")): Object: 'Object Repository/Admin/Sprint 5/AddNewClient/Element Verification/div_3_AccountManager' is clicked on

2021-12-22 17:26:14 - [MESSAGE][PASSED] - Object: 'Object Repository/Admin/Sprint 5/AddNewClient/Element Verification/div_3_AccountManager' is clicked on

2021-12-22 17:26:14 - [TEST_STEP][PASSED] - delay(2): Delayed 2 second(s)

2021-12-22 17:26:16 - [MESSAGE][PASSED] - Delayed 2 second(s)

2021-12-22 17:26:16 - [TEST_STEP][PASSED] - setText(findTestObject("Admin/Sprint 5/AddNewClient/Element Verification/input_Termination Date_b10-Input_TerminationDate"), "08/15/2022"): Text '08/15/2022' is set on object 'Object Repository/Admin/Sprint 5/AddNewClient/Element Verification/input_Termination Date_b10-Input_TerminationDate'

2021-12-22 17:26:17 - [MESSAGE][PASSED] - Text '08/15/2022' is set on object 'Object Repository/Admin/Sprint 5/AddNewClient/Element Verification/input_Termination Date_b10-Input_TerminationDate'

2021-12-22 17:26:17 - [TEST_STEP][PASSED] - delay(1): Delayed 1 second(s)

2021-12-22 17:26:18 - [MESSAGE][PASSED] - Delayed 1 second(s)

2021-12-22 17:26:18 - [TEST_STEP][PASSED] - click(findTestObject("Admin/Sprint 5/AddNewClient/Element Verification/Client")): Object: 'Object Repository/Admin/Sprint 5/AddNewClient/Element Verification/Client' is clicked on

2021-12-22 17:26:18 - [MESSAGE][PASSED] - Object: 'Object Repository/Admin/Sprint 5/AddNewClient/Element Verification/Client' is clicked on

2021-12-22 17:26:18 - [TEST_STEP][PASSED] - delay(2): Delayed 2 second(s)

2021-12-22 17:26:20 - [MESSAGE][PASSED] - Delayed 2 second(s)

2021-12-22 17:26:20 - [TEST_STEP][PASSED] - click(findTestObject("Admin/Sprint 5/AddNewClient/Element Verification/Carrier")): Object: 'Object Repository/Admin/Sprint 5/AddNewClient/Element Verification/Carrier' is clicked on

2021-12-22 17:26:21 - [MESSAGE][PASSED] - Object: 'Object Repository/Admin/Sprint 5/AddNewClient/Element Verification/Carrier' is clicked on

2021-12-22 17:26:21 - [TEST_STEP][PASSED] - setText(findTestObject("Admin/Sprint 5/AddNewClient/Element Verification/Aliases Name"), "AT Alias"): Text 'AT Alias' is set on object 'Object Repository/Admin/Sprint 5/AddNewClient/Element Verification/Aliases Name'

2021-12-22 17:26:22 - [MESSAGE][PASSED] - Text 'AT Alias' is set on object 'Object Repository/Admin/Sprint 5/AddNewClient/Element Verification/Aliases Name'

2021-12-22 17:26:22 - [TEST_STEP][PASSED] - delay(2): Delayed 2 second(s)

2021-12-22 17:26:24 - [MESSAGE][PASSED] - Delayed 2 second(s)]]></system-out>
         <system-err><![CDATA[]]></system-err>
      </testcase>
      <testcase name="Test Cases/Sprint 5/FCSCMS-193/FCSCMS-1142-S5 (Click the Save button for the Basic Information tab)" time="4.467" classname="Test Cases/Sprint 5/FCSCMS-193/FCSCMS-1142-S5 (Click the Save button for the Basic Information tab)" status="PASSED">
         <system-out><![CDATA[2021-12-22 17:26:24 - [TEST_CASE][PASSED] - Test Cases/Sprint 5/FCSCMS-193/FCSCMS-1142-S5 (Click the Save button for the Basic Information tab): Test Cases/Sprint 5/FCSCMS-193/FCSCMS-1142-S5 (Click the Save button for the Basic Information tab)

2021-12-22 17:26:24 - [TEST_STEP][PASSED] - click(findTestObject("Admin/Sprint 5/AddNewClient/ButtonsNewXpath/button_Save")): Object: 'Object Repository/Admin/Sprint 5/AddNewClient/ButtonsNewXpath/button_Save' is clicked on

2021-12-22 17:26:24 - [MESSAGE][PASSED] - Object: 'Object Repository/Admin/Sprint 5/AddNewClient/ButtonsNewXpath/button_Save' is clicked on

2021-12-22 17:26:24 - [TEST_STEP][PASSED] - verifyElementVisible(findTestObject("Admin/Sprint 5/AddNewClient/ButtonsNewXpath/button_No(Save)")): Object 'Object Repository/Admin/Sprint 5/AddNewClient/ButtonsNewXpath/button_No(Save)' is visible

2021-12-22 17:26:25 - [MESSAGE][PASSED] - Object 'Object Repository/Admin/Sprint 5/AddNewClient/ButtonsNewXpath/button_No(Save)' is visible

2021-12-22 17:26:25 - [TEST_STEP][PASSED] - verifyElementVisible(findTestObject("Admin/Sprint 5/AddNewClient/ButtonsNewXpath/button_Yes(Save)")): Object 'Object Repository/Admin/Sprint 5/AddNewClient/ButtonsNewXpath/button_Yes(Save)' is visible

2021-12-22 17:26:25 - [MESSAGE][PASSED] - Object 'Object Repository/Admin/Sprint 5/AddNewClient/ButtonsNewXpath/button_Yes(Save)' is visible

2021-12-22 17:26:25 - [TEST_STEP][PASSED] - delay(3): Delayed 3 second(s)

2021-12-22 17:26:28 - [MESSAGE][PASSED] - Delayed 3 second(s)]]></system-out>
         <system-err><![CDATA[]]></system-err>
      </testcase>
      <testcase name="Test Cases/Sprint 5/FCSCMS-193/FCSCMS-1143-S5 (Click the Yes to confirm saving of all the Details)" time="2.683" classname="Test Cases/Sprint 5/FCSCMS-193/FCSCMS-1143-S5 (Click the Yes to confirm saving of all the Details)" status="PASSED">
         <system-out><![CDATA[2021-12-22 17:26:28 - [TEST_CASE][PASSED] - Test Cases/Sprint 5/FCSCMS-193/FCSCMS-1143-S5 (Click the Yes to confirm saving of all the Details): Test Cases/Sprint 5/FCSCMS-193/FCSCMS-1143-S5 (Click the Yes to confirm saving of all the Details)

2021-12-22 17:26:28 - [TEST_STEP][PASSED] - click(findTestObject("Admin/Sprint 5/AddNewClient/ButtonsNewXpath/button_Yes(Save)")): Object: 'Object Repository/Admin/Sprint 5/AddNewClient/ButtonsNewXpath/button_Yes(Save)' is clicked on

2021-12-22 17:26:29 - [MESSAGE][PASSED] - Object: 'Object Repository/Admin/Sprint 5/AddNewClient/ButtonsNewXpath/button_Yes(Save)' is clicked on

2021-12-22 17:26:29 - [TEST_STEP][PASSED] - delay(2): Delayed 2 second(s)

2021-12-22 17:26:31 - [MESSAGE][PASSED] - Delayed 2 second(s)]]></system-out>
         <system-err><![CDATA[]]></system-err>
      </testcase>
      <testcase name="Test Cases/Sprint 5/FCSCMS-193/FCSCMS-1144-S5 (Click the No button to terminate the saving of the details entered)" time="10.069" classname="Test Cases/Sprint 5/FCSCMS-193/FCSCMS-1144-S5 (Click the No button to terminate the saving of the details entered)" status="PASSED">
         <system-out><![CDATA[2021-12-22 17:26:31 - [TEST_CASE][PASSED] - Test Cases/Sprint 5/FCSCMS-193/FCSCMS-1144-S5 (Click the No button to terminate the saving of the details entered): Test Cases/Sprint 5/FCSCMS-193/FCSCMS-1144-S5 (Click the No button to terminate the saving of the details entered)

2021-12-22 17:26:31 - [TEST_STEP][PASSED] - click(findTestObject("Admin/Sprint 5/AddNewClient/span_Back")): Object: 'Object Repository/Admin/Sprint 5/AddNewClient/span_Back' is clicked on

2021-12-22 17:26:32 - [MESSAGE][PASSED] - Object: 'Object Repository/Admin/Sprint 5/AddNewClient/span_Back' is clicked on

2021-12-22 17:26:32 - [TEST_STEP][PASSED] - delay(2): Delayed 2 second(s)

2021-12-22 17:26:34 - [MESSAGE][PASSED] - Delayed 2 second(s)

2021-12-22 17:26:34 - [TEST_STEP][PASSED] - click(findTestObject("Admin/Sprint 5/AddNewClient/button_Add New Client")): Object: 'Object Repository/Admin/Sprint 5/AddNewClient/button_Add New Client' is clicked on

2021-12-22 17:26:34 - [MESSAGE][PASSED] - Object: 'Object Repository/Admin/Sprint 5/AddNewClient/button_Add New Client' is clicked on

2021-12-22 17:26:34 - [TEST_STEP][PASSED] - setText(findTestObject("Admin/Sprint 5/AddNewClient/Element Verification/input_Client Name_b10-Input_ClientName"), "Test Client Negative Path"): Text 'Test Client Negative Path' is set on object 'Object Repository/Admin/Sprint 5/AddNewClient/Element Verification/input_Client Name_b10-Input_ClientName'

2021-12-22 17:26:36 - [MESSAGE][PASSED] - Text 'Test Client Negative Path' is set on object 'Object Repository/Admin/Sprint 5/AddNewClient/Element Verification/input_Client Name_b10-Input_ClientName'

2021-12-22 17:26:36 - [TEST_STEP][PASSED] - delay(2): Delayed 2 second(s)

2021-12-22 17:26:38 - [MESSAGE][PASSED] - Delayed 2 second(s)

2021-12-22 17:26:38 - [TEST_STEP][PASSED] - click(findTestObject("Admin/Sprint 5/AddNewClient/ButtonsNewXpath/button_Save")): Object: 'Object Repository/Admin/Sprint 5/AddNewClient/ButtonsNewXpath/button_Save' is clicked on

2021-12-22 17:26:39 - [MESSAGE][PASSED] - Object: 'Object Repository/Admin/Sprint 5/AddNewClient/ButtonsNewXpath/button_Save' is clicked on

2021-12-22 17:26:39 - [TEST_STEP][PASSED] - delay(2): Delayed 2 second(s)

2021-12-22 17:26:41 - [MESSAGE][PASSED] - Delayed 2 second(s)

2021-12-22 17:26:41 - [TEST_STEP][PASSED] - click(findTestObject("Admin/Sprint 5/AddNewClient/ButtonsNewXpath/button_No(Save)")): Object: 'Object Repository/Admin/Sprint 5/AddNewClient/ButtonsNewXpath/button_No(Save)' is clicked on

2021-12-22 17:26:41 - [MESSAGE][PASSED] - Object: 'Object Repository/Admin/Sprint 5/AddNewClient/ButtonsNewXpath/button_No(Save)' is clicked on]]></system-out>
         <system-err><![CDATA[]]></system-err>
      </testcase>
      <testcase name="Test Cases/Sprint 5/FCSCMS-193/FCSCMS-1145-S5 (Click the Cancel button for the Basic Information tab)" time="4.65" classname="Test Cases/Sprint 5/FCSCMS-193/FCSCMS-1145-S5 (Click the Cancel button for the Basic Information tab)" status="PASSED">
         <system-out><![CDATA[2021-12-22 17:26:41 - [TEST_CASE][PASSED] - Test Cases/Sprint 5/FCSCMS-193/FCSCMS-1145-S5 (Click the Cancel button for the Basic Information tab): Test Cases/Sprint 5/FCSCMS-193/FCSCMS-1145-S5 (Click the Cancel button for the Basic Information tab)

2021-12-22 17:26:41 - [TEST_STEP][PASSED] - click(findTestObject("Admin/Sprint 5/AddNewClient/ButtonsNewXpath/button_Cancel")): Object: 'Object Repository/Admin/Sprint 5/AddNewClient/ButtonsNewXpath/button_Cancel' is clicked on

2021-12-22 17:26:42 - [MESSAGE][PASSED] - Object: 'Object Repository/Admin/Sprint 5/AddNewClient/ButtonsNewXpath/button_Cancel' is clicked on

2021-12-22 17:26:42 - [TEST_STEP][PASSED] - delay(2): Delayed 2 second(s)

2021-12-22 17:26:44 - [MESSAGE][PASSED] - Delayed 2 second(s)

2021-12-22 17:26:44 - [TEST_STEP][PASSED] - delay(2): Delayed 2 second(s)

2021-12-22 17:26:46 - [MESSAGE][PASSED] - Delayed 2 second(s)]]></system-out>
         <system-err><![CDATA[]]></system-err>
      </testcase>
      <testcase name="Test Cases/Sprint 5/FCSCMS-193/FCSCMS-1146-S5 (Click the Yes button from Cancel Confirmation modal" time="8.162" classname="Test Cases/Sprint 5/FCSCMS-193/FCSCMS-1146-S5 (Click the Yes button from Cancel Confirmation modal" status="PASSED">
         <system-out><![CDATA[2021-12-22 17:26:46 - [TEST_CASE][PASSED] - Test Cases/Sprint 5/FCSCMS-193/FCSCMS-1146-S5 (Click the Yes button from Cancel Confirmation modal: Test Cases/Sprint 5/FCSCMS-193/FCSCMS-1146-S5 (Click the Yes button from Cancel Confirmation modal

2021-12-22 17:26:46 - [TEST_STEP][PASSED] - click(findTestObject("Admin/Sprint 5/AddNewClient/ButtonsNewXpath/button_Yes(Cancel)")): Object: 'Object Repository/Admin/Sprint 5/AddNewClient/ButtonsNewXpath/button_Yes(Cancel)' is clicked on

2021-12-22 17:26:46 - [MESSAGE][PASSED] - Object: 'Object Repository/Admin/Sprint 5/AddNewClient/ButtonsNewXpath/button_Yes(Cancel)' is clicked on

2021-12-22 17:26:46 - [TEST_STEP][PASSED] - delay(2): Delayed 2 second(s)

2021-12-22 17:26:48 - [MESSAGE][PASSED] - Delayed 2 second(s)

2021-12-22 17:26:48 - [TEST_STEP][PASSED] - verifyElementVisible(findTestObject("Admin/Sprint 5/AddNewClient/Element Verification/AppLogo")): Object 'Object Repository/Admin/Sprint 5/AddNewClient/Element Verification/AppLogo' is visible

2021-12-22 17:26:49 - [MESSAGE][PASSED] - Object 'Object Repository/Admin/Sprint 5/AddNewClient/Element Verification/AppLogo' is visible

2021-12-22 17:26:49 - [TEST_STEP][PASSED] - delay(5): Delayed 5 second(s)

2021-12-22 17:26:54 - [MESSAGE][PASSED] - Delayed 5 second(s)]]></system-out>
         <system-err><![CDATA[]]></system-err>
      </testcase>
      <testcase name="Test Cases/Sprint 5/FCSCMS-193/FCSCMS-1147-S5 (Click the NO button from Cancel Confirmation modal)" time="15.861" classname="Test Cases/Sprint 5/FCSCMS-193/FCSCMS-1147-S5 (Click the NO button from Cancel Confirmation modal)" status="PASSED">
         <system-out><![CDATA[2021-12-22 17:26:54 - [TEST_CASE][PASSED] - Test Cases/Sprint 5/FCSCMS-193/FCSCMS-1147-S5 (Click the NO button from Cancel Confirmation modal): Test Cases/Sprint 5/FCSCMS-193/FCSCMS-1147-S5 (Click the NO button from Cancel Confirmation modal)

2021-12-22 17:26:54 - [TEST_STEP][PASSED] - click(findTestObject("Admin/Sprint 5/AddNewClient/button_Add New Client")): Object: 'Object Repository/Admin/Sprint 5/AddNewClient/button_Add New Client' is clicked on

2021-12-22 17:26:54 - [MESSAGE][PASSED] - Object: 'Object Repository/Admin/Sprint 5/AddNewClient/button_Add New Client' is clicked on

2021-12-22 17:26:54 - [TEST_STEP][PASSED] - delay(1): Delayed 1 second(s)

2021-12-22 17:26:55 - [MESSAGE][PASSED] - Delayed 1 second(s)

2021-12-22 17:26:55 - [TEST_STEP][PASSED] - setText(findTestObject("Admin/Sprint 5/Clients/EditClientXpathNew/input_Client Name_b10-Input_ClientName"), "Test Client Automation A"): Text 'Test Client Automation A' is set on object 'Object Repository/Admin/Sprint 5/Clients/EditClientXpathNew/input_Client Name_b10-Input_ClientName'

2021-12-22 17:26:57 - [MESSAGE][PASSED] - Text 'Test Client Automation A' is set on object 'Object Repository/Admin/Sprint 5/Clients/EditClientXpathNew/input_Client Name_b10-Input_ClientName'

2021-12-22 17:26:57 - [TEST_STEP][PASSED] - delay(1): Delayed 1 second(s)

2021-12-22 17:26:58 - [MESSAGE][PASSED] - Delayed 1 second(s)

2021-12-22 17:26:58 - [TEST_STEP][PASSED] - selectOptionByLabel(findTestObject("Admin/Sprint 5/Clients/EditClientXpathNew/StatusDropdownNew"), "Active", false): All options with label 'Active' are selected in object 'Object Repository/Admin/Sprint 5/Clients/EditClientXpathNew/StatusDropdownNew' 

2021-12-22 17:26:58 - [MESSAGE][PASSED] - All options with label 'Active' are selected in object 'Object Repository/Admin/Sprint 5/Clients/EditClientXpathNew/StatusDropdownNew' 

2021-12-22 17:26:58 - [TEST_STEP][PASSED] - delay(1): Delayed 1 second(s)

2021-12-22 17:26:59 - [MESSAGE][PASSED] - Delayed 1 second(s)

2021-12-22 17:26:59 - [TEST_STEP][PASSED] - setText(findTestObject("Admin/Sprint 5/Clients/EditClientXpathNew/input_Business Details_b10-Input_BusinessDetails"), "AT BD A"): Text 'AT BD A' is set on object 'Object Repository/Admin/Sprint 5/Clients/EditClientXpathNew/input_Business Details_b10-Input_BusinessDetails'

2021-12-22 17:27:00 - [MESSAGE][PASSED] - Text 'AT BD A' is set on object 'Object Repository/Admin/Sprint 5/Clients/EditClientXpathNew/input_Business Details_b10-Input_BusinessDetails'

2021-12-22 17:27:00 - [TEST_STEP][PASSED] - delay(1): Delayed 1 second(s)

2021-12-22 17:27:01 - [MESSAGE][PASSED] - Delayed 1 second(s)

2021-12-22 17:27:01 - [TEST_STEP][PASSED] - setText(findTestObject("Admin/Sprint 5/Clients/EditClientXpathNew/input_IRS Number_b10-Input_IRSNumber"), "1222333"): Text '1222333' is set on object 'Object Repository/Admin/Sprint 5/Clients/EditClientXpathNew/input_IRS Number_b10-Input_IRSNumber'

2021-12-22 17:27:02 - [MESSAGE][PASSED] - Text '1222333' is set on object 'Object Repository/Admin/Sprint 5/Clients/EditClientXpathNew/input_IRS Number_b10-Input_IRSNumber'

2021-12-22 17:27:02 - [TEST_STEP][PASSED] - delay(1): Delayed 1 second(s)

2021-12-22 17:27:03 - [MESSAGE][PASSED] - Delayed 1 second(s)

2021-12-22 17:27:03 - [TEST_STEP][PASSED] - click(findTestObject("Admin/Sprint 5/AddNewClient/ButtonsNewXpath/button_Save")): Object: 'Object Repository/Admin/Sprint 5/AddNewClient/ButtonsNewXpath/button_Save' is clicked on

2021-12-22 17:27:03 - [MESSAGE][PASSED] - Object: 'Object Repository/Admin/Sprint 5/AddNewClient/ButtonsNewXpath/button_Save' is clicked on

2021-12-22 17:27:03 - [TEST_STEP][PASSED] - delay(2): Delayed 2 second(s)

2021-12-22 17:27:05 - [MESSAGE][PASSED] - Delayed 2 second(s)

2021-12-22 17:27:05 - [TEST_STEP][PASSED] - click(findTestObject("Admin/Sprint 5/AddNewClient/ButtonsNewXpath/button_No(Save)")): Object: 'Object Repository/Admin/Sprint 5/AddNewClient/ButtonsNewXpath/button_No(Save)' is clicked on

2021-12-22 17:27:06 - [MESSAGE][PASSED] - Object: 'Object Repository/Admin/Sprint 5/AddNewClient/ButtonsNewXpath/button_No(Save)' is clicked on

2021-12-22 17:27:06 - [TEST_STEP][PASSED] - delay(2): Delayed 2 second(s)

2021-12-22 17:27:08 - [MESSAGE][PASSED] - Delayed 2 second(s)

2021-12-22 17:27:08 - [TEST_STEP][PASSED] - verifyElementVisible(findTestObject("Admin/Sprint 5/AddNewClient/ClientDashboardNew")): Object 'Object Repository/Admin/Sprint 5/AddNewClient/ClientDashboardNew' is visible

2021-12-22 17:27:08 - [MESSAGE][PASSED] - Object 'Object Repository/Admin/Sprint 5/AddNewClient/ClientDashboardNew' is visible

2021-12-22 17:27:08 - [TEST_STEP][PASSED] - delay(1): Delayed 1 second(s)

2021-12-22 17:27:09 - [MESSAGE][PASSED] - Delayed 1 second(s)

2021-12-22 17:27:09 - [TEST_STEP][PASSED] - click(findTestObject("Admin/Sprint 5/AddNewClient/span_Back")): Object: 'Object Repository/Admin/Sprint 5/AddNewClient/span_Back' is clicked on

2021-12-22 17:27:10 - [MESSAGE][PASSED] - Object: 'Object Repository/Admin/Sprint 5/AddNewClient/span_Back' is clicked on]]></system-out>
         <system-err><![CDATA[]]></system-err>
      </testcase>
      <testcase name="Test Cases/Sprint 5/FCSCMS-193/FCSCMS-1148-S5 (The user can click the Sites tab)" time="11.554" classname="Test Cases/Sprint 5/FCSCMS-193/FCSCMS-1148-S5 (The user can click the Sites tab)" status="PASSED">
         <system-out><![CDATA[2021-12-22 17:27:10 - [TEST_CASE][PASSED] - Test Cases/Sprint 5/FCSCMS-193/FCSCMS-1148-S5 (The user can click the Sites tab): Test Cases/Sprint 5/FCSCMS-193/FCSCMS-1148-S5 (The user can click the Sites tab)

2021-12-22 17:27:10 - [TEST_STEP][PASSED] - click(findTestObject("Admin/Sprint 5/AddNewClient/button_Add New Client")): Object: 'Object Repository/Admin/Sprint 5/AddNewClient/button_Add New Client' is clicked on

2021-12-22 17:27:11 - [MESSAGE][PASSED] - Object: 'Object Repository/Admin/Sprint 5/AddNewClient/button_Add New Client' is clicked on

2021-12-22 17:27:11 - [TEST_STEP][PASSED] - delay(1): Delayed 1 second(s)

2021-12-22 17:27:12 - [MESSAGE][PASSED] - Delayed 1 second(s)

2021-12-22 17:27:12 - [TEST_STEP][PASSED] - setText(findTestObject("Admin/Sprint 5/Clients/EditClientXpathNew/input_Client Name_b10-Input_ClientName"), "Test Client Automation A"): Text 'Test Client Automation A' is set on object 'Object Repository/Admin/Sprint 5/Clients/EditClientXpathNew/input_Client Name_b10-Input_ClientName'

2021-12-22 17:27:13 - [MESSAGE][PASSED] - Text 'Test Client Automation A' is set on object 'Object Repository/Admin/Sprint 5/Clients/EditClientXpathNew/input_Client Name_b10-Input_ClientName'

2021-12-22 17:27:13 - [TEST_STEP][PASSED] - delay(1): Delayed 1 second(s)

2021-12-22 17:27:14 - [MESSAGE][PASSED] - Delayed 1 second(s)

2021-12-22 17:27:14 - [TEST_STEP][PASSED] - selectOptionByLabel(findTestObject("Admin/Sprint 5/Clients/EditClientXpathNew/StatusDropdownNew"), "Active", false): All options with label 'Active' are selected in object 'Object Repository/Admin/Sprint 5/Clients/EditClientXpathNew/StatusDropdownNew' 

2021-12-22 17:27:15 - [MESSAGE][PASSED] - All options with label 'Active' are selected in object 'Object Repository/Admin/Sprint 5/Clients/EditClientXpathNew/StatusDropdownNew' 

2021-12-22 17:27:15 - [TEST_STEP][PASSED] - delay(1): Delayed 1 second(s)

2021-12-22 17:27:16 - [MESSAGE][PASSED] - Delayed 1 second(s)

2021-12-22 17:27:16 - [TEST_STEP][PASSED] - click(findTestObject("Admin/Sprint 5/AddNewClient/ButtonsNewXpath/button_Save")): Object: 'Object Repository/Admin/Sprint 5/AddNewClient/ButtonsNewXpath/button_Save' is clicked on

2021-12-22 17:27:16 - [MESSAGE][PASSED] - Object: 'Object Repository/Admin/Sprint 5/AddNewClient/ButtonsNewXpath/button_Save' is clicked on

2021-12-22 17:27:16 - [TEST_STEP][PASSED] - delay(1): Delayed 1 second(s)

2021-12-22 17:27:17 - [MESSAGE][PASSED] - Delayed 1 second(s)

2021-12-22 17:27:17 - [TEST_STEP][PASSED] - click(findTestObject("Admin/Sprint 5/AddNewClient/ButtonsNewXpath/button_Yes(Save)")): Object: 'Object Repository/Admin/Sprint 5/AddNewClient/ButtonsNewXpath/button_Yes(Save)' is clicked on

2021-12-22 17:27:17 - [MESSAGE][PASSED] - Object: 'Object Repository/Admin/Sprint 5/AddNewClient/ButtonsNewXpath/button_Yes(Save)' is clicked on

2021-12-22 17:27:17 - [TEST_STEP][PASSED] - delay(1): Delayed 1 second(s)

2021-12-22 17:27:18 - [MESSAGE][PASSED] - Delayed 1 second(s)

2021-12-22 17:27:18 - [TEST_STEP][PASSED] - click(findTestObject("Admin/Sprint 5/Clients/Sites/div_Sites")): Object: 'Object Repository/Admin/Sprint 5/Clients/Sites/div_Sites' is clicked on

2021-12-22 17:27:19 - [MESSAGE][PASSED] - Object: 'Object Repository/Admin/Sprint 5/Clients/Sites/div_Sites' is clicked on

2021-12-22 17:27:19 - [TEST_STEP][PASSED] - delay(2): Delayed 2 second(s)

2021-12-22 17:27:21 - [MESSAGE][PASSED] - Delayed 2 second(s)]]></system-out>
         <system-err><![CDATA[]]></system-err>
      </testcase>
      <testcase name="Test Cases/Sprint 5/FCSCMS-193/FCSCMS-1149-S5 (The user can add a new site)" time="31.513" classname="Test Cases/Sprint 5/FCSCMS-193/FCSCMS-1149-S5 (The user can add a new site)" status="FAILED">
         <failure type="FAILED" message="Test Cases/Sprint 5/FCSCMS-193/FCSCMS-1149-S5 (The user can add a new site) FAILED.
Reason:
com.kms.katalon.core.exception.StepFailedException: Unable to set text 'Test SiteCode AT' of object 'Object Repository/Admin/Sprint 5/Clients/Sites/SiteCode'
	at com.kms.katalon.core.webui.keyword.internal.WebUIKeywordMain.stepFailed(WebUIKeywordMain.groovy:64)
	at com.kms.katalon.core.webui.keyword.internal.WebUIKeywordMain.runKeyword(WebUIKeywordMain.groovy:26)
	at com.kms.katalon.core.webui.keyword.builtin.SetTextKeyword.setText(SetTextKeyword.groovy:66)
	at com.kms.katalon.core.webui.keyword.builtin.SetTextKeyword.execute(SetTextKeyword.groovy:37)
	at com.kms.katalon.core.keyword.internal.KeywordExecutor.executeKeywordForPlatform(KeywordExecutor.groovy:73)
	at com.kms.katalon.core.webui.keyword.WebUiBuiltInKeywords.setText(WebUiBuiltInKeywords.groovy:977)
	at com.kms.katalon.core.webui.keyword.WebUiBuiltInKeywords$setText$2.call(Unknown Source)
	at FCSCMS-1149-S5 (The user can add a new site).run(FCSCMS-1149-S5 (The user can add a new site):19)
	at com.kms.katalon.core.main.ScriptEngine.run(ScriptEngine.java:194)
	at com.kms.katalon.core.main.ScriptEngine.runScriptAsRawText(ScriptEngine.java:119)
	at com.kms.katalon.core.main.TestCaseExecutor.runScript(TestCaseExecutor.java:339)
	at com.kms.katalon.core.main.TestCaseExecutor.doExecute(TestCaseExecutor.java:330)
	at com.kms.katalon.core.main.TestCaseExecutor.processExecutionPhase(TestCaseExecutor.java:309)
	at com.kms.katalon.core.main.TestCaseExecutor.accessMainPhase(TestCaseExecutor.java:301)
	at com.kms.katalon.core.main.TestCaseExecutor.execute(TestCaseExecutor.java:235)
	at com.kms.katalon.core.main.TestSuiteExecutor.accessTestCaseMainPhase(TestSuiteExecutor.java:191)
	at com.kms.katalon.core.main.TestSuiteExecutor.accessTestSuiteMainPhase(TestSuiteExecutor.java:141)
	at com.kms.katalon.core.main.TestSuiteExecutor.execute(TestSuiteExecutor.java:90)
	at com.kms.katalon.core.main.TestCaseMain.startTestSuite(TestCaseMain.java:157)
	at com.kms.katalon.core.main.TestCaseMain$startTestSuite$0.call(Unknown Source)
	at TempTestSuite1640165097978.run(TempTestSuite1640165097978.groovy:39)
Caused by: com.kms.katalon.core.webui.exception.WebElementNotFoundException: Web element with id: 'Object Repository/Admin/Sprint 5/Clients/Sites/SiteCode' located by '//input[@id='b12-b8-Input_SiteCode']' not found
	at com.kms.katalon.core.webui.common.WebUiCommonHelper.findWebElement(WebUiCommonHelper.java:1368)
	at com.kms.katalon.core.webui.keyword.internal.WebUIAbstractKeyword.findWebElement(WebUIAbstractKeyword.groovy:27)
	at com.kms.katalon.core.webui.keyword.internal.WebUIAbstractKeyword.findWebElement(WebUIAbstractKeyword.groovy:26)
	at com.kms.katalon.core.webui.keyword.builtin.SetTextKeyword$_setText_closure1.doCall(SetTextKeyword.groovy:51)
	at com.kms.katalon.core.webui.keyword.builtin.SetTextKeyword$_setText_closure1.call(SetTextKeyword.groovy)
	at com.kms.katalon.core.webui.keyword.internal.WebUIKeywordMain.runKeyword(WebUIKeywordMain.groovy:20)
	... 19 more
"/>
         <system-out><![CDATA[2021-12-22 17:27:21 - [TEST_CASE][FAILED] - Test Cases/Sprint 5/FCSCMS-193/FCSCMS-1149-S5 (The user can add a new site): Test Cases/Sprint 5/FCSCMS-193/FCSCMS-1149-S5 (The user can add a new site) FAILED.
Reason:
com.kms.katalon.core.exception.StepFailedException: Unable to set text 'Test SiteCode AT' of object 'Object Repository/Admin/Sprint 5/Clients/Sites/SiteCode'
	at com.kms.katalon.core.webui.keyword.internal.WebUIKeywordMain.stepFailed(WebUIKeywordMain.groovy:64)
	at com.kms.katalon.core.webui.keyword.internal.WebUIKeywordMain.runKeyword(WebUIKeywordMain.groovy:26)
	at com.kms.katalon.core.webui.keyword.builtin.SetTextKeyword.setText(SetTextKeyword.groovy:66)
	at com.kms.katalon.core.webui.keyword.builtin.SetTextKeyword.execute(SetTextKeyword.groovy:37)
	at com.kms.katalon.core.keyword.internal.KeywordExecutor.executeKeywordForPlatform(KeywordExecutor.groovy:73)
	at com.kms.katalon.core.webui.keyword.WebUiBuiltInKeywords.setText(WebUiBuiltInKeywords.groovy:977)
	at com.kms.katalon.core.webui.keyword.WebUiBuiltInKeywords$setText$2.call(Unknown Source)
	at FCSCMS-1149-S5 (The user can add a new site).run(FCSCMS-1149-S5 (The user can add a new site):19)
	at com.kms.katalon.core.main.ScriptEngine.run(ScriptEngine.java:194)
	at com.kms.katalon.core.main.ScriptEngine.runScriptAsRawText(ScriptEngine.java:119)
	at com.kms.katalon.core.main.TestCaseExecutor.runScript(TestCaseExecutor.java:339)
	at com.kms.katalon.core.main.TestCaseExecutor.doExecute(TestCaseExecutor.java:330)
	at com.kms.katalon.core.main.TestCaseExecutor.processExecutionPhase(TestCaseExecutor.java:309)
	at com.kms.katalon.core.main.TestCaseExecutor.accessMainPhase(TestCaseExecutor.java:301)
	at com.kms.katalon.core.main.TestCaseExecutor.execute(TestCaseExecutor.java:235)
	at com.kms.katalon.core.main.TestSuiteExecutor.accessTestCaseMainPhase(TestSuiteExecutor.java:191)
	at com.kms.katalon.core.main.TestSuiteExecutor.accessTestSuiteMainPhase(TestSuiteExecutor.java:141)
	at com.kms.katalon.core.main.TestSuiteExecutor.execute(TestSuiteExecutor.java:90)
	at com.kms.katalon.core.main.TestCaseMain.startTestSuite(TestCaseMain.java:157)
	at com.kms.katalon.core.main.TestCaseMain$startTestSuite$0.call(Unknown Source)
	at TempTestSuite1640165097978.run(TempTestSuite1640165097978.groovy:39)
Caused by: com.kms.katalon.core.webui.exception.WebElementNotFoundException: Web element with id: 'Object Repository/Admin/Sprint 5/Clients/Sites/SiteCode' located by '//input[@id='b12-b8-Input_SiteCode']' not found
	at com.kms.katalon.core.webui.common.WebUiCommonHelper.findWebElement(WebUiCommonHelper.java:1368)
	at com.kms.katalon.core.webui.keyword.internal.WebUIAbstractKeyword.findWebElement(WebUIAbstractKeyword.groovy:27)
	at com.kms.katalon.core.webui.keyword.internal.WebUIAbstractKeyword.findWebElement(WebUIAbstractKeyword.groovy:26)
	at com.kms.katalon.core.webui.keyword.builtin.SetTextKeyword$_setText_closure1.doCall(SetTextKeyword.groovy:51)
	at com.kms.katalon.core.webui.keyword.builtin.SetTextKeyword$_setText_closure1.call(SetTextKeyword.groovy)
	at com.kms.katalon.core.webui.keyword.internal.WebUIKeywordMain.runKeyword(WebUIKeywordMain.groovy:20)
	... 19 more


2021-12-22 17:27:21 - [TEST_STEP][FAILED] - setText(findTestObject("Admin/Sprint 5/Clients/Sites/SiteCode"), "Test SiteCode AT"): Unable to set text 'Test SiteCode AT' of object 'Object Repository/Admin/Sprint 5/Clients/Sites/SiteCode' (Root cause: com.kms.katalon.core.exception.StepFailedException: Unable to set text 'Test SiteCode AT' of object 'Object Repository/Admin/Sprint 5/Clients/Sites/SiteCode'
	at com.kms.katalon.core.webui.keyword.internal.WebUIKeywordMain.stepFailed(WebUIKeywordMain.groovy:64)
	at com.kms.katalon.core.webui.keyword.internal.WebUIKeywordMain.runKeyword(WebUIKeywordMain.groovy:26)
	at com.kms.katalon.core.webui.keyword.builtin.SetTextKeyword.setText(SetTextKeyword.groovy:66)
	at com.kms.katalon.core.webui.keyword.builtin.SetTextKeyword.execute(SetTextKeyword.groovy:37)
	at com.kms.katalon.core.keyword.internal.KeywordExecutor.executeKeywordForPlatform(KeywordExecutor.groovy:73)
	at com.kms.katalon.core.webui.keyword.WebUiBuiltInKeywords.setText(WebUiBuiltInKeywords.groovy:977)
	at com.kms.katalon.core.webui.keyword.WebUiBuiltInKeywords$setText$2.call(Unknown Source)
	at FCSCMS-1149-S5 (The user can add a new site).run(FCSCMS-1149-S5 (The user can add a new site):19)
	at com.kms.katalon.core.main.ScriptEngine.run(ScriptEngine.java:194)
	at com.kms.katalon.core.main.ScriptEngine.runScriptAsRawText(ScriptEngine.java:119)
	at com.kms.katalon.core.main.TestCaseExecutor.runScript(TestCaseExecutor.java:339)
	at com.kms.katalon.core.main.TestCaseExecutor.doExecute(TestCaseExecutor.java:330)
	at com.kms.katalon.core.main.TestCaseExecutor.processExecutionPhase(TestCaseExecutor.java:309)
	at com.kms.katalon.core.main.TestCaseExecutor.accessMainPhase(TestCaseExecutor.java:301)
	at com.kms.katalon.core.main.TestCaseExecutor.execute(TestCaseExecutor.java:235)
	at com.kms.katalon.core.main.TestSuiteExecutor.accessTestCaseMainPhase(TestSuiteExecutor.java:191)
	at com.kms.katalon.core.main.TestSuiteExecutor.accessTestSuiteMainPhase(TestSuiteExecutor.java:141)
	at com.kms.katalon.core.main.TestSuiteExecutor.execute(TestSuiteExecutor.java:90)
	at com.kms.katalon.core.main.TestCaseMain.startTestSuite(TestCaseMain.java:157)
	at com.kms.katalon.core.main.TestCaseMain$startTestSuite$0.call(Unknown Source)
	at TempTestSuite1640165097978.run(TempTestSuite1640165097978.groovy:39)
Caused by: com.kms.katalon.core.webui.exception.WebElementNotFoundException: Web element with id: 'Object Repository/Admin/Sprint 5/Clients/Sites/SiteCode' located by '//input[@id='b12-b8-Input_SiteCode']' not found
	at com.kms.katalon.core.webui.common.WebUiCommonHelper.findWebElement(WebUiCommonHelper.java:1368)
	at com.kms.katalon.core.webui.keyword.internal.WebUIAbstractKeyword.findWebElement(WebUIAbstractKeyword.groovy:27)
	at com.kms.katalon.core.webui.keyword.internal.WebUIAbstractKeyword.findWebElement(WebUIAbstractKeyword.groovy:26)
	at com.kms.katalon.core.webui.keyword.builtin.SetTextKeyword$_setText_closure1.doCall(SetTextKeyword.groovy:51)
	at com.kms.katalon.core.webui.keyword.builtin.SetTextKeyword$_setText_closure1.call(SetTextKeyword.groovy)
	at com.kms.katalon.core.webui.keyword.internal.WebUIKeywordMain.runKeyword(WebUIKeywordMain.groovy:20)
	at com.kms.katalon.core.webui.keyword.builtin.SetTextKeyword.setText(SetTextKeyword.groovy:66)
	at com.kms.katalon.core.webui.keyword.builtin.SetTextKeyword.execute(SetTextKeyword.groovy:37)
	at com.kms.katalon.core.keyword.internal.KeywordExecutor.executeKeywordForPlatform(KeywordExecutor.groovy:73)
	at com.kms.katalon.core.webui.keyword.WebUiBuiltInKeywords.setText(WebUiBuiltInKeywords.groovy:977)
	at com.kms.katalon.core.webui.keyword.WebUiBuiltInKeywords$setText$2.call(Unknown Source)
	at Script1640164332616.run(Script1640164332616.groovy:19)
	... 13 more
)

2021-12-22 17:27:52 - [MESSAGE][INFO] - Unable to find the element located by 'By.xpath: //input[@id='b12-b8-Input_SiteCode']'. Please recheck the objects properties to make sure the desired element is located. 

2021-12-22 17:27:53 - [MESSAGE][FAILED] - Unable to set text 'Test SiteCode AT' of object 'Object Repository/Admin/Sprint 5/Clients/Sites/SiteCode' (Root cause: com.kms.katalon.core.exception.StepFailedException: Unable to set text 'Test SiteCode AT' of object 'Object Repository/Admin/Sprint 5/Clients/Sites/SiteCode'
	at com.kms.katalon.core.webui.keyword.internal.WebUIKeywordMain.stepFailed(WebUIKeywordMain.groovy:64)
	at com.kms.katalon.core.webui.keyword.internal.WebUIKeywordMain.runKeyword(WebUIKeywordMain.groovy:26)
	at com.kms.katalon.core.webui.keyword.builtin.SetTextKeyword.setText(SetTextKeyword.groovy:66)
	at com.kms.katalon.core.webui.keyword.builtin.SetTextKeyword.execute(SetTextKeyword.groovy:37)
	at com.kms.katalon.core.keyword.internal.KeywordExecutor.executeKeywordForPlatform(KeywordExecutor.groovy:73)
	at com.kms.katalon.core.webui.keyword.WebUiBuiltInKeywords.setText(WebUiBuiltInKeywords.groovy:977)
	at com.kms.katalon.core.webui.keyword.WebUiBuiltInKeywords$setText$2.call(Unknown Source)
	at FCSCMS-1149-S5 (The user can add a new site).run(FCSCMS-1149-S5 (The user can add a new site):19)
	at com.kms.katalon.core.main.ScriptEngine.run(ScriptEngine.java:194)
	at com.kms.katalon.core.main.ScriptEngine.runScriptAsRawText(ScriptEngine.java:119)
	at com.kms.katalon.core.main.TestCaseExecutor.runScript(TestCaseExecutor.java:339)
	at com.kms.katalon.core.main.TestCaseExecutor.doExecute(TestCaseExecutor.java:330)
	at com.kms.katalon.core.main.TestCaseExecutor.processExecutionPhase(TestCaseExecutor.java:309)
	at com.kms.katalon.core.main.TestCaseExecutor.accessMainPhase(TestCaseExecutor.java:301)
	at com.kms.katalon.core.main.TestCaseExecutor.execute(TestCaseExecutor.java:235)
	at com.kms.katalon.core.main.TestSuiteExecutor.accessTestCaseMainPhase(TestSuiteExecutor.java:191)
	at com.kms.katalon.core.main.TestSuiteExecutor.accessTestSuiteMainPhase(TestSuiteExecutor.java:141)
	at com.kms.katalon.core.main.TestSuiteExecutor.execute(TestSuiteExecutor.java:90)
	at com.kms.katalon.core.main.TestCaseMain.startTestSuite(TestCaseMain.java:157)
	at com.kms.katalon.core.main.TestCaseMain$startTestSuite$0.call(Unknown Source)
	at TempTestSuite1640165097978.run(TempTestSuite1640165097978.groovy:39)
Caused by: com.kms.katalon.core.webui.exception.WebElementNotFoundException: Web element with id: 'Object Repository/Admin/Sprint 5/Clients/Sites/SiteCode' located by '//input[@id='b12-b8-Input_SiteCode']' not found
	at com.kms.katalon.core.webui.common.WebUiCommonHelper.findWebElement(WebUiCommonHelper.java:1368)
	at com.kms.katalon.core.webui.keyword.internal.WebUIAbstractKeyword.findWebElement(WebUIAbstractKeyword.groovy:27)
	at com.kms.katalon.core.webui.keyword.internal.WebUIAbstractKeyword.findWebElement(WebUIAbstractKeyword.groovy:26)
	at com.kms.katalon.core.webui.keyword.builtin.SetTextKeyword$_setText_closure1.doCall(SetTextKeyword.groovy:51)
	at com.kms.katalon.core.webui.keyword.builtin.SetTextKeyword$_setText_closure1.call(SetTextKeyword.groovy)
	at com.kms.katalon.core.webui.keyword.internal.WebUIKeywordMain.runKeyword(WebUIKeywordMain.groovy:20)
	at com.kms.katalon.core.webui.keyword.builtin.SetTextKeyword.setText(SetTextKeyword.groovy:66)
	at com.kms.katalon.core.webui.keyword.builtin.SetTextKeyword.execute(SetTextKeyword.groovy:37)
	at com.kms.katalon.core.keyword.internal.KeywordExecutor.executeKeywordForPlatform(KeywordExecutor.groovy:73)
	at com.kms.katalon.core.webui.keyword.WebUiBuiltInKeywords.setText(WebUiBuiltInKeywords.groovy:977)
	at com.kms.katalon.core.webui.keyword.WebUiBuiltInKeywords$setText$2.call(Unknown Source)
	at Script1640164332616.run(Script1640164332616.groovy:19)
	... 13 more
)
[[ATTACHMENT|C:\\Users\\me\\git\\nexterous-automation\\Reports\\20211222_172456\\Sprint 5\\FCSCMS-193 (Organizations - Client Profile - Add New Client)\\20211222_172457\\1640165273000.png]]]]></system-out>
         <system-err><![CDATA[2021-12-22 17:27:21 - [TEST_CASE][FAILED] - Test Cases/Sprint 5/FCSCMS-193/FCSCMS-1149-S5 (The user can add a new site): Test Cases/Sprint 5/FCSCMS-193/FCSCMS-1149-S5 (The user can add a new site) FAILED.
Reason:
com.kms.katalon.core.exception.StepFailedException: Unable to set text 'Test SiteCode AT' of object 'Object Repository/Admin/Sprint 5/Clients/Sites/SiteCode'
	at com.kms.katalon.core.webui.keyword.internal.WebUIKeywordMain.stepFailed(WebUIKeywordMain.groovy:64)
	at com.kms.katalon.core.webui.keyword.internal.WebUIKeywordMain.runKeyword(WebUIKeywordMain.groovy:26)
	at com.kms.katalon.core.webui.keyword.builtin.SetTextKeyword.setText(SetTextKeyword.groovy:66)
	at com.kms.katalon.core.webui.keyword.builtin.SetTextKeyword.execute(SetTextKeyword.groovy:37)
	at com.kms.katalon.core.keyword.internal.KeywordExecutor.executeKeywordForPlatform(KeywordExecutor.groovy:73)
	at com.kms.katalon.core.webui.keyword.WebUiBuiltInKeywords.setText(WebUiBuiltInKeywords.groovy:977)
	at com.kms.katalon.core.webui.keyword.WebUiBuiltInKeywords$setText$2.call(Unknown Source)
	at FCSCMS-1149-S5 (The user can add a new site).run(FCSCMS-1149-S5 (The user can add a new site):19)
	at com.kms.katalon.core.main.ScriptEngine.run(ScriptEngine.java:194)
	at com.kms.katalon.core.main.ScriptEngine.runScriptAsRawText(ScriptEngine.java:119)
	at com.kms.katalon.core.main.TestCaseExecutor.runScript(TestCaseExecutor.java:339)
	at com.kms.katalon.core.main.TestCaseExecutor.doExecute(TestCaseExecutor.java:330)
	at com.kms.katalon.core.main.TestCaseExecutor.processExecutionPhase(TestCaseExecutor.java:309)
	at com.kms.katalon.core.main.TestCaseExecutor.accessMainPhase(TestCaseExecutor.java:301)
	at com.kms.katalon.core.main.TestCaseExecutor.execute(TestCaseExecutor.java:235)
	at com.kms.katalon.core.main.TestSuiteExecutor.accessTestCaseMainPhase(TestSuiteExecutor.java:191)
	at com.kms.katalon.core.main.TestSuiteExecutor.accessTestSuiteMainPhase(TestSuiteExecutor.java:141)
	at com.kms.katalon.core.main.TestSuiteExecutor.execute(TestSuiteExecutor.java:90)
	at com.kms.katalon.core.main.TestCaseMain.startTestSuite(TestCaseMain.java:157)
	at com.kms.katalon.core.main.TestCaseMain$startTestSuite$0.call(Unknown Source)
	at TempTestSuite1640165097978.run(TempTestSuite1640165097978.groovy:39)
Caused by: com.kms.katalon.core.webui.exception.WebElementNotFoundException: Web element with id: 'Object Repository/Admin/Sprint 5/Clients/Sites/SiteCode' located by '//input[@id='b12-b8-Input_SiteCode']' not found
	at com.kms.katalon.core.webui.common.WebUiCommonHelper.findWebElement(WebUiCommonHelper.java:1368)
	at com.kms.katalon.core.webui.keyword.internal.WebUIAbstractKeyword.findWebElement(WebUIAbstractKeyword.groovy:27)
	at com.kms.katalon.core.webui.keyword.internal.WebUIAbstractKeyword.findWebElement(WebUIAbstractKeyword.groovy:26)
	at com.kms.katalon.core.webui.keyword.builtin.SetTextKeyword$_setText_closure1.doCall(SetTextKeyword.groovy:51)
	at com.kms.katalon.core.webui.keyword.builtin.SetTextKeyword$_setText_closure1.call(SetTextKeyword.groovy)
	at com.kms.katalon.core.webui.keyword.internal.WebUIKeywordMain.runKeyword(WebUIKeywordMain.groovy:20)
	... 19 more]]></system-err>
      </testcase>
      <system-out><![CDATA[2021-12-22 17:25:15 - [TEST_SUITE][FAILED] - FCSCMS-193 (Organizations - Client Profile - Add New Client): Test Cases/Sprint 5/FCSCMS-193/FCSCMS-1149-S5 (The user can add a new site) FAILED.
Reason:
com.kms.katalon.core.exception.StepFailedException: Unable to set text 'Test SiteCode AT' of object 'Object Repository/Admin/Sprint 5/Clients/Sites/SiteCode'
	at com.kms.katalon.core.webui.keyword.internal.WebUIKeywordMain.stepFailed(WebUIKeywordMain.groovy:64)
	at com.kms.katalon.core.webui.keyword.internal.WebUIKeywordMain.runKeyword(WebUIKeywordMain.groovy:26)
	at com.kms.katalon.core.webui.keyword.builtin.SetTextKeyword.setText(SetTextKeyword.groovy:66)
	at com.kms.katalon.core.webui.keyword.builtin.SetTextKeyword.execute(SetTextKeyword.groovy:37)
	at com.kms.katalon.core.keyword.internal.KeywordExecutor.executeKeywordForPlatform(KeywordExecutor.groovy:73)
	at com.kms.katalon.core.webui.keyword.WebUiBuiltInKeywords.setText(WebUiBuiltInKeywords.groovy:977)
	at com.kms.katalon.core.webui.keyword.WebUiBuiltInKeywords$setText$2.call(Unknown Source)
	at FCSCMS-1149-S5 (The user can add a new site).run(FCSCMS-1149-S5 (The user can add a new site):19)
	at com.kms.katalon.core.main.ScriptEngine.run(ScriptEngine.java:194)
	at com.kms.katalon.core.main.ScriptEngine.runScriptAsRawText(ScriptEngine.java:119)
	at com.kms.katalon.core.main.TestCaseExecutor.runScript(TestCaseExecutor.java:339)
	at com.kms.katalon.core.main.TestCaseExecutor.doExecute(TestCaseExecutor.java:330)
	at com.kms.katalon.core.main.TestCaseExecutor.processExecutionPhase(TestCaseExecutor.java:309)
	at com.kms.katalon.core.main.TestCaseExecutor.accessMainPhase(TestCaseExecutor.java:301)
	at com.kms.katalon.core.main.TestCaseExecutor.execute(TestCaseExecutor.java:235)
	at com.kms.katalon.core.main.TestSuiteExecutor.accessTestCaseMainPhase(TestSuiteExecutor.java:191)
	at com.kms.katalon.core.main.TestSuiteExecutor.accessTestSuiteMainPhase(TestSuiteExecutor.java:141)
	at com.kms.katalon.core.main.TestSuiteExecutor.execute(TestSuiteExecutor.java:90)
	at com.kms.katalon.core.main.TestCaseMain.startTestSuite(TestCaseMain.java:157)
	at com.kms.katalon.core.main.TestCaseMain$startTestSuite$0.call(Unknown Source)
	at TempTestSuite1640165097978.run(TempTestSuite1640165097978.groovy:39)
Caused by: com.kms.katalon.core.webui.exception.WebElementNotFoundException: Web element with id: 'Object Repository/Admin/Sprint 5/Clients/Sites/SiteCode' located by '//input[@id='b12-b8-Input_SiteCode']' not found
	at com.kms.katalon.core.webui.common.WebUiCommonHelper.findWebElement(WebUiCommonHelper.java:1368)
	at com.kms.katalon.core.webui.keyword.internal.WebUIAbstractKeyword.findWebElement(WebUIAbstractKeyword.groovy:27)
	at com.kms.katalon.core.webui.keyword.internal.WebUIAbstractKeyword.findWebElement(WebUIAbstractKeyword.groovy:26)
	at com.kms.katalon.core.webui.keyword.builtin.SetTextKeyword$_setText_closure1.doCall(SetTextKeyword.groovy:51)
	at com.kms.katalon.core.webui.keyword.builtin.SetTextKeyword$_setText_closure1.call(SetTextKeyword.groovy)
	at com.kms.katalon.core.webui.keyword.internal.WebUIKeywordMain.runKeyword(WebUIKeywordMain.groovy:20)
	... 19 more]]></system-out>
      <system-err><![CDATA[2021-12-22 17:25:15 - [TEST_SUITE][FAILED] - FCSCMS-193 (Organizations - Client Profile - Add New Client): Test Cases/Sprint 5/FCSCMS-193/FCSCMS-1149-S5 (The user can add a new site) FAILED.
Reason:
com.kms.katalon.core.exception.StepFailedException: Unable to set text 'Test SiteCode AT' of object 'Object Repository/Admin/Sprint 5/Clients/Sites/SiteCode'
	at com.kms.katalon.core.webui.keyword.internal.WebUIKeywordMain.stepFailed(WebUIKeywordMain.groovy:64)
	at com.kms.katalon.core.webui.keyword.internal.WebUIKeywordMain.runKeyword(WebUIKeywordMain.groovy:26)
	at com.kms.katalon.core.webui.keyword.builtin.SetTextKeyword.setText(SetTextKeyword.groovy:66)
	at com.kms.katalon.core.webui.keyword.builtin.SetTextKeyword.execute(SetTextKeyword.groovy:37)
	at com.kms.katalon.core.keyword.internal.KeywordExecutor.executeKeywordForPlatform(KeywordExecutor.groovy:73)
	at com.kms.katalon.core.webui.keyword.WebUiBuiltInKeywords.setText(WebUiBuiltInKeywords.groovy:977)
	at com.kms.katalon.core.webui.keyword.WebUiBuiltInKeywords$setText$2.call(Unknown Source)
	at FCSCMS-1149-S5 (The user can add a new site).run(FCSCMS-1149-S5 (The user can add a new site):19)
	at com.kms.katalon.core.main.ScriptEngine.run(ScriptEngine.java:194)
	at com.kms.katalon.core.main.ScriptEngine.runScriptAsRawText(ScriptEngine.java:119)
	at com.kms.katalon.core.main.TestCaseExecutor.runScript(TestCaseExecutor.java:339)
	at com.kms.katalon.core.main.TestCaseExecutor.doExecute(TestCaseExecutor.java:330)
	at com.kms.katalon.core.main.TestCaseExecutor.processExecutionPhase(TestCaseExecutor.java:309)
	at com.kms.katalon.core.main.TestCaseExecutor.accessMainPhase(TestCaseExecutor.java:301)
	at com.kms.katalon.core.main.TestCaseExecutor.execute(TestCaseExecutor.java:235)
	at com.kms.katalon.core.main.TestSuiteExecutor.accessTestCaseMainPhase(TestSuiteExecutor.java:191)
	at com.kms.katalon.core.main.TestSuiteExecutor.accessTestSuiteMainPhase(TestSuiteExecutor.java:141)
	at com.kms.katalon.core.main.TestSuiteExecutor.execute(TestSuiteExecutor.java:90)
	at com.kms.katalon.core.main.TestCaseMain.startTestSuite(TestCaseMain.java:157)
	at com.kms.katalon.core.main.TestCaseMain$startTestSuite$0.call(Unknown Source)
	at TempTestSuite1640165097978.run(TempTestSuite1640165097978.groovy:39)
Caused by: com.kms.katalon.core.webui.exception.WebElementNotFoundException: Web element with id: 'Object Repository/Admin/Sprint 5/Clients/Sites/SiteCode' located by '//input[@id='b12-b8-Input_SiteCode']' not found
	at com.kms.katalon.core.webui.common.WebUiCommonHelper.findWebElement(WebUiCommonHelper.java:1368)
	at com.kms.katalon.core.webui.keyword.internal.WebUIAbstractKeyword.findWebElement(WebUIAbstractKeyword.groovy:27)
	at com.kms.katalon.core.webui.keyword.internal.WebUIAbstractKeyword.findWebElement(WebUIAbstractKeyword.groovy:26)
	at com.kms.katalon.core.webui.keyword.builtin.SetTextKeyword$_setText_closure1.doCall(SetTextKeyword.groovy:51)
	at com.kms.katalon.core.webui.keyword.builtin.SetTextKeyword$_setText_closure1.call(SetTextKeyword.groovy)
	at com.kms.katalon.core.webui.keyword.internal.WebUIKeywordMain.runKeyword(WebUIKeywordMain.groovy:20)
	... 19 more]]></system-err>
   </testsuite>
</testsuites>
