<?xml version="1.0" encoding="UTF-8"?>
<testsuites name="FCSCMS-199 (Organizations - Client Profile - Contacts - Add New Contact)" time="206.14" tests="33" failures="3" errors="0">
   <testsuite name="FCSCMS-199 (Organizations - Client Profile - Contacts - Add New Contact)" tests="33" failures="3" errors="0" time="206.14" timestamp="2022-01-27 13:24:26" hostname="me - DESKTOP-S7SF50D" id="Test Suites/Sprint 5/FCSCMS-199 (Organizations - Client Profile - Contacts - Add New Contact)">
      <properties>
         <property name="deviceName" value=""/>
         <property name="devicePlatform" value=""/>
         <property name="logFolder" value="C:\\Users\\me\\git\\nexterous-automation\\Reports\\20220127_132406\\Sprint 5\\FCSCMS-199 (Organizations - Client Profile - Contacts - Add New Contact)\\20220127_132406"/>
         <property name="logFiles" value="C:\\Users\\me\\git\\nexterous-automation\\Reports\\20220127_132406\\Sprint 5\\FCSCMS-199 (Organizations - Client Profile - Contacts - Add New Contact)\\20220127_132406\\execution0.log"/>
         <property name="attachments" value="C:\\Users\\me\\git\\nexterous-automation\\Reports\\20220127_132406\\Sprint 5\\FCSCMS-199 (Organizations - Client Profile - Contacts - Add New Contact)\\20220127_132406\\1643261139982.png, C:\\Users\\me\\git\\nexterous-automation\\Reports\\20220127_132406\\Sprint 5\\FCSCMS-199 (Organizations - Client Profile - Contacts - Add New Contact)\\20220127_132406\\1643261231957.png, C:\\Users\\me\\git\\nexterous-automation\\Reports\\20220127_132406\\Sprint 5\\FCSCMS-199 (Organizations - Client Profile - Contacts - Add New Contact)\\20220127_132406\\1643261270313.png"/>
         <property name="hostName" value="me - DESKTOP-S7SF50D"/>
         <property name="os" value="Windows 10 64bit"/>
         <property name="katalonVersion" value="7.7.0.205"/>
         <property name="browser" value="Chrome 97.0.4692.99"/>
         <property name="hostAddress" value="192.168.100.4"/>
         <property name="sessionId" value="2077af470d9a3b713199e771d36f0452"/>
         <property name="seleniumVersion" value="3.141.59"/>
         <property name="proxyInformation" value="ProxyInformation { proxyOption=NO_PROXY, proxyServerType=HTTP, username=, password=********, proxyServerAddress=, proxyServerPort=0, executionList=&quot;&quot;, isApplyToDesiredCapabilities=true }"/>
         <property name="platform" value="Windows 10"/>
      </properties>
      <testcase name="Test Cases/Sprint 5/FCSCMS-199/FCSCMS-1240-S5 (Admin user should be able to log in using valid credentials)" time="26.701" classname="Test Cases/Sprint 5/FCSCMS-199/FCSCMS-1240-S5 (Admin user should be able to log in using valid credentials)" status="PASSED">
         <system-out><![CDATA[2022-01-27 13:24:28 - [TEST_CASE][PASSED] - Test Cases/Sprint 5/FCSCMS-199/FCSCMS-1240-S5 (Admin user should be able to log in using valid credentials): Test Cases/Sprint 5/FCSCMS-199/FCSCMS-1240-S5 (Admin user should be able to log in using valid credentials)

2022-01-27 13:24:30 - [TEST_STEP][PASSED] - openBrowser(""): Browser is opened with url: ''

2022-01-27 13:24:32 - [MESSAGE][INFO] - Starting 'Chrome' driver

2022-01-27 13:24:32 - [MESSAGE][INFO] - Action delay is set to 0 milliseconds

2022-01-27 13:24:43 - [MESSAGE][PASSED] - Browser is opened with url: ''

2022-01-27 13:24:43 - [TEST_STEP][PASSED] - navigateToUrl("https://nexterus-tst.outsystemsenterprise.com/FusionCenter/Login"): Navigate to 'https://nexterus-tst.outsystemsenterprise.com/FusionCenter/Login' successfully

2022-01-27 13:24:45 - [MESSAGE][PASSED] - Navigate to 'https://nexterus-tst.outsystemsenterprise.com/FusionCenter/Login' successfully

2022-01-27 13:24:45 - [TEST_STEP][PASSED] - maximizeWindow(): Current window maximized

2022-01-27 13:24:45 - [MESSAGE][PASSED] - Current window maximized

2022-01-27 13:24:45 - [TEST_STEP][PASSED] - delay(3): Delayed 3 second(s)

2022-01-27 13:24:48 - [MESSAGE][PASSED] - Delayed 3 second(s)

2022-01-27 13:24:48 - [TEST_STEP][PASSED] - setText(findTestObject("Login/Username_Field"), "admin"): Text 'admin' is set on object 'Object Repository/Login/Username_Field'

2022-01-27 13:24:51 - [MESSAGE][PASSED] - Text 'admin' is set on object 'Object Repository/Login/Username_Field'

2022-01-27 13:24:51 - [TEST_STEP][PASSED] - delay(1): Delayed 1 second(s)

2022-01-27 13:24:52 - [MESSAGE][PASSED] - Delayed 1 second(s)

2022-01-27 13:24:52 - [TEST_STEP][PASSED] - setText(findTestObject("Login/Password_Field"), "admin"): Text 'admin' is set on object 'Object Repository/Login/Password_Field'

2022-01-27 13:24:53 - [MESSAGE][PASSED] - Text 'admin' is set on object 'Object Repository/Login/Password_Field'

2022-01-27 13:24:53 - [TEST_STEP][PASSED] - delay(1): Delayed 1 second(s)

2022-01-27 13:24:54 - [MESSAGE][PASSED] - Delayed 1 second(s)

2022-01-27 13:24:54 - [TEST_STEP][PASSED] - click(findTestObject("Login/BTN_Login")): Object: 'Object Repository/Login/BTN_Login' is clicked on

2022-01-27 13:24:54 - [MESSAGE][PASSED] - Object: 'Object Repository/Login/BTN_Login' is clicked on]]></system-out>
         <system-err><![CDATA[]]></system-err>
      </testcase>
      <testcase name="Test Cases/Sprint 5/FCSCMS-199/FCSCMS-1241-S5 (User should be able to click the Clients option from the left navigation panel)" time="9.279" classname="Test Cases/Sprint 5/FCSCMS-199/FCSCMS-1241-S5 (User should be able to click the Clients option from the left navigation panel)" status="PASSED">
         <system-out><![CDATA[2022-01-27 13:24:54 - [TEST_CASE][PASSED] - Test Cases/Sprint 5/FCSCMS-199/FCSCMS-1241-S5 (User should be able to click the Clients option from the left navigation panel): Test Cases/Sprint 5/FCSCMS-199/FCSCMS-1241-S5 (User should be able to click the Clients option from the left navigation panel)

2022-01-27 13:24:55 - [TEST_STEP][PASSED] - delay(2): Delayed 2 second(s)

2022-01-27 13:24:57 - [MESSAGE][PASSED] - Delayed 2 second(s)

2022-01-27 13:24:57 - [TEST_STEP][PASSED] - click(findTestObject("Admin/Sprint 5/a_Clients")): Object: 'Object Repository/Admin/Sprint 5/a_Clients' is clicked on

2022-01-27 13:25:00 - [MESSAGE][PASSED] - Object: 'Object Repository/Admin/Sprint 5/a_Clients' is clicked on

2022-01-27 13:25:00 - [TEST_STEP][PASSED] - delay(2): Delayed 2 second(s)

2022-01-27 13:25:02 - [MESSAGE][PASSED] - Delayed 2 second(s)

2022-01-27 13:25:02 - [TEST_STEP][PASSED] - verifyElementVisible(findTestObject("Admin/Sprint 5/Clients/SearchBar_Clients")): Object 'Object Repository/Admin/Sprint 5/Clients/SearchBar_Clients' is visible

2022-01-27 13:25:03 - [MESSAGE][PASSED] - Object 'Object Repository/Admin/Sprint 5/Clients/SearchBar_Clients' is visible

2022-01-27 13:25:03 - [TEST_STEP][PASSED] - delay(1): Delayed 1 second(s)

2022-01-27 13:25:04 - [MESSAGE][PASSED] - Delayed 1 second(s)]]></system-out>
         <system-err><![CDATA[]]></system-err>
      </testcase>
      <testcase name="Test Cases/Sprint 5/FCSCMS-199/FCSCMS-1242-S5 (User should be able to search for the clients name in the quick search tab)" time="4.577" classname="Test Cases/Sprint 5/FCSCMS-199/FCSCMS-1242-S5 (User should be able to search for the clients name in the quick search tab)" status="PASSED">
         <system-out><![CDATA[2022-01-27 13:25:04 - [TEST_CASE][PASSED] - Test Cases/Sprint 5/FCSCMS-199/FCSCMS-1242-S5 (User should be able to search for the clients name in the quick search tab): Test Cases/Sprint 5/FCSCMS-199/FCSCMS-1242-S5 (User should be able to search for the clients name in the quick search tab)

2022-01-27 13:25:04 - [TEST_STEP][PASSED] - setText(findTestObject("Admin/Sprint 5/FCSCMS-194/SearchBar(Clients)"), "Smoke Test 3"): Text 'Smoke Test 3' is set on object 'Object Repository/Admin/Sprint 5/FCSCMS-194/SearchBar(Clients)'

2022-01-27 13:25:05 - [MESSAGE][PASSED] - Text 'Smoke Test 3' is set on object 'Object Repository/Admin/Sprint 5/FCSCMS-194/SearchBar(Clients)'

2022-01-27 13:25:05 - [TEST_STEP][PASSED] - delay(1): Delayed 1 second(s)

2022-01-27 13:25:06 - [MESSAGE][PASSED] - Delayed 1 second(s)

2022-01-27 13:25:06 - [TEST_STEP][PASSED] - click(findTestObject("Admin/Sprint 5/FCSCMS-194/SearchButton(Clients)")): Object: 'Object Repository/Admin/Sprint 5/FCSCMS-194/SearchButton(Clients)' is clicked on

2022-01-27 13:25:06 - [MESSAGE][PASSED] - Object: 'Object Repository/Admin/Sprint 5/FCSCMS-194/SearchButton(Clients)' is clicked on

2022-01-27 13:25:06 - [TEST_STEP][PASSED] - delay(2): Delayed 2 second(s)

2022-01-27 13:25:08 - [MESSAGE][PASSED] - Delayed 2 second(s)]]></system-out>
         <system-err><![CDATA[]]></system-err>
      </testcase>
      <testcase name="Test Cases/Sprint 5/FCSCMS-199/FCSCMS-1243-S5 (User should be able to click Contacts tab)" time="7.101" classname="Test Cases/Sprint 5/FCSCMS-199/FCSCMS-1243-S5 (User should be able to click Contacts tab)" status="PASSED">
         <system-out><![CDATA[2022-01-27 13:25:08 - [TEST_CASE][PASSED] - Test Cases/Sprint 5/FCSCMS-199/FCSCMS-1243-S5 (User should be able to click Contacts tab): Test Cases/Sprint 5/FCSCMS-199/FCSCMS-1243-S5 (User should be able to click Contacts tab)

2022-01-27 13:25:09 - [TEST_STEP][PASSED] - click(findTestObject("Admin/Sprint 5/FCSCMS-199/EditIcon")): Object: 'Object Repository/Admin/Sprint 5/FCSCMS-199/EditIcon' is clicked on

2022-01-27 13:25:09 - [MESSAGE][PASSED] - Object: 'Object Repository/Admin/Sprint 5/FCSCMS-199/EditIcon' is clicked on

2022-01-27 13:25:09 - [TEST_STEP][PASSED] - delay(2): Delayed 2 second(s)

2022-01-27 13:25:11 - [MESSAGE][PASSED] - Delayed 2 second(s)

2022-01-27 13:25:11 - [TEST_STEP][PASSED] - click(findTestObject("Admin/Sprint 5/FCSCMS-198/Contacts/div_Contacts")): Object: 'Object Repository/Admin/Sprint 5/FCSCMS-198/Contacts/div_Contacts' is clicked on

2022-01-27 13:25:13 - [MESSAGE][PASSED] - Object: 'Object Repository/Admin/Sprint 5/FCSCMS-198/Contacts/div_Contacts' is clicked on

2022-01-27 13:25:13 - [TEST_STEP][PASSED] - delay(2): Delayed 2 second(s)

2022-01-27 13:25:15 - [MESSAGE][PASSED] - Delayed 2 second(s)]]></system-out>
         <system-err><![CDATA[]]></system-err>
      </testcase>
      <testcase name="Test Cases/Sprint 5/FCSCMS-199/FCSCMS-1244-S5 (User should be able to click Add new Contact button)" time="3.028" classname="Test Cases/Sprint 5/FCSCMS-199/FCSCMS-1244-S5 (User should be able to click Add new Contact button)" status="PASSED">
         <system-out><![CDATA[2022-01-27 13:25:15 - [TEST_CASE][PASSED] - Test Cases/Sprint 5/FCSCMS-199/FCSCMS-1244-S5 (User should be able to click Add new Contact button): Test Cases/Sprint 5/FCSCMS-199/FCSCMS-1244-S5 (User should be able to click Add new Contact button)

2022-01-27 13:25:16 - [TEST_STEP][PASSED] - delay(2): Delayed 2 second(s)

2022-01-27 13:25:18 - [MESSAGE][PASSED] - Delayed 2 second(s)

2022-01-27 13:25:18 - [TEST_STEP][PASSED] - click(findTestObject("Admin/Sprint 5/FCSCMS-199/Contacts/button_Add New Contact")): Object: 'Object Repository/Admin/Sprint 5/FCSCMS-199/Contacts/button_Add New Contact' is clicked on

2022-01-27 13:25:18 - [MESSAGE][PASSED] - Object: 'Object Repository/Admin/Sprint 5/FCSCMS-199/Contacts/button_Add New Contact' is clicked on]]></system-out>
         <system-err><![CDATA[]]></system-err>
      </testcase>
      <testcase name="Test Cases/Sprint 5/FCSCMS-199/FCSCMS-1245-S5 (User should be able to click Contact type dropdown button)" time="3.093" classname="Test Cases/Sprint 5/FCSCMS-199/FCSCMS-1245-S5 (User should be able to click Contact type dropdown button)" status="PASSED">
         <system-out><![CDATA[2022-01-27 13:25:18 - [TEST_CASE][PASSED] - Test Cases/Sprint 5/FCSCMS-199/FCSCMS-1245-S5 (User should be able to click Contact type dropdown button): Test Cases/Sprint 5/FCSCMS-199/FCSCMS-1245-S5 (User should be able to click Contact type dropdown button)

2022-01-27 13:25:19 - [TEST_STEP][PASSED] - delay(2): Delayed 2 second(s)

2022-01-27 13:25:21 - [MESSAGE][PASSED] - Delayed 2 second(s)

2022-01-27 13:25:21 - [TEST_STEP][PASSED] - click(findTestObject("Admin/Sprint 5/FCSCMS-199/Add New Contact/input_Contact Type_choices__input choices__input--cloned")): Object: 'Object Repository/Admin/Sprint 5/FCSCMS-199/Add New Contact/input_Contact Type_choices__input choices__input--cloned' is clicked on

2022-01-27 13:25:22 - [MESSAGE][PASSED] - Object: 'Object Repository/Admin/Sprint 5/FCSCMS-199/Add New Contact/input_Contact Type_choices__input choices__input--cloned' is clicked on]]></system-out>
         <system-err><![CDATA[]]></system-err>
      </testcase>
      <testcase name="Test Cases/Sprint 5/FCSCMS-199/FCSCMS-1246-S5 (User should be able to select Contact type)" time="7.65" classname="Test Cases/Sprint 5/FCSCMS-199/FCSCMS-1246-S5 (User should be able to select Contact type)" status="PASSED">
         <system-out><![CDATA[2022-01-27 13:25:22 - [TEST_CASE][PASSED] - Test Cases/Sprint 5/FCSCMS-199/FCSCMS-1246-S5 (User should be able to select Contact type): Test Cases/Sprint 5/FCSCMS-199/FCSCMS-1246-S5 (User should be able to select Contact type)

2022-01-27 13:25:22 - [TEST_STEP][PASSED] - delay(1): Delayed 1 second(s)

2022-01-27 13:25:23 - [MESSAGE][PASSED] - Delayed 1 second(s)

2022-01-27 13:25:23 - [TEST_STEP][PASSED] - click(findTestObject("Admin/Sprint 5/FCSCMS-199/Contacts/div_Funds Requests")): Object: 'Object Repository/Admin/Sprint 5/FCSCMS-199/Contacts/div_Funds Requests' is clicked on

2022-01-27 13:25:23 - [MESSAGE][PASSED] - Object: 'Object Repository/Admin/Sprint 5/FCSCMS-199/Contacts/div_Funds Requests' is clicked on

2022-01-27 13:25:23 - [TEST_STEP][PASSED] - delay(1): Delayed 1 second(s)

2022-01-27 13:25:24 - [MESSAGE][PASSED] - Delayed 1 second(s)

2022-01-27 13:25:24 - [TEST_STEP][PASSED] - click(findTestObject("Admin/Sprint 5/FCSCMS-199/Contacts/div_Invoicing")): Object: 'Object Repository/Admin/Sprint 5/FCSCMS-199/Contacts/div_Invoicing' is clicked on

2022-01-27 13:25:25 - [MESSAGE][PASSED] - Object: 'Object Repository/Admin/Sprint 5/FCSCMS-199/Contacts/div_Invoicing' is clicked on

2022-01-27 13:25:25 - [TEST_STEP][PASSED] - delay(1): Delayed 1 second(s)

2022-01-27 13:25:26 - [MESSAGE][PASSED] - Delayed 1 second(s)

2022-01-27 13:25:26 - [TEST_STEP][PASSED] - click(findTestObject("Admin/Sprint 5/FCSCMS-199/Contacts/div_Legal")): Object: 'Object Repository/Admin/Sprint 5/FCSCMS-199/Contacts/div_Legal' is clicked on

2022-01-27 13:25:26 - [MESSAGE][PASSED] - Object: 'Object Repository/Admin/Sprint 5/FCSCMS-199/Contacts/div_Legal' is clicked on

2022-01-27 13:25:26 - [TEST_STEP][PASSED] - delay(3): Delayed 3 second(s)

2022-01-27 13:25:29 - [MESSAGE][PASSED] - Delayed 3 second(s)]]></system-out>
         <system-err><![CDATA[]]></system-err>
      </testcase>
      <testcase name="Test Cases/Sprint 5/FCSCMS-199/FCSCMS-1247-S5 (User is abel to fill Contact name)" time="3.728" classname="Test Cases/Sprint 5/FCSCMS-199/FCSCMS-1247-S5 (User is abel to fill Contact name)" status="PASSED">
         <system-out><![CDATA[2022-01-27 13:25:29 - [TEST_CASE][PASSED] - Test Cases/Sprint 5/FCSCMS-199/FCSCMS-1247-S5 (User is abel to fill Contact name): Test Cases/Sprint 5/FCSCMS-199/FCSCMS-1247-S5 (User is abel to fill Contact name)

2022-01-27 13:25:30 - [TEST_STEP][PASSED] - clearText(findTestObject("Admin/Sprint 5/FCSCMS-199/Add New Contact/input_Contacts Name_b14-Input_ContactName")): Text of object 'Object Repository/Admin/Sprint 5/FCSCMS-199/Add New Contact/input_Contacts Name_b14-Input_ContactName' is cleared

2022-01-27 13:25:30 - [MESSAGE][PASSED] - Text of object 'Object Repository/Admin/Sprint 5/FCSCMS-199/Add New Contact/input_Contacts Name_b14-Input_ContactName' is cleared

2022-01-27 13:25:30 - [TEST_STEP][PASSED] - delay(2): Delayed 2 second(s)

2022-01-27 13:25:32 - [MESSAGE][PASSED] - Delayed 2 second(s)

2022-01-27 13:25:32 - [TEST_STEP][PASSED] - setText(findTestObject("Admin/Sprint 5/FCSCMS-199/Add New Contact/input_Contacts Name_b14-Input_ContactName"), "AT Happy Path"): Text 'AT Happy Path' is set on object 'Object Repository/Admin/Sprint 5/FCSCMS-199/Add New Contact/input_Contacts Name_b14-Input_ContactName'

2022-01-27 13:25:33 - [MESSAGE][PASSED] - Text 'AT Happy Path' is set on object 'Object Repository/Admin/Sprint 5/FCSCMS-199/Add New Contact/input_Contacts Name_b14-Input_ContactName']]></system-out>
         <system-err><![CDATA[]]></system-err>
      </testcase>
      <testcase name="Test Cases/Sprint 5/FCSCMS-199/FCSCMS-1248-S5 (User is able to click Assign site dropdown)" time="5.244" classname="Test Cases/Sprint 5/FCSCMS-199/FCSCMS-1248-S5 (User is able to click Assign site dropdown)" status="PASSED">
         <system-out><![CDATA[2022-01-27 13:25:33 - [TEST_CASE][PASSED] - Test Cases/Sprint 5/FCSCMS-199/FCSCMS-1248-S5 (User is able to click Assign site dropdown): Test Cases/Sprint 5/FCSCMS-199/FCSCMS-1248-S5 (User is able to click Assign site dropdown)

2022-01-27 13:25:33 - [TEST_STEP][PASSED] - click(findTestObject("Admin/Sprint 5/FCSCMS-199/Add New Contact/select_SelectTest Address for Site")): Object: 'Object Repository/Admin/Sprint 5/FCSCMS-199/Add New Contact/select_SelectTest Address for Site' is clicked on

2022-01-27 13:25:34 - [MESSAGE][PASSED] - Object: 'Object Repository/Admin/Sprint 5/FCSCMS-199/Add New Contact/select_SelectTest Address for Site' is clicked on

2022-01-27 13:25:34 - [TEST_STEP][PASSED] - delay(2): Delayed 2 second(s)

2022-01-27 13:25:36 - [MESSAGE][PASSED] - Delayed 2 second(s)

2022-01-27 13:25:36 - [TEST_STEP][PASSED] - click(findTestObject("Admin/Sprint 5/FCSCMS-199/Add New Contact/select_SelectTest Address for Site")): Object: 'Object Repository/Admin/Sprint 5/FCSCMS-199/Add New Contact/select_SelectTest Address for Site' is clicked on

2022-01-27 13:25:36 - [MESSAGE][PASSED] - Object: 'Object Repository/Admin/Sprint 5/FCSCMS-199/Add New Contact/select_SelectTest Address for Site' is clicked on

2022-01-27 13:25:36 - [TEST_STEP][PASSED] - delay(2): Delayed 2 second(s)

2022-01-27 13:25:38 - [MESSAGE][PASSED] - Delayed 2 second(s)]]></system-out>
         <system-err><![CDATA[]]></system-err>
      </testcase>
      <testcase name="Test Cases/Sprint 5/FCSCMS-199/FCSCMS-1249-S5 (User is able to select Assign site address)" time="1.47" classname="Test Cases/Sprint 5/FCSCMS-199/FCSCMS-1249-S5 (User is able to select Assign site address)" status="FAILED">
         <failure type="FAILED" message="Test Cases/Sprint 5/FCSCMS-199/FCSCMS-1249-S5 (User is able to select Assign site address) FAILED.
Reason:
com.kms.katalon.core.exception.StepFailedException: Unable to select option by label 'Test Address for Site' of object 'Object Repository/Admin/Sprint 5/FCSCMS-199/Add New Contact/select_SelectTest Address for Site' 
	at com.kms.katalon.core.webui.keyword.internal.WebUIKeywordMain.stepFailed(WebUIKeywordMain.groovy:64)
	at com.kms.katalon.core.webui.keyword.internal.WebUIKeywordMain.runKeyword(WebUIKeywordMain.groovy:26)
	at com.kms.katalon.core.webui.keyword.builtin.SelectOptionByLabelKeyword.selectOptionByLabel(SelectOptionByLabelKeyword.groovy:98)
	at com.kms.katalon.core.webui.keyword.builtin.SelectOptionByLabelKeyword.execute(SelectOptionByLabelKeyword.groovy:71)
	at com.kms.katalon.core.keyword.internal.KeywordExecutor.executeKeywordForPlatform(KeywordExecutor.groovy:73)
	at com.kms.katalon.core.webui.keyword.WebUiBuiltInKeywords.selectOptionByLabel(WebUiBuiltInKeywords.groovy:1227)
	at com.kms.katalon.core.webui.keyword.WebUiBuiltInKeywords$selectOptionByLabel$6.call(Unknown Source)
	at FCSCMS-1249-S5 (User is able to select Assign site address).run(FCSCMS-1249-S5 (User is able to select Assign site address):19)
	at com.kms.katalon.core.main.ScriptEngine.run(ScriptEngine.java:194)
	at com.kms.katalon.core.main.ScriptEngine.runScriptAsRawText(ScriptEngine.java:119)
	at com.kms.katalon.core.main.TestCaseExecutor.runScript(TestCaseExecutor.java:339)
	at com.kms.katalon.core.main.TestCaseExecutor.doExecute(TestCaseExecutor.java:330)
	at com.kms.katalon.core.main.TestCaseExecutor.processExecutionPhase(TestCaseExecutor.java:309)
	at com.kms.katalon.core.main.TestCaseExecutor.accessMainPhase(TestCaseExecutor.java:301)
	at com.kms.katalon.core.main.TestCaseExecutor.execute(TestCaseExecutor.java:235)
	at com.kms.katalon.core.main.TestSuiteExecutor.accessTestCaseMainPhase(TestSuiteExecutor.java:191)
	at com.kms.katalon.core.main.TestSuiteExecutor.accessTestSuiteMainPhase(TestSuiteExecutor.java:141)
	at com.kms.katalon.core.main.TestSuiteExecutor.execute(TestSuiteExecutor.java:90)
	at com.kms.katalon.core.main.TestCaseMain.startTestSuite(TestCaseMain.java:157)
	at com.kms.katalon.core.main.TestCaseMain$startTestSuite$0.call(Unknown Source)
	at TempTestSuite1643261046689.run(TempTestSuite1643261046689.groovy:39)
Caused by: org.openqa.selenium.NoSuchElementException: Cannot locate element with text: Test Address for Site
For documentation on this error, please visit: https://www.seleniumhq.org/exceptions/no_such_element.html
Build info: version: '3.141.59', revision: 'e82be7d358', time: '2018-11-14T08:25:53'
System info: host: 'DESKTOP-S7SF50D', ip: '192.168.100.4', os.name: 'Windows 10', os.arch: 'amd64', os.version: '10.0', java.version: '1.8.0_181'
Driver info: driver.version: unknown
	at org.openqa.selenium.support.ui.Select.selectByVisibleText(Select.java:147)
	at com.kms.katalon.core.webui.common.WebUiCommonHelper.selectOrDeselectOptionsByLabel(WebUiCommonHelper.java:309)
	at com.kms.katalon.core.webui.keyword.builtin.SelectOptionByLabelKeyword$_selectOptionByLabel_closure1.doCall(SelectOptionByLabelKeyword.groovy:87)
	at com.kms.katalon.core.webui.keyword.builtin.SelectOptionByLabelKeyword$_selectOptionByLabel_closure1.call(SelectOptionByLabelKeyword.groovy)
	at com.kms.katalon.core.webui.keyword.internal.WebUIKeywordMain.runKeyword(WebUIKeywordMain.groovy:20)
	... 19 more
"/>
         <system-out><![CDATA[2022-01-27 13:25:38 - [TEST_CASE][FAILED] - Test Cases/Sprint 5/FCSCMS-199/FCSCMS-1249-S5 (User is able to select Assign site address): Test Cases/Sprint 5/FCSCMS-199/FCSCMS-1249-S5 (User is able to select Assign site address) FAILED.
Reason:
com.kms.katalon.core.exception.StepFailedException: Unable to select option by label 'Test Address for Site' of object 'Object Repository/Admin/Sprint 5/FCSCMS-199/Add New Contact/select_SelectTest Address for Site' 
	at com.kms.katalon.core.webui.keyword.internal.WebUIKeywordMain.stepFailed(WebUIKeywordMain.groovy:64)
	at com.kms.katalon.core.webui.keyword.internal.WebUIKeywordMain.runKeyword(WebUIKeywordMain.groovy:26)
	at com.kms.katalon.core.webui.keyword.builtin.SelectOptionByLabelKeyword.selectOptionByLabel(SelectOptionByLabelKeyword.groovy:98)
	at com.kms.katalon.core.webui.keyword.builtin.SelectOptionByLabelKeyword.execute(SelectOptionByLabelKeyword.groovy:71)
	at com.kms.katalon.core.keyword.internal.KeywordExecutor.executeKeywordForPlatform(KeywordExecutor.groovy:73)
	at com.kms.katalon.core.webui.keyword.WebUiBuiltInKeywords.selectOptionByLabel(WebUiBuiltInKeywords.groovy:1227)
	at com.kms.katalon.core.webui.keyword.WebUiBuiltInKeywords$selectOptionByLabel$6.call(Unknown Source)
	at FCSCMS-1249-S5 (User is able to select Assign site address).run(FCSCMS-1249-S5 (User is able to select Assign site address):19)
	at com.kms.katalon.core.main.ScriptEngine.run(ScriptEngine.java:194)
	at com.kms.katalon.core.main.ScriptEngine.runScriptAsRawText(ScriptEngine.java:119)
	at com.kms.katalon.core.main.TestCaseExecutor.runScript(TestCaseExecutor.java:339)
	at com.kms.katalon.core.main.TestCaseExecutor.doExecute(TestCaseExecutor.java:330)
	at com.kms.katalon.core.main.TestCaseExecutor.processExecutionPhase(TestCaseExecutor.java:309)
	at com.kms.katalon.core.main.TestCaseExecutor.accessMainPhase(TestCaseExecutor.java:301)
	at com.kms.katalon.core.main.TestCaseExecutor.execute(TestCaseExecutor.java:235)
	at com.kms.katalon.core.main.TestSuiteExecutor.accessTestCaseMainPhase(TestSuiteExecutor.java:191)
	at com.kms.katalon.core.main.TestSuiteExecutor.accessTestSuiteMainPhase(TestSuiteExecutor.java:141)
	at com.kms.katalon.core.main.TestSuiteExecutor.execute(TestSuiteExecutor.java:90)
	at com.kms.katalon.core.main.TestCaseMain.startTestSuite(TestCaseMain.java:157)
	at com.kms.katalon.core.main.TestCaseMain$startTestSuite$0.call(Unknown Source)
	at TempTestSuite1643261046689.run(TempTestSuite1643261046689.groovy:39)
Caused by: org.openqa.selenium.NoSuchElementException: Cannot locate element with text: Test Address for Site
For documentation on this error, please visit: https://www.seleniumhq.org/exceptions/no_such_element.html
Build info: version: '3.141.59', revision: 'e82be7d358', time: '2018-11-14T08:25:53'
System info: host: 'DESKTOP-S7SF50D', ip: '192.168.100.4', os.name: 'Windows 10', os.arch: 'amd64', os.version: '10.0', java.version: '1.8.0_181'
Driver info: driver.version: unknown
	at org.openqa.selenium.support.ui.Select.selectByVisibleText(Select.java:147)
	at com.kms.katalon.core.webui.common.WebUiCommonHelper.selectOrDeselectOptionsByLabel(WebUiCommonHelper.java:309)
	at com.kms.katalon.core.webui.keyword.builtin.SelectOptionByLabelKeyword$_selectOptionByLabel_closure1.doCall(SelectOptionByLabelKeyword.groovy:87)
	at com.kms.katalon.core.webui.keyword.builtin.SelectOptionByLabelKeyword$_selectOptionByLabel_closure1.call(SelectOptionByLabelKeyword.groovy)
	at com.kms.katalon.core.webui.keyword.internal.WebUIKeywordMain.runKeyword(WebUIKeywordMain.groovy:20)
	... 19 more


2022-01-27 13:25:38 - [TEST_STEP][FAILED] - selectOptionByLabel(findTestObject("Admin/Sprint 5/FCSCMS-199/Add New Contact/select_SelectTest Address for Site"), "Test Address for Site", false): Unable to select option by label 'Test Address for Site' of object 'Object Repository/Admin/Sprint 5/FCSCMS-199/Add New Contact/select_SelectTest Address for Site'  (Root cause: com.kms.katalon.core.exception.StepFailedException: Unable to select option by label 'Test Address for Site' of object 'Object Repository/Admin/Sprint 5/FCSCMS-199/Add New Contact/select_SelectTest Address for Site' 
	at com.kms.katalon.core.webui.keyword.internal.WebUIKeywordMain.stepFailed(WebUIKeywordMain.groovy:64)
	at com.kms.katalon.core.webui.keyword.internal.WebUIKeywordMain.runKeyword(WebUIKeywordMain.groovy:26)
	at com.kms.katalon.core.webui.keyword.builtin.SelectOptionByLabelKeyword.selectOptionByLabel(SelectOptionByLabelKeyword.groovy:98)
	at com.kms.katalon.core.webui.keyword.builtin.SelectOptionByLabelKeyword.execute(SelectOptionByLabelKeyword.groovy:71)
	at com.kms.katalon.core.keyword.internal.KeywordExecutor.executeKeywordForPlatform(KeywordExecutor.groovy:73)
	at com.kms.katalon.core.webui.keyword.WebUiBuiltInKeywords.selectOptionByLabel(WebUiBuiltInKeywords.groovy:1227)
	at com.kms.katalon.core.webui.keyword.WebUiBuiltInKeywords$selectOptionByLabel$6.call(Unknown Source)
	at FCSCMS-1249-S5 (User is able to select Assign site address).run(FCSCMS-1249-S5 (User is able to select Assign site address):19)
	at com.kms.katalon.core.main.ScriptEngine.run(ScriptEngine.java:194)
	at com.kms.katalon.core.main.ScriptEngine.runScriptAsRawText(ScriptEngine.java:119)
	at com.kms.katalon.core.main.TestCaseExecutor.runScript(TestCaseExecutor.java:339)
	at com.kms.katalon.core.main.TestCaseExecutor.doExecute(TestCaseExecutor.java:330)
	at com.kms.katalon.core.main.TestCaseExecutor.processExecutionPhase(TestCaseExecutor.java:309)
	at com.kms.katalon.core.main.TestCaseExecutor.accessMainPhase(TestCaseExecutor.java:301)
	at com.kms.katalon.core.main.TestCaseExecutor.execute(TestCaseExecutor.java:235)
	at com.kms.katalon.core.main.TestSuiteExecutor.accessTestCaseMainPhase(TestSuiteExecutor.java:191)
	at com.kms.katalon.core.main.TestSuiteExecutor.accessTestSuiteMainPhase(TestSuiteExecutor.java:141)
	at com.kms.katalon.core.main.TestSuiteExecutor.execute(TestSuiteExecutor.java:90)
	at com.kms.katalon.core.main.TestCaseMain.startTestSuite(TestCaseMain.java:157)
	at com.kms.katalon.core.main.TestCaseMain$startTestSuite$0.call(Unknown Source)
	at TempTestSuite1643261046689.run(TempTestSuite1643261046689.groovy:39)
Caused by: org.openqa.selenium.NoSuchElementException: Cannot locate element with text: Test Address for Site
For documentation on this error, please visit: https://www.seleniumhq.org/exceptions/no_such_element.html
Build info: version: '3.141.59', revision: 'e82be7d358', time: '2018-11-14T08:25:53'
System info: host: 'DESKTOP-S7SF50D', ip: '192.168.100.4', os.name: 'Windows 10', os.arch: 'amd64', os.version: '10.0', java.version: '1.8.0_181'
Driver info: driver.version: unknown
	at org.openqa.selenium.support.ui.Select.selectByVisibleText(Select.java:147)
	at com.kms.katalon.core.webui.common.WebUiCommonHelper.selectOrDeselectOptionsByLabel(WebUiCommonHelper.java:309)
	at com.kms.katalon.core.webui.keyword.builtin.SelectOptionByLabelKeyword$_selectOptionByLabel_closure1.doCall(SelectOptionByLabelKeyword.groovy:87)
	at com.kms.katalon.core.webui.keyword.builtin.SelectOptionByLabelKeyword$_selectOptionByLabel_closure1.call(SelectOptionByLabelKeyword.groovy)
	at com.kms.katalon.core.webui.keyword.internal.WebUIKeywordMain.runKeyword(WebUIKeywordMain.groovy:20)
	at com.kms.katalon.core.webui.keyword.builtin.SelectOptionByLabelKeyword.selectOptionByLabel(SelectOptionByLabelKeyword.groovy:98)
	at com.kms.katalon.core.webui.keyword.builtin.SelectOptionByLabelKeyword.execute(SelectOptionByLabelKeyword.groovy:71)
	at com.kms.katalon.core.keyword.internal.KeywordExecutor.executeKeywordForPlatform(KeywordExecutor.groovy:73)
	at com.kms.katalon.core.webui.keyword.WebUiBuiltInKeywords.selectOptionByLabel(WebUiBuiltInKeywords.groovy:1227)
	at com.kms.katalon.core.webui.keyword.WebUiBuiltInKeywords$selectOptionByLabel$6.call(Unknown Source)
	at Script1641280295318.run(Script1641280295318.groovy:19)
	... 13 more
)

2022-01-27 13:25:40 - [MESSAGE][FAILED] - Unable to select option by label 'Test Address for Site' of object 'Object Repository/Admin/Sprint 5/FCSCMS-199/Add New Contact/select_SelectTest Address for Site'  (Root cause: com.kms.katalon.core.exception.StepFailedException: Unable to select option by label 'Test Address for Site' of object 'Object Repository/Admin/Sprint 5/FCSCMS-199/Add New Contact/select_SelectTest Address for Site' 
	at com.kms.katalon.core.webui.keyword.internal.WebUIKeywordMain.stepFailed(WebUIKeywordMain.groovy:64)
	at com.kms.katalon.core.webui.keyword.internal.WebUIKeywordMain.runKeyword(WebUIKeywordMain.groovy:26)
	at com.kms.katalon.core.webui.keyword.builtin.SelectOptionByLabelKeyword.selectOptionByLabel(SelectOptionByLabelKeyword.groovy:98)
	at com.kms.katalon.core.webui.keyword.builtin.SelectOptionByLabelKeyword.execute(SelectOptionByLabelKeyword.groovy:71)
	at com.kms.katalon.core.keyword.internal.KeywordExecutor.executeKeywordForPlatform(KeywordExecutor.groovy:73)
	at com.kms.katalon.core.webui.keyword.WebUiBuiltInKeywords.selectOptionByLabel(WebUiBuiltInKeywords.groovy:1227)
	at com.kms.katalon.core.webui.keyword.WebUiBuiltInKeywords$selectOptionByLabel$6.call(Unknown Source)
	at FCSCMS-1249-S5 (User is able to select Assign site address).run(FCSCMS-1249-S5 (User is able to select Assign site address):19)
	at com.kms.katalon.core.main.ScriptEngine.run(ScriptEngine.java:194)
	at com.kms.katalon.core.main.ScriptEngine.runScriptAsRawText(ScriptEngine.java:119)
	at com.kms.katalon.core.main.TestCaseExecutor.runScript(TestCaseExecutor.java:339)
	at com.kms.katalon.core.main.TestCaseExecutor.doExecute(TestCaseExecutor.java:330)
	at com.kms.katalon.core.main.TestCaseExecutor.processExecutionPhase(TestCaseExecutor.java:309)
	at com.kms.katalon.core.main.TestCaseExecutor.accessMainPhase(TestCaseExecutor.java:301)
	at com.kms.katalon.core.main.TestCaseExecutor.execute(TestCaseExecutor.java:235)
	at com.kms.katalon.core.main.TestSuiteExecutor.accessTestCaseMainPhase(TestSuiteExecutor.java:191)
	at com.kms.katalon.core.main.TestSuiteExecutor.accessTestSuiteMainPhase(TestSuiteExecutor.java:141)
	at com.kms.katalon.core.main.TestSuiteExecutor.execute(TestSuiteExecutor.java:90)
	at com.kms.katalon.core.main.TestCaseMain.startTestSuite(TestCaseMain.java:157)
	at com.kms.katalon.core.main.TestCaseMain$startTestSuite$0.call(Unknown Source)
	at TempTestSuite1643261046689.run(TempTestSuite1643261046689.groovy:39)
Caused by: org.openqa.selenium.NoSuchElementException: Cannot locate element with text: Test Address for Site
For documentation on this error, please visit: https://www.seleniumhq.org/exceptions/no_such_element.html
Build info: version: '3.141.59', revision: 'e82be7d358', time: '2018-11-14T08:25:53'
System info: host: 'DESKTOP-S7SF50D', ip: '192.168.100.4', os.name: 'Windows 10', os.arch: 'amd64', os.version: '10.0', java.version: '1.8.0_181'
Driver info: driver.version: unknown
	at org.openqa.selenium.support.ui.Select.selectByVisibleText(Select.java:147)
	at com.kms.katalon.core.webui.common.WebUiCommonHelper.selectOrDeselectOptionsByLabel(WebUiCommonHelper.java:309)
	at com.kms.katalon.core.webui.keyword.builtin.SelectOptionByLabelKeyword$_selectOptionByLabel_closure1.doCall(SelectOptionByLabelKeyword.groovy:87)
	at com.kms.katalon.core.webui.keyword.builtin.SelectOptionByLabelKeyword$_selectOptionByLabel_closure1.call(SelectOptionByLabelKeyword.groovy)
	at com.kms.katalon.core.webui.keyword.internal.WebUIKeywordMain.runKeyword(WebUIKeywordMain.groovy:20)
	at com.kms.katalon.core.webui.keyword.builtin.SelectOptionByLabelKeyword.selectOptionByLabel(SelectOptionByLabelKeyword.groovy:98)
	at com.kms.katalon.core.webui.keyword.builtin.SelectOptionByLabelKeyword.execute(SelectOptionByLabelKeyword.groovy:71)
	at com.kms.katalon.core.keyword.internal.KeywordExecutor.executeKeywordForPlatform(KeywordExecutor.groovy:73)
	at com.kms.katalon.core.webui.keyword.WebUiBuiltInKeywords.selectOptionByLabel(WebUiBuiltInKeywords.groovy:1227)
	at com.kms.katalon.core.webui.keyword.WebUiBuiltInKeywords$selectOptionByLabel$6.call(Unknown Source)
	at Script1641280295318.run(Script1641280295318.groovy:19)
	... 13 more
)
[[ATTACHMENT|C:\\Users\\me\\git\\nexterous-automation\\Reports\\20220127_132406\\Sprint 5\\FCSCMS-199 (Organizations - Client Profile - Contacts - Add New Contact)\\20220127_132406\\1643261139982.png]]]]></system-out>
         <system-err><![CDATA[2022-01-27 13:25:38 - [TEST_CASE][FAILED] - Test Cases/Sprint 5/FCSCMS-199/FCSCMS-1249-S5 (User is able to select Assign site address): Test Cases/Sprint 5/FCSCMS-199/FCSCMS-1249-S5 (User is able to select Assign site address) FAILED.
Reason:
com.kms.katalon.core.exception.StepFailedException: Unable to select option by label 'Test Address for Site' of object 'Object Repository/Admin/Sprint 5/FCSCMS-199/Add New Contact/select_SelectTest Address for Site' 
	at com.kms.katalon.core.webui.keyword.internal.WebUIKeywordMain.stepFailed(WebUIKeywordMain.groovy:64)
	at com.kms.katalon.core.webui.keyword.internal.WebUIKeywordMain.runKeyword(WebUIKeywordMain.groovy:26)
	at com.kms.katalon.core.webui.keyword.builtin.SelectOptionByLabelKeyword.selectOptionByLabel(SelectOptionByLabelKeyword.groovy:98)
	at com.kms.katalon.core.webui.keyword.builtin.SelectOptionByLabelKeyword.execute(SelectOptionByLabelKeyword.groovy:71)
	at com.kms.katalon.core.keyword.internal.KeywordExecutor.executeKeywordForPlatform(KeywordExecutor.groovy:73)
	at com.kms.katalon.core.webui.keyword.WebUiBuiltInKeywords.selectOptionByLabel(WebUiBuiltInKeywords.groovy:1227)
	at com.kms.katalon.core.webui.keyword.WebUiBuiltInKeywords$selectOptionByLabel$6.call(Unknown Source)
	at FCSCMS-1249-S5 (User is able to select Assign site address).run(FCSCMS-1249-S5 (User is able to select Assign site address):19)
	at com.kms.katalon.core.main.ScriptEngine.run(ScriptEngine.java:194)
	at com.kms.katalon.core.main.ScriptEngine.runScriptAsRawText(ScriptEngine.java:119)
	at com.kms.katalon.core.main.TestCaseExecutor.runScript(TestCaseExecutor.java:339)
	at com.kms.katalon.core.main.TestCaseExecutor.doExecute(TestCaseExecutor.java:330)
	at com.kms.katalon.core.main.TestCaseExecutor.processExecutionPhase(TestCaseExecutor.java:309)
	at com.kms.katalon.core.main.TestCaseExecutor.accessMainPhase(TestCaseExecutor.java:301)
	at com.kms.katalon.core.main.TestCaseExecutor.execute(TestCaseExecutor.java:235)
	at com.kms.katalon.core.main.TestSuiteExecutor.accessTestCaseMainPhase(TestSuiteExecutor.java:191)
	at com.kms.katalon.core.main.TestSuiteExecutor.accessTestSuiteMainPhase(TestSuiteExecutor.java:141)
	at com.kms.katalon.core.main.TestSuiteExecutor.execute(TestSuiteExecutor.java:90)
	at com.kms.katalon.core.main.TestCaseMain.startTestSuite(TestCaseMain.java:157)
	at com.kms.katalon.core.main.TestCaseMain$startTestSuite$0.call(Unknown Source)
	at TempTestSuite1643261046689.run(TempTestSuite1643261046689.groovy:39)
Caused by: org.openqa.selenium.NoSuchElementException: Cannot locate element with text: Test Address for Site
For documentation on this error, please visit: https://www.seleniumhq.org/exceptions/no_such_element.html
Build info: version: '3.141.59', revision: 'e82be7d358', time: '2018-11-14T08:25:53'
System info: host: 'DESKTOP-S7SF50D', ip: '192.168.100.4', os.name: 'Windows 10', os.arch: 'amd64', os.version: '10.0', java.version: '1.8.0_181'
Driver info: driver.version: unknown
	at org.openqa.selenium.support.ui.Select.selectByVisibleText(Select.java:147)
	at com.kms.katalon.core.webui.common.WebUiCommonHelper.selectOrDeselectOptionsByLabel(WebUiCommonHelper.java:309)
	at com.kms.katalon.core.webui.keyword.builtin.SelectOptionByLabelKeyword$_selectOptionByLabel_closure1.doCall(SelectOptionByLabelKeyword.groovy:87)
	at com.kms.katalon.core.webui.keyword.builtin.SelectOptionByLabelKeyword$_selectOptionByLabel_closure1.call(SelectOptionByLabelKeyword.groovy)
	at com.kms.katalon.core.webui.keyword.internal.WebUIKeywordMain.runKeyword(WebUIKeywordMain.groovy:20)
	... 19 more]]></system-err>
      </testcase>
      <testcase name="Test Cases/Sprint 5/FCSCMS-199/FCSCMS-1250-S5 (User is able to enter Assign site manually)" time="3.016" classname="Test Cases/Sprint 5/FCSCMS-199/FCSCMS-1250-S5 (User is able to enter Assign site manually)" status="PASSED">
         <system-out><![CDATA[2022-01-27 13:25:40 - [TEST_CASE][PASSED] - Test Cases/Sprint 5/FCSCMS-199/FCSCMS-1250-S5 (User is able to enter Assign site manually): Test Cases/Sprint 5/FCSCMS-199/FCSCMS-1250-S5 (User is able to enter Assign site manually)

2022-01-27 13:25:40 - [TEST_STEP][PASSED] - selectOptionByLabel(findTestObject("Admin/Sprint 5/FCSCMS-199/Add New Contact/select_SelectTest Address for Site"), "Select", false): All options with label 'Select' are selected in object 'Object Repository/Admin/Sprint 5/FCSCMS-199/Add New Contact/select_SelectTest Address for Site' 

2022-01-27 13:25:41 - [MESSAGE][PASSED] - All options with label 'Select' are selected in object 'Object Repository/Admin/Sprint 5/FCSCMS-199/Add New Contact/select_SelectTest Address for Site' 

2022-01-27 13:25:41 - [TEST_STEP][PASSED] - delay(2): Delayed 2 second(s)

2022-01-27 13:25:43 - [MESSAGE][PASSED] - Delayed 2 second(s)]]></system-out>
         <system-err><![CDATA[]]></system-err>
      </testcase>
      <testcase name="Test Cases/Sprint 5/FCSCMS-199/FCSCMS-1251-S5 (User is abel to fill Address name)" time="3.074" classname="Test Cases/Sprint 5/FCSCMS-199/FCSCMS-1251-S5 (User is abel to fill Address name)" status="PASSED">
         <system-out><![CDATA[2022-01-27 13:25:43 - [TEST_CASE][PASSED] - Test Cases/Sprint 5/FCSCMS-199/FCSCMS-1251-S5 (User is abel to fill Address name): Test Cases/Sprint 5/FCSCMS-199/FCSCMS-1251-S5 (User is abel to fill Address name)

2022-01-27 13:25:43 - [TEST_STEP][PASSED] - setText(findTestObject("Admin/Sprint 5/FCSCMS-199/Add New Contact/input_Address Name_b14-Input_AddressName_ClientContact"), "AT Test Address"): Text 'AT Test Address' is set on object 'Object Repository/Admin/Sprint 5/FCSCMS-199/Add New Contact/input_Address Name_b14-Input_AddressName_ClientContact'

2022-01-27 13:25:44 - [MESSAGE][PASSED] - Text 'AT Test Address' is set on object 'Object Repository/Admin/Sprint 5/FCSCMS-199/Add New Contact/input_Address Name_b14-Input_AddressName_ClientContact'

2022-01-27 13:25:44 - [TEST_STEP][PASSED] - delay(2): Delayed 2 second(s)

2022-01-27 13:25:46 - [MESSAGE][PASSED] - Delayed 2 second(s)]]></system-out>
         <system-err><![CDATA[]]></system-err>
      </testcase>
      <testcase name="Test Cases/Sprint 5/FCSCMS-199/FCSCMS-1252-S5 (User is abel to fill Address Line 1)" time="3.095" classname="Test Cases/Sprint 5/FCSCMS-199/FCSCMS-1252-S5 (User is abel to fill Address Line 1)" status="PASSED">
         <system-out><![CDATA[2022-01-27 13:25:46 - [TEST_CASE][PASSED] - Test Cases/Sprint 5/FCSCMS-199/FCSCMS-1252-S5 (User is abel to fill Address Line 1): Test Cases/Sprint 5/FCSCMS-199/FCSCMS-1252-S5 (User is abel to fill Address Line 1)

2022-01-27 13:25:46 - [TEST_STEP][PASSED] - setText(findTestObject("Admin/Sprint 5/FCSCMS-199/Add New Contact/input_Address Line 1_b14-Input_AddressLine1_ClientContact"), "Test Address Line 1"): Text 'Test Address Line 1' is set on object 'Object Repository/Admin/Sprint 5/FCSCMS-199/Add New Contact/input_Address Line 1_b14-Input_AddressLine1_ClientContact'

2022-01-27 13:25:47 - [MESSAGE][PASSED] - Text 'Test Address Line 1' is set on object 'Object Repository/Admin/Sprint 5/FCSCMS-199/Add New Contact/input_Address Line 1_b14-Input_AddressLine1_ClientContact'

2022-01-27 13:25:47 - [TEST_STEP][PASSED] - delay(2): Delayed 2 second(s)

2022-01-27 13:25:49 - [MESSAGE][PASSED] - Delayed 2 second(s)]]></system-out>
         <system-err><![CDATA[]]></system-err>
      </testcase>
      <testcase name="Test Cases/Sprint 5/FCSCMS-199/FCSCMS-1253-S5 (User is abel to fill Address Line 2)" time="3.122" classname="Test Cases/Sprint 5/FCSCMS-199/FCSCMS-1253-S5 (User is abel to fill Address Line 2)" status="PASSED">
         <system-out><![CDATA[2022-01-27 13:25:49 - [TEST_CASE][PASSED] - Test Cases/Sprint 5/FCSCMS-199/FCSCMS-1253-S5 (User is abel to fill Address Line 2): Test Cases/Sprint 5/FCSCMS-199/FCSCMS-1253-S5 (User is abel to fill Address Line 2)

2022-01-27 13:25:49 - [TEST_STEP][PASSED] - setText(findTestObject("Admin/Sprint 5/FCSCMS-199/Add New Contact/input_Address Line 2_b14-Input_AddressLine2"), "Test Address Line 2"): Text 'Test Address Line 2' is set on object 'Object Repository/Admin/Sprint 5/FCSCMS-199/Add New Contact/input_Address Line 2_b14-Input_AddressLine2'

2022-01-27 13:25:50 - [MESSAGE][PASSED] - Text 'Test Address Line 2' is set on object 'Object Repository/Admin/Sprint 5/FCSCMS-199/Add New Contact/input_Address Line 2_b14-Input_AddressLine2'

2022-01-27 13:25:50 - [TEST_STEP][PASSED] - delay(2): Delayed 2 second(s)

2022-01-27 13:25:52 - [MESSAGE][PASSED] - Delayed 2 second(s)]]></system-out>
         <system-err><![CDATA[]]></system-err>
      </testcase>
      <testcase name="Test Cases/Sprint 5/FCSCMS-199/FCSCMS-1254-S5 (User should be able to click City dropdown button)" time="2.712" classname="Test Cases/Sprint 5/FCSCMS-199/FCSCMS-1254-S5 (User should be able to click City dropdown button)" status="PASSED">
         <system-out><![CDATA[2022-01-27 13:25:52 - [TEST_CASE][PASSED] - Test Cases/Sprint 5/FCSCMS-199/FCSCMS-1254-S5 (User should be able to click City dropdown button): Test Cases/Sprint 5/FCSCMS-199/FCSCMS-1254-S5 (User should be able to click City dropdown button)

2022-01-27 13:25:52 - [TEST_STEP][PASSED] - click(findTestObject("Admin/Sprint 5/FCSCMS-199/Add New Contact/div_City")): Object: 'Object Repository/Admin/Sprint 5/FCSCMS-199/Add New Contact/div_City' is clicked on

2022-01-27 13:25:53 - [MESSAGE][PASSED] - Object: 'Object Repository/Admin/Sprint 5/FCSCMS-199/Add New Contact/div_City' is clicked on

2022-01-27 13:25:53 - [TEST_STEP][PASSED] - delay(2): Delayed 2 second(s)

2022-01-27 13:25:55 - [MESSAGE][PASSED] - Delayed 2 second(s)]]></system-out>
         <system-err><![CDATA[]]></system-err>
      </testcase>
      <testcase name="Test Cases/Sprint 5/FCSCMS-199/FCSCMS-1255-S5 (User should be able to Search - select City)" time="4.901" classname="Test Cases/Sprint 5/FCSCMS-199/FCSCMS-1255-S5 (User should be able to Search - select City)" status="PASSED">
         <system-out><![CDATA[2022-01-27 13:25:55 - [TEST_CASE][PASSED] - Test Cases/Sprint 5/FCSCMS-199/FCSCMS-1255-S5 (User should be able to Search - select City): Test Cases/Sprint 5/FCSCMS-199/FCSCMS-1255-S5 (User should be able to Search - select City)

2022-01-27 13:25:55 - [TEST_STEP][PASSED] - click(findTestObject("Admin/Sprint 5/FCSCMS-199/City/div_Alabaster")): Object: 'Object Repository/Admin/Sprint 5/FCSCMS-199/City/div_Alabaster' is clicked on

2022-01-27 13:25:56 - [MESSAGE][PASSED] - Object: 'Object Repository/Admin/Sprint 5/FCSCMS-199/City/div_Alabaster' is clicked on

2022-01-27 13:25:56 - [TEST_STEP][PASSED] - delay(2): Delayed 2 second(s)

2022-01-27 13:25:58 - [MESSAGE][PASSED] - Delayed 2 second(s)

2022-01-27 13:25:58 - [TEST_STEP][PASSED] - click(findTestObject("Admin/Sprint 5/FCSCMS-199/Add New Contact/div_City")): Object: 'Object Repository/Admin/Sprint 5/FCSCMS-199/Add New Contact/div_City' is clicked on

2022-01-27 13:25:58 - [MESSAGE][PASSED] - Object: 'Object Repository/Admin/Sprint 5/FCSCMS-199/Add New Contact/div_City' is clicked on

2022-01-27 13:25:58 - [TEST_STEP][PASSED] - delay(1): Delayed 1 second(s)

2022-01-27 13:25:59 - [MESSAGE][PASSED] - Delayed 1 second(s)

2022-01-27 13:25:59 - [TEST_STEP][PASSED] - click(findTestObject("Admin/Sprint 5/FCSCMS-199/City/div_Select")): Object: 'Object Repository/Admin/Sprint 5/FCSCMS-199/City/div_Select' is clicked on

2022-01-27 13:26:00 - [MESSAGE][PASSED] - Object: 'Object Repository/Admin/Sprint 5/FCSCMS-199/City/div_Select' is clicked on]]></system-out>
         <system-err><![CDATA[]]></system-err>
      </testcase>
      <testcase name="Test Cases/Sprint 5/FCSCMS-199/FCSCMS-1256-S5 (User should be able to click State dropdown button)" time="3.428" classname="Test Cases/Sprint 5/FCSCMS-199/FCSCMS-1256-S5 (User should be able to click State dropdown button)" status="PASSED">
         <system-out><![CDATA[2022-01-27 13:26:00 - [TEST_CASE][PASSED] - Test Cases/Sprint 5/FCSCMS-199/FCSCMS-1256-S5 (User should be able to click State dropdown button): Test Cases/Sprint 5/FCSCMS-199/FCSCMS-1256-S5 (User should be able to click State dropdown button)

2022-01-27 13:26:00 - [TEST_STEP][PASSED] - click(findTestObject("Admin/Sprint 5/FCSCMS-199/Add New Contact/div_State")): Object: 'Object Repository/Admin/Sprint 5/FCSCMS-199/Add New Contact/div_State' is clicked on

2022-01-27 13:26:01 - [MESSAGE][PASSED] - Object: 'Object Repository/Admin/Sprint 5/FCSCMS-199/Add New Contact/div_State' is clicked on

2022-01-27 13:26:01 - [TEST_STEP][PASSED] - delay(2): Delayed 2 second(s)

2022-01-27 13:26:03 - [MESSAGE][PASSED] - Delayed 2 second(s)]]></system-out>
         <system-err><![CDATA[]]></system-err>
      </testcase>
      <testcase name="Test Cases/Sprint 5/FCSCMS-199/FCSCMS-1257-S5 (User should be able to Search - select State)" time="2.652" classname="Test Cases/Sprint 5/FCSCMS-199/FCSCMS-1257-S5 (User should be able to Search - select State)" status="PASSED">
         <system-out><![CDATA[2022-01-27 13:26:03 - [TEST_CASE][PASSED] - Test Cases/Sprint 5/FCSCMS-199/FCSCMS-1257-S5 (User should be able to Search - select State): Test Cases/Sprint 5/FCSCMS-199/FCSCMS-1257-S5 (User should be able to Search - select State)

2022-01-27 13:26:03 - [TEST_STEP][PASSED] - click(findTestObject("Admin/Sprint 5/FCSCMS-199/State/div_Alabama")): Object: 'Object Repository/Admin/Sprint 5/FCSCMS-199/State/div_Alabama' is clicked on

2022-01-27 13:26:04 - [MESSAGE][PASSED] - Object: 'Object Repository/Admin/Sprint 5/FCSCMS-199/State/div_Alabama' is clicked on

2022-01-27 13:26:04 - [TEST_STEP][PASSED] - delay(2): Delayed 2 second(s)

2022-01-27 13:26:06 - [MESSAGE][PASSED] - Delayed 2 second(s)]]></system-out>
         <system-err><![CDATA[]]></system-err>
      </testcase>
      <testcase name="Test Cases/Sprint 5/FCSCMS-199/FCSCMS-1258-S5 (User should be able to click Zip Code dropdown button)" time="2.724" classname="Test Cases/Sprint 5/FCSCMS-199/FCSCMS-1258-S5 (User should be able to click Zip Code dropdown button)" status="PASSED">
         <system-out><![CDATA[2022-01-27 13:26:06 - [TEST_CASE][PASSED] - Test Cases/Sprint 5/FCSCMS-199/FCSCMS-1258-S5 (User should be able to click Zip Code dropdown button): Test Cases/Sprint 5/FCSCMS-199/FCSCMS-1258-S5 (User should be able to click Zip Code dropdown button)

2022-01-27 13:26:06 - [TEST_STEP][PASSED] - click(findTestObject("Admin/Sprint 5/FCSCMS-199/Add New Contact/div_ZipCode")): Object: 'Object Repository/Admin/Sprint 5/FCSCMS-199/Add New Contact/div_ZipCode' is clicked on

2022-01-27 13:26:06 - [MESSAGE][PASSED] - Object: 'Object Repository/Admin/Sprint 5/FCSCMS-199/Add New Contact/div_ZipCode' is clicked on

2022-01-27 13:26:06 - [TEST_STEP][PASSED] - delay(2): Delayed 2 second(s)

2022-01-27 13:26:08 - [MESSAGE][PASSED] - Delayed 2 second(s)]]></system-out>
         <system-err><![CDATA[]]></system-err>
      </testcase>
      <testcase name="Test Cases/Sprint 5/FCSCMS-199/FCSCMS-1259-S5 (User should be able to Search - select Zip Code)" time="2.711" classname="Test Cases/Sprint 5/FCSCMS-199/FCSCMS-1259-S5 (User should be able to Search - select Zip Code)" status="PASSED">
         <system-out><![CDATA[2022-01-27 13:26:08 - [TEST_CASE][PASSED] - Test Cases/Sprint 5/FCSCMS-199/FCSCMS-1259-S5 (User should be able to Search - select Zip Code): Test Cases/Sprint 5/FCSCMS-199/FCSCMS-1259-S5 (User should be able to Search - select Zip Code)

2022-01-27 13:26:09 - [TEST_STEP][PASSED] - click(findTestObject("Admin/Sprint 5/FCSCMS-199/ZipCode/div_35007")): Object: 'Object Repository/Admin/Sprint 5/FCSCMS-199/ZipCode/div_35007' is clicked on

2022-01-27 13:26:09 - [MESSAGE][PASSED] - Object: 'Object Repository/Admin/Sprint 5/FCSCMS-199/ZipCode/div_35007' is clicked on

2022-01-27 13:26:09 - [TEST_STEP][PASSED] - delay(2): Delayed 2 second(s)

2022-01-27 13:26:11 - [MESSAGE][PASSED] - Delayed 2 second(s)]]></system-out>
         <system-err><![CDATA[]]></system-err>
      </testcase>
      <testcase name="Test Cases/Sprint 5/FCSCMS-199/FCSCMS-1260-S5 (User should be able to click Country dropdown button)" time="2.693" classname="Test Cases/Sprint 5/FCSCMS-199/FCSCMS-1260-S5 (User should be able to click Country dropdown button)" status="PASSED">
         <system-out><![CDATA[2022-01-27 13:26:11 - [TEST_CASE][PASSED] - Test Cases/Sprint 5/FCSCMS-199/FCSCMS-1260-S5 (User should be able to click Country dropdown button): Test Cases/Sprint 5/FCSCMS-199/FCSCMS-1260-S5 (User should be able to click Country dropdown button)

2022-01-27 13:26:11 - [TEST_STEP][PASSED] - click(findTestObject("Admin/Sprint 5/FCSCMS-199/Add New Contact/div_Country")): Object: 'Object Repository/Admin/Sprint 5/FCSCMS-199/Add New Contact/div_Country' is clicked on

2022-01-27 13:26:12 - [MESSAGE][PASSED] - Object: 'Object Repository/Admin/Sprint 5/FCSCMS-199/Add New Contact/div_Country' is clicked on

2022-01-27 13:26:12 - [TEST_STEP][PASSED] - delay(2): Delayed 2 second(s)

2022-01-27 13:26:14 - [MESSAGE][PASSED] - Delayed 2 second(s)]]></system-out>
         <system-err><![CDATA[]]></system-err>
      </testcase>
      <testcase name="Test Cases/Sprint 5/FCSCMS-199/FCSCMS-1261-S5 (User should be able to Search - select Country)" time="2.692" classname="Test Cases/Sprint 5/FCSCMS-199/FCSCMS-1261-S5 (User should be able to Search - select Country)" status="PASSED">
         <system-out><![CDATA[2022-01-27 13:26:14 - [TEST_CASE][PASSED] - Test Cases/Sprint 5/FCSCMS-199/FCSCMS-1261-S5 (User should be able to Search - select Country): Test Cases/Sprint 5/FCSCMS-199/FCSCMS-1261-S5 (User should be able to Search - select Country)

2022-01-27 13:26:14 - [TEST_STEP][PASSED] - click(findTestObject("Admin/Sprint 5/FCSCMS-199/Country/div_United States")): Object: 'Object Repository/Admin/Sprint 5/FCSCMS-199/Country/div_United States' is clicked on

2022-01-27 13:26:15 - [MESSAGE][PASSED] - Object: 'Object Repository/Admin/Sprint 5/FCSCMS-199/Country/div_United States' is clicked on

2022-01-27 13:26:15 - [TEST_STEP][PASSED] - delay(2): Delayed 2 second(s)

2022-01-27 13:26:17 - [MESSAGE][PASSED] - Delayed 2 second(s)]]></system-out>
         <system-err><![CDATA[]]></system-err>
      </testcase>
      <testcase name="Test Cases/Sprint 5/FCSCMS-199/FCSCMS-1262-S5 (User should be able to click Time zone dropdown button)" time="4.362" classname="Test Cases/Sprint 5/FCSCMS-199/FCSCMS-1262-S5 (User should be able to click Time zone dropdown button)" status="PASSED">
         <system-out><![CDATA[2022-01-27 13:26:17 - [TEST_CASE][PASSED] - Test Cases/Sprint 5/FCSCMS-199/FCSCMS-1262-S5 (User should be able to click Time zone dropdown button): Test Cases/Sprint 5/FCSCMS-199/FCSCMS-1262-S5 (User should be able to click Time zone dropdown button)

2022-01-27 13:26:17 - [TEST_STEP][PASSED] - click(findTestObject("Admin/Sprint 5/FCSCMS-199/Add New Contact/TimeZone")): Object: 'Object Repository/Admin/Sprint 5/FCSCMS-199/Add New Contact/TimeZone' is clicked on

2022-01-27 13:26:17 - [MESSAGE][PASSED] - Object: 'Object Repository/Admin/Sprint 5/FCSCMS-199/Add New Contact/TimeZone' is clicked on

2022-01-27 13:26:17 - [TEST_STEP][PASSED] - delay(2): Delayed 2 second(s)

2022-01-27 13:26:19 - [MESSAGE][PASSED] - Delayed 2 second(s)

2022-01-27 13:26:19 - [TEST_STEP][PASSED] - click(findTestObject("Admin/Sprint 5/FCSCMS-199/Add New Contact/TimeZone")): Object: 'Object Repository/Admin/Sprint 5/FCSCMS-199/Add New Contact/TimeZone' is clicked on

2022-01-27 13:26:20 - [MESSAGE][PASSED] - Object: 'Object Repository/Admin/Sprint 5/FCSCMS-199/Add New Contact/TimeZone' is clicked on

2022-01-27 13:26:20 - [TEST_STEP][PASSED] - delay(1): Delayed 1 second(s)

2022-01-27 13:26:21 - [MESSAGE][PASSED] - Delayed 1 second(s)]]></system-out>
         <system-err><![CDATA[]]></system-err>
      </testcase>
      <testcase name="Test Cases/Sprint 5/FCSCMS-199/FCSCMS-1263-S5 (User should be able to select Time zone)" time="2.96" classname="Test Cases/Sprint 5/FCSCMS-199/FCSCMS-1263-S5 (User should be able to select Time zone)" status="PASSED">
         <system-out><![CDATA[2022-01-27 13:26:21 - [TEST_CASE][PASSED] - Test Cases/Sprint 5/FCSCMS-199/FCSCMS-1263-S5 (User should be able to select Time zone): Test Cases/Sprint 5/FCSCMS-199/FCSCMS-1263-S5 (User should be able to select Time zone)

2022-01-27 13:26:21 - [TEST_STEP][PASSED] - selectOptionByLabel(findTestObject("Admin/Sprint 5/FCSCMS-199/Add New Contact/TimeZone"), "Central Standard Time", false): All options with label 'Central Standard Time' are selected in object 'Object Repository/Admin/Sprint 5/FCSCMS-199/Add New Contact/TimeZone' 

2022-01-27 13:26:22 - [MESSAGE][PASSED] - All options with label 'Central Standard Time' are selected in object 'Object Repository/Admin/Sprint 5/FCSCMS-199/Add New Contact/TimeZone' 

2022-01-27 13:26:22 - [TEST_STEP][PASSED] - delay(2): Delayed 2 second(s)

2022-01-27 13:26:24 - [MESSAGE][PASSED] - Delayed 2 second(s)]]></system-out>
         <system-err><![CDATA[]]></system-err>
      </testcase>
      <testcase name="Test Cases/Sprint 5/FCSCMS-199/FCSCMS-1264-S5 (User should be able to fill and input Contact email)" time="3.029" classname="Test Cases/Sprint 5/FCSCMS-199/FCSCMS-1264-S5 (User should be able to fill and input Contact email)" status="PASSED">
         <system-out><![CDATA[2022-01-27 13:26:24 - [TEST_CASE][PASSED] - Test Cases/Sprint 5/FCSCMS-199/FCSCMS-1264-S5 (User should be able to fill and input Contact email): Test Cases/Sprint 5/FCSCMS-199/FCSCMS-1264-S5 (User should be able to fill and input Contact email)

2022-01-27 13:26:24 - [TEST_STEP][PASSED] - setText(findTestObject("Admin/Sprint 5/FCSCMS-199/Add New Contact/Contact Email"), "AT Test Email"): Text 'AT Test Email' is set on object 'Object Repository/Admin/Sprint 5/FCSCMS-199/Add New Contact/Contact Email'

2022-01-27 13:26:25 - [MESSAGE][PASSED] - Text 'AT Test Email' is set on object 'Object Repository/Admin/Sprint 5/FCSCMS-199/Add New Contact/Contact Email'

2022-01-27 13:26:25 - [TEST_STEP][PASSED] - delay(2): Delayed 2 second(s)

2022-01-27 13:26:27 - [MESSAGE][PASSED] - Delayed 2 second(s)]]></system-out>
         <system-err><![CDATA[]]></system-err>
      </testcase>
      <testcase name="Test Cases/Sprint 5/FCSCMS-199/FCSCMS-1265-S5 (User should be able to fill and input Contact Phone)" time="3.118" classname="Test Cases/Sprint 5/FCSCMS-199/FCSCMS-1265-S5 (User should be able to fill and input Contact Phone)" status="PASSED">
         <system-out><![CDATA[2022-01-27 13:26:27 - [TEST_CASE][PASSED] - Test Cases/Sprint 5/FCSCMS-199/FCSCMS-1265-S5 (User should be able to fill and input Contact Phone): Test Cases/Sprint 5/FCSCMS-199/FCSCMS-1265-S5 (User should be able to fill and input Contact Phone)

2022-01-27 13:26:27 - [TEST_STEP][PASSED] - setText(findTestObject("Admin/Sprint 5/FCSCMS-199/Add New Contact/Contact Phone"), "1111555555"): Text '1111555555' is set on object 'Object Repository/Admin/Sprint 5/FCSCMS-199/Add New Contact/Contact Phone'

2022-01-27 13:26:28 - [MESSAGE][PASSED] - Text '1111555555' is set on object 'Object Repository/Admin/Sprint 5/FCSCMS-199/Add New Contact/Contact Phone'

2022-01-27 13:26:28 - [TEST_STEP][PASSED] - delay(2): Delayed 2 second(s)

2022-01-27 13:26:30 - [MESSAGE][PASSED] - Delayed 2 second(s)]]></system-out>
         <system-err><![CDATA[]]></system-err>
      </testcase>
      <testcase name="Test Cases/Sprint 5/FCSCMS-199/FCSCMS-1266-S5 (User should be able to fill and input Mobile)" time="3.109" classname="Test Cases/Sprint 5/FCSCMS-199/FCSCMS-1266-S5 (User should be able to fill and input Mobile)" status="PASSED">
         <system-out><![CDATA[2022-01-27 13:26:30 - [TEST_CASE][PASSED] - Test Cases/Sprint 5/FCSCMS-199/FCSCMS-1266-S5 (User should be able to fill and input Mobile): Test Cases/Sprint 5/FCSCMS-199/FCSCMS-1266-S5 (User should be able to fill and input Mobile)

2022-01-27 13:26:30 - [TEST_STEP][PASSED] - setText(findTestObject("Admin/Sprint 5/FCSCMS-199/Add New Contact/Mobile"), "1111555555"): Text '1111555555' is set on object 'Object Repository/Admin/Sprint 5/FCSCMS-199/Add New Contact/Mobile'

2022-01-27 13:26:31 - [MESSAGE][PASSED] - Text '1111555555' is set on object 'Object Repository/Admin/Sprint 5/FCSCMS-199/Add New Contact/Mobile'

2022-01-27 13:26:31 - [TEST_STEP][PASSED] - delay(2): Delayed 2 second(s)

2022-01-27 13:26:33 - [MESSAGE][PASSED] - Delayed 2 second(s)]]></system-out>
         <system-err><![CDATA[]]></system-err>
      </testcase>
      <testcase name="Test Cases/Sprint 5/FCSCMS-199/FCSCMS-1267-S5 (User should be able to Click Site dropdown)" time="2.7" classname="Test Cases/Sprint 5/FCSCMS-199/FCSCMS-1267-S5 (User should be able to Click Site dropdown)" status="PASSED">
         <system-out><![CDATA[2022-01-27 13:26:33 - [TEST_CASE][PASSED] - Test Cases/Sprint 5/FCSCMS-199/FCSCMS-1267-S5 (User should be able to Click Site dropdown): Test Cases/Sprint 5/FCSCMS-199/FCSCMS-1267-S5 (User should be able to Click Site dropdown)

2022-01-27 13:26:33 - [TEST_STEP][PASSED] - check(findTestObject("Admin/Sprint 5/FCSCMS-199/Add New Contact/SitesCheckBox")): Object 'Object Repository/Admin/Sprint 5/FCSCMS-199/Add New Contact/SitesCheckBox' is checked

2022-01-27 13:26:34 - [MESSAGE][PASSED] - Object 'Object Repository/Admin/Sprint 5/FCSCMS-199/Add New Contact/SitesCheckBox' is checked

2022-01-27 13:26:34 - [TEST_STEP][PASSED] - delay(2): Delayed 2 second(s)

2022-01-27 13:26:36 - [MESSAGE][PASSED] - Delayed 2 second(s)]]></system-out>
         <system-err><![CDATA[]]></system-err>
      </testcase>
      <testcase name="Test Cases/Sprint 5/FCSCMS-199/FCSCMS-1268-S5 (User should be able to select Sites)" time="1.29" classname="Test Cases/Sprint 5/FCSCMS-199/FCSCMS-1268-S5 (User should be able to select Sites)" status="PASSED">
         <system-out><![CDATA[2022-01-27 13:26:36 - [TEST_CASE][PASSED] - Test Cases/Sprint 5/FCSCMS-199/FCSCMS-1268-S5 (User should be able to select Sites): Test Cases/Sprint 5/FCSCMS-199/FCSCMS-1268-S5 (User should be able to select Sites)

2022-01-27 13:26:36 - [TEST_STEP][PASSED] - delay(1): Delayed 1 second(s)

2022-01-27 13:26:37 - [MESSAGE][PASSED] - Delayed 1 second(s)]]></system-out>
         <system-err><![CDATA[]]></system-err>
      </testcase>
      <testcase name="Test Cases/Sprint 5/FCSCMS-199/FCSCMS-1269-S5 (User should be able to click Save button)" time="2.793" classname="Test Cases/Sprint 5/FCSCMS-199/FCSCMS-1269-S5 (User should be able to click Save button)" status="PASSED">
         <system-out><![CDATA[2022-01-27 13:26:37 - [TEST_CASE][PASSED] - Test Cases/Sprint 5/FCSCMS-199/FCSCMS-1269-S5 (User should be able to click Save button): Test Cases/Sprint 5/FCSCMS-199/FCSCMS-1269-S5 (User should be able to click Save button)

2022-01-27 13:26:37 - [TEST_STEP][PASSED] - click(findTestObject("Admin/Sprint 5/FCSCMS-199/Add New Contact/button_Save")): Object: 'Object Repository/Admin/Sprint 5/FCSCMS-199/Add New Contact/button_Save' is clicked on

2022-01-27 13:26:38 - [MESSAGE][PASSED] - Object: 'Object Repository/Admin/Sprint 5/FCSCMS-199/Add New Contact/button_Save' is clicked on

2022-01-27 13:26:38 - [TEST_STEP][PASSED] - delay(2): Delayed 2 second(s)

2022-01-27 13:26:40 - [MESSAGE][PASSED] - Delayed 2 second(s)]]></system-out>
         <system-err><![CDATA[]]></system-err>
      </testcase>
      <testcase name="Test Cases/Sprint 5/FCSCMS-199/FCSCMS-1270-S5 (User should be able to Add New Contacts)" time="31.735" classname="Test Cases/Sprint 5/FCSCMS-199/FCSCMS-1270-S5 (User should be able to Add New Contacts)" status="FAILED">
         <failure type="FAILED" message="Test Cases/Sprint 5/FCSCMS-199/FCSCMS-1270-S5 (User should be able to Add New Contacts) FAILED.
Reason:
com.kms.katalon.core.exception.StepFailedException: Unable to click on object 'Object Repository/Admin/Sprint 5/FCSCMS-199/Add New Contact/button_Yes(Save)'
	at com.kms.katalon.core.webui.keyword.internal.WebUIKeywordMain.stepFailed(WebUIKeywordMain.groovy:64)
	at com.kms.katalon.core.webui.keyword.internal.WebUIKeywordMain.runKeyword(WebUIKeywordMain.groovy:26)
	at com.kms.katalon.core.webui.keyword.builtin.ClickKeyword.click(ClickKeyword.groovy:76)
	at com.kms.katalon.core.webui.keyword.builtin.ClickKeyword.execute(ClickKeyword.groovy:43)
	at com.kms.katalon.core.keyword.internal.KeywordExecutor.executeKeywordForPlatform(KeywordExecutor.groovy:73)
	at com.kms.katalon.core.webui.keyword.WebUiBuiltInKeywords.click(WebUiBuiltInKeywords.groovy:617)
	at com.kms.katalon.core.webui.keyword.WebUiBuiltInKeywords$click$3.call(Unknown Source)
	at FCSCMS-1270-S5 (User should be able to Add New Contacts).run(FCSCMS-1270-S5 (User should be able to Add New Contacts):19)
	at com.kms.katalon.core.main.ScriptEngine.run(ScriptEngine.java:194)
	at com.kms.katalon.core.main.ScriptEngine.runScriptAsRawText(ScriptEngine.java:119)
	at com.kms.katalon.core.main.TestCaseExecutor.runScript(TestCaseExecutor.java:339)
	at com.kms.katalon.core.main.TestCaseExecutor.doExecute(TestCaseExecutor.java:330)
	at com.kms.katalon.core.main.TestCaseExecutor.processExecutionPhase(TestCaseExecutor.java:309)
	at com.kms.katalon.core.main.TestCaseExecutor.accessMainPhase(TestCaseExecutor.java:301)
	at com.kms.katalon.core.main.TestCaseExecutor.execute(TestCaseExecutor.java:235)
	at com.kms.katalon.core.main.TestSuiteExecutor.accessTestCaseMainPhase(TestSuiteExecutor.java:191)
	at com.kms.katalon.core.main.TestSuiteExecutor.accessTestSuiteMainPhase(TestSuiteExecutor.java:141)
	at com.kms.katalon.core.main.TestSuiteExecutor.execute(TestSuiteExecutor.java:90)
	at com.kms.katalon.core.main.TestCaseMain.startTestSuite(TestCaseMain.java:157)
	at com.kms.katalon.core.main.TestCaseMain$startTestSuite$0.call(Unknown Source)
	at TempTestSuite1643261046689.run(TempTestSuite1643261046689.groovy:39)
Caused by: com.kms.katalon.core.webui.exception.WebElementNotFoundException: Web element with id: 'Object Repository/Admin/Sprint 5/FCSCMS-199/Add New Contact/button_Yes(Save)' located by '(//button[@type='button'])[20]' not found
	at com.kms.katalon.core.webui.common.WebUiCommonHelper.findWebElement(WebUiCommonHelper.java:1368)
	at com.kms.katalon.core.webui.keyword.internal.WebUIAbstractKeyword.findWebElement(WebUIAbstractKeyword.groovy:27)
	at com.kms.katalon.core.webui.keyword.internal.WebUIAbstractKeyword.findWebElement(WebUIAbstractKeyword.groovy:26)
	at com.kms.katalon.core.webui.keyword.builtin.ClickKeyword$_click_closure1.doCall(ClickKeyword.groovy:67)
	at com.kms.katalon.core.webui.keyword.builtin.ClickKeyword$_click_closure1.call(ClickKeyword.groovy)
	at com.kms.katalon.core.webui.keyword.internal.WebUIKeywordMain.runKeyword(WebUIKeywordMain.groovy:20)
	... 19 more
"/>
         <system-out><![CDATA[2022-01-27 13:26:40 - [TEST_CASE][FAILED] - Test Cases/Sprint 5/FCSCMS-199/FCSCMS-1270-S5 (User should be able to Add New Contacts): Test Cases/Sprint 5/FCSCMS-199/FCSCMS-1270-S5 (User should be able to Add New Contacts) FAILED.
Reason:
com.kms.katalon.core.exception.StepFailedException: Unable to click on object 'Object Repository/Admin/Sprint 5/FCSCMS-199/Add New Contact/button_Yes(Save)'
	at com.kms.katalon.core.webui.keyword.internal.WebUIKeywordMain.stepFailed(WebUIKeywordMain.groovy:64)
	at com.kms.katalon.core.webui.keyword.internal.WebUIKeywordMain.runKeyword(WebUIKeywordMain.groovy:26)
	at com.kms.katalon.core.webui.keyword.builtin.ClickKeyword.click(ClickKeyword.groovy:76)
	at com.kms.katalon.core.webui.keyword.builtin.ClickKeyword.execute(ClickKeyword.groovy:43)
	at com.kms.katalon.core.keyword.internal.KeywordExecutor.executeKeywordForPlatform(KeywordExecutor.groovy:73)
	at com.kms.katalon.core.webui.keyword.WebUiBuiltInKeywords.click(WebUiBuiltInKeywords.groovy:617)
	at com.kms.katalon.core.webui.keyword.WebUiBuiltInKeywords$click$3.call(Unknown Source)
	at FCSCMS-1270-S5 (User should be able to Add New Contacts).run(FCSCMS-1270-S5 (User should be able to Add New Contacts):19)
	at com.kms.katalon.core.main.ScriptEngine.run(ScriptEngine.java:194)
	at com.kms.katalon.core.main.ScriptEngine.runScriptAsRawText(ScriptEngine.java:119)
	at com.kms.katalon.core.main.TestCaseExecutor.runScript(TestCaseExecutor.java:339)
	at com.kms.katalon.core.main.TestCaseExecutor.doExecute(TestCaseExecutor.java:330)
	at com.kms.katalon.core.main.TestCaseExecutor.processExecutionPhase(TestCaseExecutor.java:309)
	at com.kms.katalon.core.main.TestCaseExecutor.accessMainPhase(TestCaseExecutor.java:301)
	at com.kms.katalon.core.main.TestCaseExecutor.execute(TestCaseExecutor.java:235)
	at com.kms.katalon.core.main.TestSuiteExecutor.accessTestCaseMainPhase(TestSuiteExecutor.java:191)
	at com.kms.katalon.core.main.TestSuiteExecutor.accessTestSuiteMainPhase(TestSuiteExecutor.java:141)
	at com.kms.katalon.core.main.TestSuiteExecutor.execute(TestSuiteExecutor.java:90)
	at com.kms.katalon.core.main.TestCaseMain.startTestSuite(TestCaseMain.java:157)
	at com.kms.katalon.core.main.TestCaseMain$startTestSuite$0.call(Unknown Source)
	at TempTestSuite1643261046689.run(TempTestSuite1643261046689.groovy:39)
Caused by: com.kms.katalon.core.webui.exception.WebElementNotFoundException: Web element with id: 'Object Repository/Admin/Sprint 5/FCSCMS-199/Add New Contact/button_Yes(Save)' located by '(//button[@type='button'])[20]' not found
	at com.kms.katalon.core.webui.common.WebUiCommonHelper.findWebElement(WebUiCommonHelper.java:1368)
	at com.kms.katalon.core.webui.keyword.internal.WebUIAbstractKeyword.findWebElement(WebUIAbstractKeyword.groovy:27)
	at com.kms.katalon.core.webui.keyword.internal.WebUIAbstractKeyword.findWebElement(WebUIAbstractKeyword.groovy:26)
	at com.kms.katalon.core.webui.keyword.builtin.ClickKeyword$_click_closure1.doCall(ClickKeyword.groovy:67)
	at com.kms.katalon.core.webui.keyword.builtin.ClickKeyword$_click_closure1.call(ClickKeyword.groovy)
	at com.kms.katalon.core.webui.keyword.internal.WebUIKeywordMain.runKeyword(WebUIKeywordMain.groovy:20)
	... 19 more


2022-01-27 13:26:40 - [TEST_STEP][FAILED] - click(findTestObject("Admin/Sprint 5/FCSCMS-199/Add New Contact/button_Yes(Save)")): Unable to click on object 'Object Repository/Admin/Sprint 5/FCSCMS-199/Add New Contact/button_Yes(Save)' (Root cause: com.kms.katalon.core.exception.StepFailedException: Unable to click on object 'Object Repository/Admin/Sprint 5/FCSCMS-199/Add New Contact/button_Yes(Save)'
	at com.kms.katalon.core.webui.keyword.internal.WebUIKeywordMain.stepFailed(WebUIKeywordMain.groovy:64)
	at com.kms.katalon.core.webui.keyword.internal.WebUIKeywordMain.runKeyword(WebUIKeywordMain.groovy:26)
	at com.kms.katalon.core.webui.keyword.builtin.ClickKeyword.click(ClickKeyword.groovy:76)
	at com.kms.katalon.core.webui.keyword.builtin.ClickKeyword.execute(ClickKeyword.groovy:43)
	at com.kms.katalon.core.keyword.internal.KeywordExecutor.executeKeywordForPlatform(KeywordExecutor.groovy:73)
	at com.kms.katalon.core.webui.keyword.WebUiBuiltInKeywords.click(WebUiBuiltInKeywords.groovy:617)
	at com.kms.katalon.core.webui.keyword.WebUiBuiltInKeywords$click$3.call(Unknown Source)
	at FCSCMS-1270-S5 (User should be able to Add New Contacts).run(FCSCMS-1270-S5 (User should be able to Add New Contacts):19)
	at com.kms.katalon.core.main.ScriptEngine.run(ScriptEngine.java:194)
	at com.kms.katalon.core.main.ScriptEngine.runScriptAsRawText(ScriptEngine.java:119)
	at com.kms.katalon.core.main.TestCaseExecutor.runScript(TestCaseExecutor.java:339)
	at com.kms.katalon.core.main.TestCaseExecutor.doExecute(TestCaseExecutor.java:330)
	at com.kms.katalon.core.main.TestCaseExecutor.processExecutionPhase(TestCaseExecutor.java:309)
	at com.kms.katalon.core.main.TestCaseExecutor.accessMainPhase(TestCaseExecutor.java:301)
	at com.kms.katalon.core.main.TestCaseExecutor.execute(TestCaseExecutor.java:235)
	at com.kms.katalon.core.main.TestSuiteExecutor.accessTestCaseMainPhase(TestSuiteExecutor.java:191)
	at com.kms.katalon.core.main.TestSuiteExecutor.accessTestSuiteMainPhase(TestSuiteExecutor.java:141)
	at com.kms.katalon.core.main.TestSuiteExecutor.execute(TestSuiteExecutor.java:90)
	at com.kms.katalon.core.main.TestCaseMain.startTestSuite(TestCaseMain.java:157)
	at com.kms.katalon.core.main.TestCaseMain$startTestSuite$0.call(Unknown Source)
	at TempTestSuite1643261046689.run(TempTestSuite1643261046689.groovy:39)
Caused by: com.kms.katalon.core.webui.exception.WebElementNotFoundException: Web element with id: 'Object Repository/Admin/Sprint 5/FCSCMS-199/Add New Contact/button_Yes(Save)' located by '(//button[@type='button'])[20]' not found
	at com.kms.katalon.core.webui.common.WebUiCommonHelper.findWebElement(WebUiCommonHelper.java:1368)
	at com.kms.katalon.core.webui.keyword.internal.WebUIAbstractKeyword.findWebElement(WebUIAbstractKeyword.groovy:27)
	at com.kms.katalon.core.webui.keyword.internal.WebUIAbstractKeyword.findWebElement(WebUIAbstractKeyword.groovy:26)
	at com.kms.katalon.core.webui.keyword.builtin.ClickKeyword$_click_closure1.doCall(ClickKeyword.groovy:67)
	at com.kms.katalon.core.webui.keyword.builtin.ClickKeyword$_click_closure1.call(ClickKeyword.groovy)
	at com.kms.katalon.core.webui.keyword.internal.WebUIKeywordMain.runKeyword(WebUIKeywordMain.groovy:20)
	at com.kms.katalon.core.webui.keyword.builtin.ClickKeyword.click(ClickKeyword.groovy:76)
	at com.kms.katalon.core.webui.keyword.builtin.ClickKeyword.execute(ClickKeyword.groovy:43)
	at com.kms.katalon.core.keyword.internal.KeywordExecutor.executeKeywordForPlatform(KeywordExecutor.groovy:73)
	at com.kms.katalon.core.webui.keyword.WebUiBuiltInKeywords.click(WebUiBuiltInKeywords.groovy:617)
	at com.kms.katalon.core.webui.keyword.WebUiBuiltInKeywords$click$3.call(Unknown Source)
	at Script1641283557564.run(Script1641283557564.groovy:19)
	... 13 more
)

2022-01-27 13:27:11 - [MESSAGE][INFO] - Unable to find the element located by 'By.xpath: (//button[@type='button'])[20]'. Please recheck the objects properties to make sure the desired element is located. 

2022-01-27 13:27:12 - [MESSAGE][FAILED] - Unable to click on object 'Object Repository/Admin/Sprint 5/FCSCMS-199/Add New Contact/button_Yes(Save)' (Root cause: com.kms.katalon.core.exception.StepFailedException: Unable to click on object 'Object Repository/Admin/Sprint 5/FCSCMS-199/Add New Contact/button_Yes(Save)'
	at com.kms.katalon.core.webui.keyword.internal.WebUIKeywordMain.stepFailed(WebUIKeywordMain.groovy:64)
	at com.kms.katalon.core.webui.keyword.internal.WebUIKeywordMain.runKeyword(WebUIKeywordMain.groovy:26)
	at com.kms.katalon.core.webui.keyword.builtin.ClickKeyword.click(ClickKeyword.groovy:76)
	at com.kms.katalon.core.webui.keyword.builtin.ClickKeyword.execute(ClickKeyword.groovy:43)
	at com.kms.katalon.core.keyword.internal.KeywordExecutor.executeKeywordForPlatform(KeywordExecutor.groovy:73)
	at com.kms.katalon.core.webui.keyword.WebUiBuiltInKeywords.click(WebUiBuiltInKeywords.groovy:617)
	at com.kms.katalon.core.webui.keyword.WebUiBuiltInKeywords$click$3.call(Unknown Source)
	at FCSCMS-1270-S5 (User should be able to Add New Contacts).run(FCSCMS-1270-S5 (User should be able to Add New Contacts):19)
	at com.kms.katalon.core.main.ScriptEngine.run(ScriptEngine.java:194)
	at com.kms.katalon.core.main.ScriptEngine.runScriptAsRawText(ScriptEngine.java:119)
	at com.kms.katalon.core.main.TestCaseExecutor.runScript(TestCaseExecutor.java:339)
	at com.kms.katalon.core.main.TestCaseExecutor.doExecute(TestCaseExecutor.java:330)
	at com.kms.katalon.core.main.TestCaseExecutor.processExecutionPhase(TestCaseExecutor.java:309)
	at com.kms.katalon.core.main.TestCaseExecutor.accessMainPhase(TestCaseExecutor.java:301)
	at com.kms.katalon.core.main.TestCaseExecutor.execute(TestCaseExecutor.java:235)
	at com.kms.katalon.core.main.TestSuiteExecutor.accessTestCaseMainPhase(TestSuiteExecutor.java:191)
	at com.kms.katalon.core.main.TestSuiteExecutor.accessTestSuiteMainPhase(TestSuiteExecutor.java:141)
	at com.kms.katalon.core.main.TestSuiteExecutor.execute(TestSuiteExecutor.java:90)
	at com.kms.katalon.core.main.TestCaseMain.startTestSuite(TestCaseMain.java:157)
	at com.kms.katalon.core.main.TestCaseMain$startTestSuite$0.call(Unknown Source)
	at TempTestSuite1643261046689.run(TempTestSuite1643261046689.groovy:39)
Caused by: com.kms.katalon.core.webui.exception.WebElementNotFoundException: Web element with id: 'Object Repository/Admin/Sprint 5/FCSCMS-199/Add New Contact/button_Yes(Save)' located by '(//button[@type='button'])[20]' not found
	at com.kms.katalon.core.webui.common.WebUiCommonHelper.findWebElement(WebUiCommonHelper.java:1368)
	at com.kms.katalon.core.webui.keyword.internal.WebUIAbstractKeyword.findWebElement(WebUIAbstractKeyword.groovy:27)
	at com.kms.katalon.core.webui.keyword.internal.WebUIAbstractKeyword.findWebElement(WebUIAbstractKeyword.groovy:26)
	at com.kms.katalon.core.webui.keyword.builtin.ClickKeyword$_click_closure1.doCall(ClickKeyword.groovy:67)
	at com.kms.katalon.core.webui.keyword.builtin.ClickKeyword$_click_closure1.call(ClickKeyword.groovy)
	at com.kms.katalon.core.webui.keyword.internal.WebUIKeywordMain.runKeyword(WebUIKeywordMain.groovy:20)
	at com.kms.katalon.core.webui.keyword.builtin.ClickKeyword.click(ClickKeyword.groovy:76)
	at com.kms.katalon.core.webui.keyword.builtin.ClickKeyword.execute(ClickKeyword.groovy:43)
	at com.kms.katalon.core.keyword.internal.KeywordExecutor.executeKeywordForPlatform(KeywordExecutor.groovy:73)
	at com.kms.katalon.core.webui.keyword.WebUiBuiltInKeywords.click(WebUiBuiltInKeywords.groovy:617)
	at com.kms.katalon.core.webui.keyword.WebUiBuiltInKeywords$click$3.call(Unknown Source)
	at Script1641283557564.run(Script1641283557564.groovy:19)
	... 13 more
)
[[ATTACHMENT|C:\\Users\\me\\git\\nexterous-automation\\Reports\\20220127_132406\\Sprint 5\\FCSCMS-199 (Organizations - Client Profile - Contacts - Add New Contact)\\20220127_132406\\1643261231957.png]]]]></system-out>
         <system-err><![CDATA[2022-01-27 13:26:40 - [TEST_CASE][FAILED] - Test Cases/Sprint 5/FCSCMS-199/FCSCMS-1270-S5 (User should be able to Add New Contacts): Test Cases/Sprint 5/FCSCMS-199/FCSCMS-1270-S5 (User should be able to Add New Contacts) FAILED.
Reason:
com.kms.katalon.core.exception.StepFailedException: Unable to click on object 'Object Repository/Admin/Sprint 5/FCSCMS-199/Add New Contact/button_Yes(Save)'
	at com.kms.katalon.core.webui.keyword.internal.WebUIKeywordMain.stepFailed(WebUIKeywordMain.groovy:64)
	at com.kms.katalon.core.webui.keyword.internal.WebUIKeywordMain.runKeyword(WebUIKeywordMain.groovy:26)
	at com.kms.katalon.core.webui.keyword.builtin.ClickKeyword.click(ClickKeyword.groovy:76)
	at com.kms.katalon.core.webui.keyword.builtin.ClickKeyword.execute(ClickKeyword.groovy:43)
	at com.kms.katalon.core.keyword.internal.KeywordExecutor.executeKeywordForPlatform(KeywordExecutor.groovy:73)
	at com.kms.katalon.core.webui.keyword.WebUiBuiltInKeywords.click(WebUiBuiltInKeywords.groovy:617)
	at com.kms.katalon.core.webui.keyword.WebUiBuiltInKeywords$click$3.call(Unknown Source)
	at FCSCMS-1270-S5 (User should be able to Add New Contacts).run(FCSCMS-1270-S5 (User should be able to Add New Contacts):19)
	at com.kms.katalon.core.main.ScriptEngine.run(ScriptEngine.java:194)
	at com.kms.katalon.core.main.ScriptEngine.runScriptAsRawText(ScriptEngine.java:119)
	at com.kms.katalon.core.main.TestCaseExecutor.runScript(TestCaseExecutor.java:339)
	at com.kms.katalon.core.main.TestCaseExecutor.doExecute(TestCaseExecutor.java:330)
	at com.kms.katalon.core.main.TestCaseExecutor.processExecutionPhase(TestCaseExecutor.java:309)
	at com.kms.katalon.core.main.TestCaseExecutor.accessMainPhase(TestCaseExecutor.java:301)
	at com.kms.katalon.core.main.TestCaseExecutor.execute(TestCaseExecutor.java:235)
	at com.kms.katalon.core.main.TestSuiteExecutor.accessTestCaseMainPhase(TestSuiteExecutor.java:191)
	at com.kms.katalon.core.main.TestSuiteExecutor.accessTestSuiteMainPhase(TestSuiteExecutor.java:141)
	at com.kms.katalon.core.main.TestSuiteExecutor.execute(TestSuiteExecutor.java:90)
	at com.kms.katalon.core.main.TestCaseMain.startTestSuite(TestCaseMain.java:157)
	at com.kms.katalon.core.main.TestCaseMain$startTestSuite$0.call(Unknown Source)
	at TempTestSuite1643261046689.run(TempTestSuite1643261046689.groovy:39)
Caused by: com.kms.katalon.core.webui.exception.WebElementNotFoundException: Web element with id: 'Object Repository/Admin/Sprint 5/FCSCMS-199/Add New Contact/button_Yes(Save)' located by '(//button[@type='button'])[20]' not found
	at com.kms.katalon.core.webui.common.WebUiCommonHelper.findWebElement(WebUiCommonHelper.java:1368)
	at com.kms.katalon.core.webui.keyword.internal.WebUIAbstractKeyword.findWebElement(WebUIAbstractKeyword.groovy:27)
	at com.kms.katalon.core.webui.keyword.internal.WebUIAbstractKeyword.findWebElement(WebUIAbstractKeyword.groovy:26)
	at com.kms.katalon.core.webui.keyword.builtin.ClickKeyword$_click_closure1.doCall(ClickKeyword.groovy:67)
	at com.kms.katalon.core.webui.keyword.builtin.ClickKeyword$_click_closure1.call(ClickKeyword.groovy)
	at com.kms.katalon.core.webui.keyword.internal.WebUIKeywordMain.runKeyword(WebUIKeywordMain.groovy:20)
	... 19 more]]></system-err>
      </testcase>
      <testcase name="Test Cases/Sprint 5/FCSCMS-199/FCSCMS-1271-S5 (User should be able to select Yes No as confirmation)" time="2.6" classname="Test Cases/Sprint 5/FCSCMS-199/FCSCMS-1271-S5 (User should be able to select Yes No as confirmation)" status="PASSED">
         <system-out><![CDATA[2022-01-27 13:27:12 - [TEST_CASE][PASSED] - Test Cases/Sprint 5/FCSCMS-199/FCSCMS-1271-S5 (User should be able to select Yes No as confirmation): Test Cases/Sprint 5/FCSCMS-199/FCSCMS-1271-S5 (User should be able to select Yes No as confirmation)

2022-01-27 13:27:12 - [TEST_STEP][PASSED] - delay(2): Delayed 2 second(s)

2022-01-27 13:27:14 - [MESSAGE][PASSED] - Delayed 2 second(s)]]></system-out>
         <system-err><![CDATA[]]></system-err>
      </testcase>
      <testcase name="Test Cases/Sprint 5/FCSCMS-199/FCSCMS-1272-S5 (User should be able to Cancel process)" time="35.781" classname="Test Cases/Sprint 5/FCSCMS-199/FCSCMS-1272-S5 (User should be able to Cancel process)" status="FAILED">
         <failure type="FAILED" message="Test Cases/Sprint 5/FCSCMS-199/FCSCMS-1272-S5 (User should be able to Cancel process) FAILED.
Reason:
com.kms.katalon.core.exception.StepFailedException: Unable to click on object 'Object Repository/Admin/Sprint 5/FCSCMS-199/Contacts/button_Yes(Cancel)'
	at com.kms.katalon.core.webui.keyword.internal.WebUIKeywordMain.stepFailed(WebUIKeywordMain.groovy:64)
	at com.kms.katalon.core.webui.keyword.internal.WebUIKeywordMain.runKeyword(WebUIKeywordMain.groovy:26)
	at com.kms.katalon.core.webui.keyword.builtin.ClickKeyword.click(ClickKeyword.groovy:76)
	at com.kms.katalon.core.webui.keyword.builtin.ClickKeyword.execute(ClickKeyword.groovy:43)
	at com.kms.katalon.core.keyword.internal.KeywordExecutor.executeKeywordForPlatform(KeywordExecutor.groovy:73)
	at com.kms.katalon.core.webui.keyword.WebUiBuiltInKeywords.click(WebUiBuiltInKeywords.groovy:617)
	at com.kms.katalon.core.webui.keyword.WebUiBuiltInKeywords$click$3.call(Unknown Source)
	at FCSCMS-1272-S5 (User should be able to Cancel process).run(FCSCMS-1272-S5 (User should be able to Cancel process):27)
	at com.kms.katalon.core.main.ScriptEngine.run(ScriptEngine.java:194)
	at com.kms.katalon.core.main.ScriptEngine.runScriptAsRawText(ScriptEngine.java:119)
	at com.kms.katalon.core.main.TestCaseExecutor.runScript(TestCaseExecutor.java:339)
	at com.kms.katalon.core.main.TestCaseExecutor.doExecute(TestCaseExecutor.java:330)
	at com.kms.katalon.core.main.TestCaseExecutor.processExecutionPhase(TestCaseExecutor.java:309)
	at com.kms.katalon.core.main.TestCaseExecutor.accessMainPhase(TestCaseExecutor.java:301)
	at com.kms.katalon.core.main.TestCaseExecutor.execute(TestCaseExecutor.java:235)
	at com.kms.katalon.core.main.TestSuiteExecutor.accessTestCaseMainPhase(TestSuiteExecutor.java:191)
	at com.kms.katalon.core.main.TestSuiteExecutor.accessTestSuiteMainPhase(TestSuiteExecutor.java:141)
	at com.kms.katalon.core.main.TestSuiteExecutor.execute(TestSuiteExecutor.java:90)
	at com.kms.katalon.core.main.TestCaseMain.startTestSuite(TestCaseMain.java:157)
	at com.kms.katalon.core.main.TestCaseMain$startTestSuite$0.call(Unknown Source)
	at TempTestSuite1643261046689.run(TempTestSuite1643261046689.groovy:39)
Caused by: com.kms.katalon.core.webui.exception.WebElementNotFoundException: Web element with id: 'Object Repository/Admin/Sprint 5/FCSCMS-199/Contacts/button_Yes(Cancel)' located by '(//button[@type='button'])[20]' not found
	at com.kms.katalon.core.webui.common.WebUiCommonHelper.findWebElement(WebUiCommonHelper.java:1368)
	at com.kms.katalon.core.webui.keyword.internal.WebUIAbstractKeyword.findWebElement(WebUIAbstractKeyword.groovy:27)
	at com.kms.katalon.core.webui.keyword.internal.WebUIAbstractKeyword.findWebElement(WebUIAbstractKeyword.groovy:26)
	at com.kms.katalon.core.webui.keyword.builtin.ClickKeyword$_click_closure1.doCall(ClickKeyword.groovy:67)
	at com.kms.katalon.core.webui.keyword.builtin.ClickKeyword$_click_closure1.call(ClickKeyword.groovy)
	at com.kms.katalon.core.webui.keyword.internal.WebUIKeywordMain.runKeyword(WebUIKeywordMain.groovy:20)
	... 19 more
"/>
         <system-out><![CDATA[2022-01-27 13:27:14 - [TEST_CASE][FAILED] - Test Cases/Sprint 5/FCSCMS-199/FCSCMS-1272-S5 (User should be able to Cancel process): Test Cases/Sprint 5/FCSCMS-199/FCSCMS-1272-S5 (User should be able to Cancel process) FAILED.
Reason:
com.kms.katalon.core.exception.StepFailedException: Unable to click on object 'Object Repository/Admin/Sprint 5/FCSCMS-199/Contacts/button_Yes(Cancel)'
	at com.kms.katalon.core.webui.keyword.internal.WebUIKeywordMain.stepFailed(WebUIKeywordMain.groovy:64)
	at com.kms.katalon.core.webui.keyword.internal.WebUIKeywordMain.runKeyword(WebUIKeywordMain.groovy:26)
	at com.kms.katalon.core.webui.keyword.builtin.ClickKeyword.click(ClickKeyword.groovy:76)
	at com.kms.katalon.core.webui.keyword.builtin.ClickKeyword.execute(ClickKeyword.groovy:43)
	at com.kms.katalon.core.keyword.internal.KeywordExecutor.executeKeywordForPlatform(KeywordExecutor.groovy:73)
	at com.kms.katalon.core.webui.keyword.WebUiBuiltInKeywords.click(WebUiBuiltInKeywords.groovy:617)
	at com.kms.katalon.core.webui.keyword.WebUiBuiltInKeywords$click$3.call(Unknown Source)
	at FCSCMS-1272-S5 (User should be able to Cancel process).run(FCSCMS-1272-S5 (User should be able to Cancel process):27)
	at com.kms.katalon.core.main.ScriptEngine.run(ScriptEngine.java:194)
	at com.kms.katalon.core.main.ScriptEngine.runScriptAsRawText(ScriptEngine.java:119)
	at com.kms.katalon.core.main.TestCaseExecutor.runScript(TestCaseExecutor.java:339)
	at com.kms.katalon.core.main.TestCaseExecutor.doExecute(TestCaseExecutor.java:330)
	at com.kms.katalon.core.main.TestCaseExecutor.processExecutionPhase(TestCaseExecutor.java:309)
	at com.kms.katalon.core.main.TestCaseExecutor.accessMainPhase(TestCaseExecutor.java:301)
	at com.kms.katalon.core.main.TestCaseExecutor.execute(TestCaseExecutor.java:235)
	at com.kms.katalon.core.main.TestSuiteExecutor.accessTestCaseMainPhase(TestSuiteExecutor.java:191)
	at com.kms.katalon.core.main.TestSuiteExecutor.accessTestSuiteMainPhase(TestSuiteExecutor.java:141)
	at com.kms.katalon.core.main.TestSuiteExecutor.execute(TestSuiteExecutor.java:90)
	at com.kms.katalon.core.main.TestCaseMain.startTestSuite(TestCaseMain.java:157)
	at com.kms.katalon.core.main.TestCaseMain$startTestSuite$0.call(Unknown Source)
	at TempTestSuite1643261046689.run(TempTestSuite1643261046689.groovy:39)
Caused by: com.kms.katalon.core.webui.exception.WebElementNotFoundException: Web element with id: 'Object Repository/Admin/Sprint 5/FCSCMS-199/Contacts/button_Yes(Cancel)' located by '(//button[@type='button'])[20]' not found
	at com.kms.katalon.core.webui.common.WebUiCommonHelper.findWebElement(WebUiCommonHelper.java:1368)
	at com.kms.katalon.core.webui.keyword.internal.WebUIAbstractKeyword.findWebElement(WebUIAbstractKeyword.groovy:27)
	at com.kms.katalon.core.webui.keyword.internal.WebUIAbstractKeyword.findWebElement(WebUIAbstractKeyword.groovy:26)
	at com.kms.katalon.core.webui.keyword.builtin.ClickKeyword$_click_closure1.doCall(ClickKeyword.groovy:67)
	at com.kms.katalon.core.webui.keyword.builtin.ClickKeyword$_click_closure1.call(ClickKeyword.groovy)
	at com.kms.katalon.core.webui.keyword.internal.WebUIKeywordMain.runKeyword(WebUIKeywordMain.groovy:20)
	... 19 more


2022-01-27 13:27:15 - [TEST_STEP][PASSED] - click(findTestObject("Admin/Sprint 5/FCSCMS-199/Contacts/button_Add New Contact")): Object: 'Object Repository/Admin/Sprint 5/FCSCMS-199/Contacts/button_Add New Contact' is clicked on

2022-01-27 13:27:15 - [MESSAGE][PASSED] - Object: 'Object Repository/Admin/Sprint 5/FCSCMS-199/Contacts/button_Add New Contact' is clicked on

2022-01-27 13:27:15 - [TEST_STEP][PASSED] - delay(2): Delayed 2 second(s)

2022-01-27 13:27:17 - [MESSAGE][PASSED] - Delayed 2 second(s)

2022-01-27 13:27:17 - [TEST_STEP][PASSED] - click(findTestObject("Admin/Sprint 5/FCSCMS-199/Add New Contact/button_Cancel")): Object: 'Object Repository/Admin/Sprint 5/FCSCMS-199/Add New Contact/button_Cancel' is clicked on

2022-01-27 13:27:18 - [MESSAGE][PASSED] - Object: 'Object Repository/Admin/Sprint 5/FCSCMS-199/Add New Contact/button_Cancel' is clicked on

2022-01-27 13:27:18 - [TEST_STEP][PASSED] - delay(1): Delayed 1 second(s)

2022-01-27 13:27:19 - [MESSAGE][PASSED] - Delayed 1 second(s)

2022-01-27 13:27:19 - [TEST_STEP][FAILED] - click(findTestObject("Admin/Sprint 5/FCSCMS-199/Contacts/button_Yes(Cancel)")): Unable to click on object 'Object Repository/Admin/Sprint 5/FCSCMS-199/Contacts/button_Yes(Cancel)' (Root cause: com.kms.katalon.core.exception.StepFailedException: Unable to click on object 'Object Repository/Admin/Sprint 5/FCSCMS-199/Contacts/button_Yes(Cancel)'
	at com.kms.katalon.core.webui.keyword.internal.WebUIKeywordMain.stepFailed(WebUIKeywordMain.groovy:64)
	at com.kms.katalon.core.webui.keyword.internal.WebUIKeywordMain.runKeyword(WebUIKeywordMain.groovy:26)
	at com.kms.katalon.core.webui.keyword.builtin.ClickKeyword.click(ClickKeyword.groovy:76)
	at com.kms.katalon.core.webui.keyword.builtin.ClickKeyword.execute(ClickKeyword.groovy:43)
	at com.kms.katalon.core.keyword.internal.KeywordExecutor.executeKeywordForPlatform(KeywordExecutor.groovy:73)
	at com.kms.katalon.core.webui.keyword.WebUiBuiltInKeywords.click(WebUiBuiltInKeywords.groovy:617)
	at com.kms.katalon.core.webui.keyword.WebUiBuiltInKeywords$click$3.call(Unknown Source)
	at FCSCMS-1272-S5 (User should be able to Cancel process).run(FCSCMS-1272-S5 (User should be able to Cancel process):27)
	at com.kms.katalon.core.main.ScriptEngine.run(ScriptEngine.java:194)
	at com.kms.katalon.core.main.ScriptEngine.runScriptAsRawText(ScriptEngine.java:119)
	at com.kms.katalon.core.main.TestCaseExecutor.runScript(TestCaseExecutor.java:339)
	at com.kms.katalon.core.main.TestCaseExecutor.doExecute(TestCaseExecutor.java:330)
	at com.kms.katalon.core.main.TestCaseExecutor.processExecutionPhase(TestCaseExecutor.java:309)
	at com.kms.katalon.core.main.TestCaseExecutor.accessMainPhase(TestCaseExecutor.java:301)
	at com.kms.katalon.core.main.TestCaseExecutor.execute(TestCaseExecutor.java:235)
	at com.kms.katalon.core.main.TestSuiteExecutor.accessTestCaseMainPhase(TestSuiteExecutor.java:191)
	at com.kms.katalon.core.main.TestSuiteExecutor.accessTestSuiteMainPhase(TestSuiteExecutor.java:141)
	at com.kms.katalon.core.main.TestSuiteExecutor.execute(TestSuiteExecutor.java:90)
	at com.kms.katalon.core.main.TestCaseMain.startTestSuite(TestCaseMain.java:157)
	at com.kms.katalon.core.main.TestCaseMain$startTestSuite$0.call(Unknown Source)
	at TempTestSuite1643261046689.run(TempTestSuite1643261046689.groovy:39)
Caused by: com.kms.katalon.core.webui.exception.WebElementNotFoundException: Web element with id: 'Object Repository/Admin/Sprint 5/FCSCMS-199/Contacts/button_Yes(Cancel)' located by '(//button[@type='button'])[20]' not found
	at com.kms.katalon.core.webui.common.WebUiCommonHelper.findWebElement(WebUiCommonHelper.java:1368)
	at com.kms.katalon.core.webui.keyword.internal.WebUIAbstractKeyword.findWebElement(WebUIAbstractKeyword.groovy:27)
	at com.kms.katalon.core.webui.keyword.internal.WebUIAbstractKeyword.findWebElement(WebUIAbstractKeyword.groovy:26)
	at com.kms.katalon.core.webui.keyword.builtin.ClickKeyword$_click_closure1.doCall(ClickKeyword.groovy:67)
	at com.kms.katalon.core.webui.keyword.builtin.ClickKeyword$_click_closure1.call(ClickKeyword.groovy)
	at com.kms.katalon.core.webui.keyword.internal.WebUIKeywordMain.runKeyword(WebUIKeywordMain.groovy:20)
	at com.kms.katalon.core.webui.keyword.builtin.ClickKeyword.click(ClickKeyword.groovy:76)
	at com.kms.katalon.core.webui.keyword.builtin.ClickKeyword.execute(ClickKeyword.groovy:43)
	at com.kms.katalon.core.keyword.internal.KeywordExecutor.executeKeywordForPlatform(KeywordExecutor.groovy:73)
	at com.kms.katalon.core.webui.keyword.WebUiBuiltInKeywords.click(WebUiBuiltInKeywords.groovy:617)
	at com.kms.katalon.core.webui.keyword.WebUiBuiltInKeywords$click$3.call(Unknown Source)
	at Script1641283694954.run(Script1641283694954.groovy:27)
	... 13 more
)

2022-01-27 13:27:50 - [MESSAGE][INFO] - Unable to find the element located by 'By.xpath: (//button[@type='button'])[20]'. Please recheck the objects properties to make sure the desired element is located. 

2022-01-27 13:27:50 - [MESSAGE][FAILED] - Unable to click on object 'Object Repository/Admin/Sprint 5/FCSCMS-199/Contacts/button_Yes(Cancel)' (Root cause: com.kms.katalon.core.exception.StepFailedException: Unable to click on object 'Object Repository/Admin/Sprint 5/FCSCMS-199/Contacts/button_Yes(Cancel)'
	at com.kms.katalon.core.webui.keyword.internal.WebUIKeywordMain.stepFailed(WebUIKeywordMain.groovy:64)
	at com.kms.katalon.core.webui.keyword.internal.WebUIKeywordMain.runKeyword(WebUIKeywordMain.groovy:26)
	at com.kms.katalon.core.webui.keyword.builtin.ClickKeyword.click(ClickKeyword.groovy:76)
	at com.kms.katalon.core.webui.keyword.builtin.ClickKeyword.execute(ClickKeyword.groovy:43)
	at com.kms.katalon.core.keyword.internal.KeywordExecutor.executeKeywordForPlatform(KeywordExecutor.groovy:73)
	at com.kms.katalon.core.webui.keyword.WebUiBuiltInKeywords.click(WebUiBuiltInKeywords.groovy:617)
	at com.kms.katalon.core.webui.keyword.WebUiBuiltInKeywords$click$3.call(Unknown Source)
	at FCSCMS-1272-S5 (User should be able to Cancel process).run(FCSCMS-1272-S5 (User should be able to Cancel process):27)
	at com.kms.katalon.core.main.ScriptEngine.run(ScriptEngine.java:194)
	at com.kms.katalon.core.main.ScriptEngine.runScriptAsRawText(ScriptEngine.java:119)
	at com.kms.katalon.core.main.TestCaseExecutor.runScript(TestCaseExecutor.java:339)
	at com.kms.katalon.core.main.TestCaseExecutor.doExecute(TestCaseExecutor.java:330)
	at com.kms.katalon.core.main.TestCaseExecutor.processExecutionPhase(TestCaseExecutor.java:309)
	at com.kms.katalon.core.main.TestCaseExecutor.accessMainPhase(TestCaseExecutor.java:301)
	at com.kms.katalon.core.main.TestCaseExecutor.execute(TestCaseExecutor.java:235)
	at com.kms.katalon.core.main.TestSuiteExecutor.accessTestCaseMainPhase(TestSuiteExecutor.java:191)
	at com.kms.katalon.core.main.TestSuiteExecutor.accessTestSuiteMainPhase(TestSuiteExecutor.java:141)
	at com.kms.katalon.core.main.TestSuiteExecutor.execute(TestSuiteExecutor.java:90)
	at com.kms.katalon.core.main.TestCaseMain.startTestSuite(TestCaseMain.java:157)
	at com.kms.katalon.core.main.TestCaseMain$startTestSuite$0.call(Unknown Source)
	at TempTestSuite1643261046689.run(TempTestSuite1643261046689.groovy:39)
Caused by: com.kms.katalon.core.webui.exception.WebElementNotFoundException: Web element with id: 'Object Repository/Admin/Sprint 5/FCSCMS-199/Contacts/button_Yes(Cancel)' located by '(//button[@type='button'])[20]' not found
	at com.kms.katalon.core.webui.common.WebUiCommonHelper.findWebElement(WebUiCommonHelper.java:1368)
	at com.kms.katalon.core.webui.keyword.internal.WebUIAbstractKeyword.findWebElement(WebUIAbstractKeyword.groovy:27)
	at com.kms.katalon.core.webui.keyword.internal.WebUIAbstractKeyword.findWebElement(WebUIAbstractKeyword.groovy:26)
	at com.kms.katalon.core.webui.keyword.builtin.ClickKeyword$_click_closure1.doCall(ClickKeyword.groovy:67)
	at com.kms.katalon.core.webui.keyword.builtin.ClickKeyword$_click_closure1.call(ClickKeyword.groovy)
	at com.kms.katalon.core.webui.keyword.internal.WebUIKeywordMain.runKeyword(WebUIKeywordMain.groovy:20)
	at com.kms.katalon.core.webui.keyword.builtin.ClickKeyword.click(ClickKeyword.groovy:76)
	at com.kms.katalon.core.webui.keyword.builtin.ClickKeyword.execute(ClickKeyword.groovy:43)
	at com.kms.katalon.core.keyword.internal.KeywordExecutor.executeKeywordForPlatform(KeywordExecutor.groovy:73)
	at com.kms.katalon.core.webui.keyword.WebUiBuiltInKeywords.click(WebUiBuiltInKeywords.groovy:617)
	at com.kms.katalon.core.webui.keyword.WebUiBuiltInKeywords$click$3.call(Unknown Source)
	at Script1641283694954.run(Script1641283694954.groovy:27)
	... 13 more
)
[[ATTACHMENT|C:\\Users\\me\\git\\nexterous-automation\\Reports\\20220127_132406\\Sprint 5\\FCSCMS-199 (Organizations - Client Profile - Contacts - Add New Contact)\\20220127_132406\\1643261270313.png]]]]></system-out>
         <system-err><![CDATA[2022-01-27 13:27:14 - [TEST_CASE][FAILED] - Test Cases/Sprint 5/FCSCMS-199/FCSCMS-1272-S5 (User should be able to Cancel process): Test Cases/Sprint 5/FCSCMS-199/FCSCMS-1272-S5 (User should be able to Cancel process) FAILED.
Reason:
com.kms.katalon.core.exception.StepFailedException: Unable to click on object 'Object Repository/Admin/Sprint 5/FCSCMS-199/Contacts/button_Yes(Cancel)'
	at com.kms.katalon.core.webui.keyword.internal.WebUIKeywordMain.stepFailed(WebUIKeywordMain.groovy:64)
	at com.kms.katalon.core.webui.keyword.internal.WebUIKeywordMain.runKeyword(WebUIKeywordMain.groovy:26)
	at com.kms.katalon.core.webui.keyword.builtin.ClickKeyword.click(ClickKeyword.groovy:76)
	at com.kms.katalon.core.webui.keyword.builtin.ClickKeyword.execute(ClickKeyword.groovy:43)
	at com.kms.katalon.core.keyword.internal.KeywordExecutor.executeKeywordForPlatform(KeywordExecutor.groovy:73)
	at com.kms.katalon.core.webui.keyword.WebUiBuiltInKeywords.click(WebUiBuiltInKeywords.groovy:617)
	at com.kms.katalon.core.webui.keyword.WebUiBuiltInKeywords$click$3.call(Unknown Source)
	at FCSCMS-1272-S5 (User should be able to Cancel process).run(FCSCMS-1272-S5 (User should be able to Cancel process):27)
	at com.kms.katalon.core.main.ScriptEngine.run(ScriptEngine.java:194)
	at com.kms.katalon.core.main.ScriptEngine.runScriptAsRawText(ScriptEngine.java:119)
	at com.kms.katalon.core.main.TestCaseExecutor.runScript(TestCaseExecutor.java:339)
	at com.kms.katalon.core.main.TestCaseExecutor.doExecute(TestCaseExecutor.java:330)
	at com.kms.katalon.core.main.TestCaseExecutor.processExecutionPhase(TestCaseExecutor.java:309)
	at com.kms.katalon.core.main.TestCaseExecutor.accessMainPhase(TestCaseExecutor.java:301)
	at com.kms.katalon.core.main.TestCaseExecutor.execute(TestCaseExecutor.java:235)
	at com.kms.katalon.core.main.TestSuiteExecutor.accessTestCaseMainPhase(TestSuiteExecutor.java:191)
	at com.kms.katalon.core.main.TestSuiteExecutor.accessTestSuiteMainPhase(TestSuiteExecutor.java:141)
	at com.kms.katalon.core.main.TestSuiteExecutor.execute(TestSuiteExecutor.java:90)
	at com.kms.katalon.core.main.TestCaseMain.startTestSuite(TestCaseMain.java:157)
	at com.kms.katalon.core.main.TestCaseMain$startTestSuite$0.call(Unknown Source)
	at TempTestSuite1643261046689.run(TempTestSuite1643261046689.groovy:39)
Caused by: com.kms.katalon.core.webui.exception.WebElementNotFoundException: Web element with id: 'Object Repository/Admin/Sprint 5/FCSCMS-199/Contacts/button_Yes(Cancel)' located by '(//button[@type='button'])[20]' not found
	at com.kms.katalon.core.webui.common.WebUiCommonHelper.findWebElement(WebUiCommonHelper.java:1368)
	at com.kms.katalon.core.webui.keyword.internal.WebUIAbstractKeyword.findWebElement(WebUIAbstractKeyword.groovy:27)
	at com.kms.katalon.core.webui.keyword.internal.WebUIAbstractKeyword.findWebElement(WebUIAbstractKeyword.groovy:26)
	at com.kms.katalon.core.webui.keyword.builtin.ClickKeyword$_click_closure1.doCall(ClickKeyword.groovy:67)
	at com.kms.katalon.core.webui.keyword.builtin.ClickKeyword$_click_closure1.call(ClickKeyword.groovy)
	at com.kms.katalon.core.webui.keyword.internal.WebUIKeywordMain.runKeyword(WebUIKeywordMain.groovy:20)
	... 19 more]]></system-err>
      </testcase>
      <system-out><![CDATA[2022-01-27 13:24:26 - [TEST_SUITE][FAILED] - FCSCMS-199 (Organizations - Client Profile - Contacts - Add New Contact): Test Cases/Sprint 5/FCSCMS-199/FCSCMS-1249-S5 (User is able to select Assign site address) FAILED.
Reason:
com.kms.katalon.core.exception.StepFailedException: Unable to select option by label 'Test Address for Site' of object 'Object Repository/Admin/Sprint 5/FCSCMS-199/Add New Contact/select_SelectTest Address for Site' 
	at com.kms.katalon.core.webui.keyword.internal.WebUIKeywordMain.stepFailed(WebUIKeywordMain.groovy:64)
	at com.kms.katalon.core.webui.keyword.internal.WebUIKeywordMain.runKeyword(WebUIKeywordMain.groovy:26)
	at com.kms.katalon.core.webui.keyword.builtin.SelectOptionByLabelKeyword.selectOptionByLabel(SelectOptionByLabelKeyword.groovy:98)
	at com.kms.katalon.core.webui.keyword.builtin.SelectOptionByLabelKeyword.execute(SelectOptionByLabelKeyword.groovy:71)
	at com.kms.katalon.core.keyword.internal.KeywordExecutor.executeKeywordForPlatform(KeywordExecutor.groovy:73)
	at com.kms.katalon.core.webui.keyword.WebUiBuiltInKeywords.selectOptionByLabel(WebUiBuiltInKeywords.groovy:1227)
	at com.kms.katalon.core.webui.keyword.WebUiBuiltInKeywords$selectOptionByLabel$6.call(Unknown Source)
	at FCSCMS-1249-S5 (User is able to select Assign site address).run(FCSCMS-1249-S5 (User is able to select Assign site address):19)
	at com.kms.katalon.core.main.ScriptEngine.run(ScriptEngine.java:194)
	at com.kms.katalon.core.main.ScriptEngine.runScriptAsRawText(ScriptEngine.java:119)
	at com.kms.katalon.core.main.TestCaseExecutor.runScript(TestCaseExecutor.java:339)
	at com.kms.katalon.core.main.TestCaseExecutor.doExecute(TestCaseExecutor.java:330)
	at com.kms.katalon.core.main.TestCaseExecutor.processExecutionPhase(TestCaseExecutor.java:309)
	at com.kms.katalon.core.main.TestCaseExecutor.accessMainPhase(TestCaseExecutor.java:301)
	at com.kms.katalon.core.main.TestCaseExecutor.execute(TestCaseExecutor.java:235)
	at com.kms.katalon.core.main.TestSuiteExecutor.accessTestCaseMainPhase(TestSuiteExecutor.java:191)
	at com.kms.katalon.core.main.TestSuiteExecutor.accessTestSuiteMainPhase(TestSuiteExecutor.java:141)
	at com.kms.katalon.core.main.TestSuiteExecutor.execute(TestSuiteExecutor.java:90)
	at com.kms.katalon.core.main.TestCaseMain.startTestSuite(TestCaseMain.java:157)
	at com.kms.katalon.core.main.TestCaseMain$startTestSuite$0.call(Unknown Source)
	at TempTestSuite1643261046689.run(TempTestSuite1643261046689.groovy:39)
Caused by: org.openqa.selenium.NoSuchElementException: Cannot locate element with text: Test Address for Site
For documentation on this error, please visit: https://www.seleniumhq.org/exceptions/no_such_element.html
Build info: version: '3.141.59', revision: 'e82be7d358', time: '2018-11-14T08:25:53'
System info: host: 'DESKTOP-S7SF50D', ip: '192.168.100.4', os.name: 'Windows 10', os.arch: 'amd64', os.version: '10.0', java.version: '1.8.0_181'
Driver info: driver.version: unknown
	at org.openqa.selenium.support.ui.Select.selectByVisibleText(Select.java:147)
	at com.kms.katalon.core.webui.common.WebUiCommonHelper.selectOrDeselectOptionsByLabel(WebUiCommonHelper.java:309)
	at com.kms.katalon.core.webui.keyword.builtin.SelectOptionByLabelKeyword$_selectOptionByLabel_closure1.doCall(SelectOptionByLabelKeyword.groovy:87)
	at com.kms.katalon.core.webui.keyword.builtin.SelectOptionByLabelKeyword$_selectOptionByLabel_closure1.call(SelectOptionByLabelKeyword.groovy)
	at com.kms.katalon.core.webui.keyword.internal.WebUIKeywordMain.runKeyword(WebUIKeywordMain.groovy:20)
	... 19 more]]></system-out>
      <system-err><![CDATA[2022-01-27 13:24:26 - [TEST_SUITE][FAILED] - FCSCMS-199 (Organizations - Client Profile - Contacts - Add New Contact): Test Cases/Sprint 5/FCSCMS-199/FCSCMS-1249-S5 (User is able to select Assign site address) FAILED.
Reason:
com.kms.katalon.core.exception.StepFailedException: Unable to select option by label 'Test Address for Site' of object 'Object Repository/Admin/Sprint 5/FCSCMS-199/Add New Contact/select_SelectTest Address for Site' 
	at com.kms.katalon.core.webui.keyword.internal.WebUIKeywordMain.stepFailed(WebUIKeywordMain.groovy:64)
	at com.kms.katalon.core.webui.keyword.internal.WebUIKeywordMain.runKeyword(WebUIKeywordMain.groovy:26)
	at com.kms.katalon.core.webui.keyword.builtin.SelectOptionByLabelKeyword.selectOptionByLabel(SelectOptionByLabelKeyword.groovy:98)
	at com.kms.katalon.core.webui.keyword.builtin.SelectOptionByLabelKeyword.execute(SelectOptionByLabelKeyword.groovy:71)
	at com.kms.katalon.core.keyword.internal.KeywordExecutor.executeKeywordForPlatform(KeywordExecutor.groovy:73)
	at com.kms.katalon.core.webui.keyword.WebUiBuiltInKeywords.selectOptionByLabel(WebUiBuiltInKeywords.groovy:1227)
	at com.kms.katalon.core.webui.keyword.WebUiBuiltInKeywords$selectOptionByLabel$6.call(Unknown Source)
	at FCSCMS-1249-S5 (User is able to select Assign site address).run(FCSCMS-1249-S5 (User is able to select Assign site address):19)
	at com.kms.katalon.core.main.ScriptEngine.run(ScriptEngine.java:194)
	at com.kms.katalon.core.main.ScriptEngine.runScriptAsRawText(ScriptEngine.java:119)
	at com.kms.katalon.core.main.TestCaseExecutor.runScript(TestCaseExecutor.java:339)
	at com.kms.katalon.core.main.TestCaseExecutor.doExecute(TestCaseExecutor.java:330)
	at com.kms.katalon.core.main.TestCaseExecutor.processExecutionPhase(TestCaseExecutor.java:309)
	at com.kms.katalon.core.main.TestCaseExecutor.accessMainPhase(TestCaseExecutor.java:301)
	at com.kms.katalon.core.main.TestCaseExecutor.execute(TestCaseExecutor.java:235)
	at com.kms.katalon.core.main.TestSuiteExecutor.accessTestCaseMainPhase(TestSuiteExecutor.java:191)
	at com.kms.katalon.core.main.TestSuiteExecutor.accessTestSuiteMainPhase(TestSuiteExecutor.java:141)
	at com.kms.katalon.core.main.TestSuiteExecutor.execute(TestSuiteExecutor.java:90)
	at com.kms.katalon.core.main.TestCaseMain.startTestSuite(TestCaseMain.java:157)
	at com.kms.katalon.core.main.TestCaseMain$startTestSuite$0.call(Unknown Source)
	at TempTestSuite1643261046689.run(TempTestSuite1643261046689.groovy:39)
Caused by: org.openqa.selenium.NoSuchElementException: Cannot locate element with text: Test Address for Site
For documentation on this error, please visit: https://www.seleniumhq.org/exceptions/no_such_element.html
Build info: version: '3.141.59', revision: 'e82be7d358', time: '2018-11-14T08:25:53'
System info: host: 'DESKTOP-S7SF50D', ip: '192.168.100.4', os.name: 'Windows 10', os.arch: 'amd64', os.version: '10.0', java.version: '1.8.0_181'
Driver info: driver.version: unknown
	at org.openqa.selenium.support.ui.Select.selectByVisibleText(Select.java:147)
	at com.kms.katalon.core.webui.common.WebUiCommonHelper.selectOrDeselectOptionsByLabel(WebUiCommonHelper.java:309)
	at com.kms.katalon.core.webui.keyword.builtin.SelectOptionByLabelKeyword$_selectOptionByLabel_closure1.doCall(SelectOptionByLabelKeyword.groovy:87)
	at com.kms.katalon.core.webui.keyword.builtin.SelectOptionByLabelKeyword$_selectOptionByLabel_closure1.call(SelectOptionByLabelKeyword.groovy)
	at com.kms.katalon.core.webui.keyword.internal.WebUIKeywordMain.runKeyword(WebUIKeywordMain.groovy:20)
	... 19 more]]></system-err>
   </testsuite>
</testsuites>
