<?xml version="1.0" encoding="UTF-8"?>
<testsuites name="FCSCMS-200 (Organizations - Client Profile - Contacts - View - Edit Contact)" time="149.941" tests="25" failures="1" errors="0">
   <testsuite name="FCSCMS-200 (Organizations - Client Profile - Contacts - View - Edit Contact)" tests="25" failures="1" errors="0" time="149.941" timestamp="2022-01-03 19:34:58" hostname="me - DESKTOP-S7SF50D" id="Test Suites/Sprint 5/FCSCMS-200 (Organizations - Client Profile - Contacts - View - Edit Contact)">
      <properties>
         <property name="deviceName" value=""/>
         <property name="devicePlatform" value=""/>
         <property name="logFolder" value="C:\\Users\\me\\git\\nexterous-automation\\Reports\\20220103_193442\\Sprint 5\\FCSCMS-200 (Organizations - Client Profile - Contacts - View - Edit Contact)\\20220103_193443"/>
         <property name="logFiles" value="C:\\Users\\me\\git\\nexterous-automation\\Reports\\20220103_193442\\Sprint 5\\FCSCMS-200 (Organizations - Client Profile - Contacts - View - Edit Contact)\\20220103_193443\\execution0.log"/>
         <property name="attachments" value="C:\\Users\\me\\git\\nexterous-automation\\Reports\\20220103_193442\\Sprint 5\\FCSCMS-200 (Organizations - Client Profile - Contacts - View - Edit Contact)\\20220103_193443\\1641209846390.png, C:\\Users\\me\\git\\nexterous-automation\\Reports\\20220103_193442\\Sprint 5\\FCSCMS-200 (Organizations - Client Profile - Contacts - View - Edit Contact)\\20220103_193443\\1641209846604.png"/>
         <property name="hostName" value="me - DESKTOP-S7SF50D"/>
         <property name="os" value="Windows 10 64bit"/>
         <property name="katalonVersion" value="7.7.0.205"/>
         <property name="browser" value="Chrome 96.0.4664.110"/>
         <property name="hostAddress" value="192.168.100.7"/>
         <property name="sessionId" value="7c63b1f7b2c2f7717d2c1405451313a1"/>
         <property name="seleniumVersion" value="3.141.59"/>
         <property name="proxyInformation" value="ProxyInformation { proxyOption=NO_PROXY, proxyServerType=HTTP, username=, password=********, proxyServerAddress=, proxyServerPort=0, executionList=&quot;&quot;, isApplyToDesiredCapabilities=true }"/>
         <property name="platform" value="Windows 10"/>
      </properties>
      <testcase name="Test Cases/Sprint 5/FCSCMS-200/FCSCMS-1186-S5 (Admin user should be able to log in using valid credentials)" time="17.023" classname="Test Cases/Sprint 5/FCSCMS-200/FCSCMS-1186-S5 (Admin user should be able to log in using valid credentials)" status="PASSED">
         <system-out><![CDATA[2022-01-03 19:34:58 - [TEST_CASE][PASSED] - Test Cases/Sprint 5/FCSCMS-200/FCSCMS-1186-S5 (Admin user should be able to log in using valid credentials): Test Cases/Sprint 5/FCSCMS-200/FCSCMS-1186-S5 (Admin user should be able to log in using valid credentials)

2022-01-03 19:34:59 - [TEST_STEP][PASSED] - openBrowser(""): Browser is opened with url: ''

2022-01-03 19:35:00 - [MESSAGE][INFO] - Starting 'Chrome' driver

2022-01-03 19:35:00 - [MESSAGE][INFO] - Action delay is set to 0 milliseconds

2022-01-03 19:35:04 - [MESSAGE][PASSED] - Browser is opened with url: ''

2022-01-03 19:35:04 - [TEST_STEP][PASSED] - navigateToUrl("https://nexterus-tst.outsystemsenterprise.com/FusionCenter/Login"): Navigate to 'https://nexterus-tst.outsystemsenterprise.com/FusionCenter/Login' successfully

2022-01-03 19:35:07 - [MESSAGE][PASSED] - Navigate to 'https://nexterus-tst.outsystemsenterprise.com/FusionCenter/Login' successfully

2022-01-03 19:35:07 - [TEST_STEP][PASSED] - maximizeWindow(): Current window maximized

2022-01-03 19:35:07 - [MESSAGE][PASSED] - Current window maximized

2022-01-03 19:35:07 - [TEST_STEP][PASSED] - delay(3): Delayed 3 second(s)

2022-01-03 19:35:11 - [MESSAGE][PASSED] - Delayed 3 second(s)

2022-01-03 19:35:11 - [TEST_STEP][PASSED] - setText(findTestObject("Login/Username_Field"), "admin"): Text 'admin' is set on object 'Object Repository/Login/Username_Field'

2022-01-03 19:35:12 - [MESSAGE][PASSED] - Text 'admin' is set on object 'Object Repository/Login/Username_Field'

2022-01-03 19:35:12 - [TEST_STEP][PASSED] - delay(1): Delayed 1 second(s)

2022-01-03 19:35:13 - [MESSAGE][PASSED] - Delayed 1 second(s)

2022-01-03 19:35:13 - [TEST_STEP][PASSED] - setText(findTestObject("Login/Password_Field"), "admin"): Text 'admin' is set on object 'Object Repository/Login/Password_Field'

2022-01-03 19:35:14 - [MESSAGE][PASSED] - Text 'admin' is set on object 'Object Repository/Login/Password_Field'

2022-01-03 19:35:14 - [TEST_STEP][PASSED] - delay(1): Delayed 1 second(s)

2022-01-03 19:35:15 - [MESSAGE][PASSED] - Delayed 1 second(s)

2022-01-03 19:35:15 - [TEST_STEP][PASSED] - click(findTestObject("Login/BTN_Login")): Object: 'Object Repository/Login/BTN_Login' is clicked on

2022-01-03 19:35:15 - [MESSAGE][PASSED] - Object: 'Object Repository/Login/BTN_Login' is clicked on]]></system-out>
         <system-err><![CDATA[]]></system-err>
      </testcase>
      <testcase name="Test Cases/Sprint 5/FCSCMS-200/FCSCMS-1187-S5 (User should be able to click the Clients option from the left navigation panel)" time="8.219" classname="Test Cases/Sprint 5/FCSCMS-200/FCSCMS-1187-S5 (User should be able to click the Clients option from the left navigation panel)" status="PASSED">
         <system-out><![CDATA[2022-01-03 19:35:15 - [TEST_CASE][PASSED] - Test Cases/Sprint 5/FCSCMS-200/FCSCMS-1187-S5 (User should be able to click the Clients option from the left navigation panel): Test Cases/Sprint 5/FCSCMS-200/FCSCMS-1187-S5 (User should be able to click the Clients option from the left navigation panel)

2022-01-03 19:35:16 - [TEST_STEP][PASSED] - delay(2): Delayed 2 second(s)

2022-01-03 19:35:18 - [MESSAGE][PASSED] - Delayed 2 second(s)

2022-01-03 19:35:18 - [TEST_STEP][PASSED] - click(findTestObject("Admin/Sprint 5/a_Clients")): Object: 'Object Repository/Admin/Sprint 5/a_Clients' is clicked on

2022-01-03 19:35:20 - [MESSAGE][PASSED] - Object: 'Object Repository/Admin/Sprint 5/a_Clients' is clicked on

2022-01-03 19:35:20 - [TEST_STEP][PASSED] - delay(2): Delayed 2 second(s)

2022-01-03 19:35:22 - [MESSAGE][PASSED] - Delayed 2 second(s)

2022-01-03 19:35:22 - [TEST_STEP][PASSED] - verifyElementVisible(findTestObject("Admin/Sprint 5/Clients/SearchBar_Clients")): Object 'Object Repository/Admin/Sprint 5/Clients/SearchBar_Clients' is visible

2022-01-03 19:35:23 - [MESSAGE][PASSED] - Object 'Object Repository/Admin/Sprint 5/Clients/SearchBar_Clients' is visible

2022-01-03 19:35:23 - [TEST_STEP][PASSED] - delay(1): Delayed 1 second(s)

2022-01-03 19:35:24 - [MESSAGE][PASSED] - Delayed 1 second(s)]]></system-out>
         <system-err><![CDATA[]]></system-err>
      </testcase>
      <testcase name="Test Cases/Sprint 5/FCSCMS-200/FCSCMS-1188-S5 (User should be able to search for the clients name in the quick search tab)" time="4.504" classname="Test Cases/Sprint 5/FCSCMS-200/FCSCMS-1188-S5 (User should be able to search for the clients name in the quick search tab)" status="PASSED">
         <system-out><![CDATA[2022-01-03 19:35:24 - [TEST_CASE][PASSED] - Test Cases/Sprint 5/FCSCMS-200/FCSCMS-1188-S5 (User should be able to search for the clients name in the quick search tab): Test Cases/Sprint 5/FCSCMS-200/FCSCMS-1188-S5 (User should be able to search for the clients name in the quick search tab)

2022-01-03 19:35:24 - [TEST_STEP][PASSED] - setText(findTestObject("Admin/Sprint 5/FCSCMS-194/SearchBar(Clients)"), "Smoke Test 3"): Text 'Smoke Test 3' is set on object 'Object Repository/Admin/Sprint 5/FCSCMS-194/SearchBar(Clients)'

2022-01-03 19:35:25 - [MESSAGE][PASSED] - Text 'Smoke Test 3' is set on object 'Object Repository/Admin/Sprint 5/FCSCMS-194/SearchBar(Clients)'

2022-01-03 19:35:25 - [TEST_STEP][PASSED] - delay(1): Delayed 1 second(s)

2022-01-03 19:35:26 - [MESSAGE][PASSED] - Delayed 1 second(s)

2022-01-03 19:35:26 - [TEST_STEP][PASSED] - click(findTestObject("Admin/Sprint 5/FCSCMS-194/SearchButton(Clients)")): Object: 'Object Repository/Admin/Sprint 5/FCSCMS-194/SearchButton(Clients)' is clicked on

2022-01-03 19:35:26 - [MESSAGE][PASSED] - Object: 'Object Repository/Admin/Sprint 5/FCSCMS-194/SearchButton(Clients)' is clicked on

2022-01-03 19:35:26 - [TEST_STEP][PASSED] - delay(2): Delayed 2 second(s)

2022-01-03 19:35:28 - [MESSAGE][PASSED] - Delayed 2 second(s)]]></system-out>
         <system-err><![CDATA[]]></system-err>
      </testcase>
      <testcase name="Test Cases/Sprint 5/FCSCMS-200/FCSCMS-1189-S5 (User should be able to view-edit the clients details)" time="2.628" classname="Test Cases/Sprint 5/FCSCMS-200/FCSCMS-1189-S5 (User should be able to view-edit the clients details)" status="PASSED">
         <system-out><![CDATA[2022-01-03 19:35:28 - [TEST_CASE][PASSED] - Test Cases/Sprint 5/FCSCMS-200/FCSCMS-1189-S5 (User should be able to view-edit the clients details): Test Cases/Sprint 5/FCSCMS-200/FCSCMS-1189-S5 (User should be able to view-edit the clients details)

2022-01-03 19:35:28 - [TEST_STEP][PASSED] - delay(2): Delayed 2 second(s)

2022-01-03 19:35:30 - [MESSAGE][PASSED] - Delayed 2 second(s)

2022-01-03 19:35:30 - [TEST_STEP][PASSED] - click(findTestObject("Admin/Sprint 5/FCSCMS200/EditIcon(FCSCMS200)")): Object: 'Object Repository/Admin/Sprint 5/FCSCMS200/EditIcon(FCSCMS200)' is clicked on

2022-01-03 19:35:31 - [MESSAGE][PASSED] - Object: 'Object Repository/Admin/Sprint 5/FCSCMS200/EditIcon(FCSCMS200)' is clicked on]]></system-out>
         <system-err><![CDATA[]]></system-err>
      </testcase>
      <testcase name="Test Cases/Sprint 5/FCSCMS-200/FCSCMS-1190-S5 (User should be able to click the Contacts tab on top of the clients page)" time="5.221" classname="Test Cases/Sprint 5/FCSCMS-200/FCSCMS-1190-S5 (User should be able to click the Contacts tab on top of the clients page)" status="PASSED">
         <system-out><![CDATA[2022-01-03 19:35:31 - [TEST_CASE][PASSED] - Test Cases/Sprint 5/FCSCMS-200/FCSCMS-1190-S5 (User should be able to click the Contacts tab on top of the clients page): Test Cases/Sprint 5/FCSCMS-200/FCSCMS-1190-S5 (User should be able to click the Contacts tab on top of the clients page)

2022-01-03 19:35:31 - [TEST_STEP][PASSED] - click(findTestObject("Admin/Sprint 5/FCSCMS-198/Contacts/div_Contacts")): Object: 'Object Repository/Admin/Sprint 5/FCSCMS-198/Contacts/div_Contacts' is clicked on

2022-01-03 19:35:34 - [MESSAGE][PASSED] - Object: 'Object Repository/Admin/Sprint 5/FCSCMS-198/Contacts/div_Contacts' is clicked on

2022-01-03 19:35:34 - [TEST_STEP][PASSED] - delay(2): Delayed 2 second(s)

2022-01-03 19:35:36 - [MESSAGE][PASSED] - Delayed 2 second(s)]]></system-out>
         <system-err><![CDATA[]]></system-err>
      </testcase>
      <testcase name="Test Cases/Sprint 5/FCSCMS-200/FCSCMS-1191-S5 (User should be able to search for the clients name in the quick search tab)" time="6.32" classname="Test Cases/Sprint 5/FCSCMS-200/FCSCMS-1191-S5 (User should be able to search for the clients name in the quick search tab)" status="PASSED">
         <system-out><![CDATA[2022-01-03 19:35:36 - [TEST_CASE][PASSED] - Test Cases/Sprint 5/FCSCMS-200/FCSCMS-1191-S5 (User should be able to search for the clients name in the quick search tab): Test Cases/Sprint 5/FCSCMS-200/FCSCMS-1191-S5 (User should be able to search for the clients name in the quick search tab)

2022-01-03 19:35:36 - [TEST_STEP][PASSED] - setText(findTestObject("Admin/Sprint 5/FCSCMS200/SearchField"), "AutomationTest2"): Text 'AutomationTest2' is set on object 'Object Repository/Admin/Sprint 5/FCSCMS200/SearchField'

2022-01-03 19:35:38 - [MESSAGE][PASSED] - Text 'AutomationTest2' is set on object 'Object Repository/Admin/Sprint 5/FCSCMS200/SearchField'

2022-01-03 19:35:38 - [TEST_STEP][PASSED] - delay(2): Delayed 2 second(s)

2022-01-03 19:35:40 - [MESSAGE][PASSED] - Delayed 2 second(s)

2022-01-03 19:35:40 - [TEST_STEP][PASSED] - click(findTestObject("Admin/Sprint 5/FCSCMS200/SearchButton")): Object: 'Object Repository/Admin/Sprint 5/FCSCMS200/SearchButton' is clicked on

2022-01-03 19:35:40 - [MESSAGE][PASSED] - Object: 'Object Repository/Admin/Sprint 5/FCSCMS200/SearchButton' is clicked on

2022-01-03 19:35:40 - [TEST_STEP][PASSED] - delay(2): Delayed 2 second(s)

2022-01-03 19:35:42 - [MESSAGE][PASSED] - Delayed 2 second(s)]]></system-out>
         <system-err><![CDATA[]]></system-err>
      </testcase>
      <testcase name="Test Cases/Sprint 5/FCSCMS-200/FCSCMS-1192-S5 (User should be able to Click view - edit the clients contacts)" time="4.743" classname="Test Cases/Sprint 5/FCSCMS-200/FCSCMS-1192-S5 (User should be able to Click view - edit the clients contacts)" status="PASSED">
         <system-out><![CDATA[2022-01-03 19:35:42 - [TEST_CASE][PASSED] - Test Cases/Sprint 5/FCSCMS-200/FCSCMS-1192-S5 (User should be able to Click view - edit the clients contacts): Test Cases/Sprint 5/FCSCMS-200/FCSCMS-1192-S5 (User should be able to Click view - edit the clients contacts)

2022-01-03 19:35:43 - [TEST_STEP][PASSED] - delay(2): Delayed 2 second(s)

2022-01-03 19:35:45 - [MESSAGE][PASSED] - Delayed 2 second(s)

2022-01-03 19:35:45 - [TEST_STEP][PASSED] - click(findTestObject("Admin/Sprint 5/FCSCMS200/EditIcon(AutomationTest2)")): Object: 'Object Repository/Admin/Sprint 5/FCSCMS200/EditIcon(AutomationTest2)' is clicked on

2022-01-03 19:35:45 - [MESSAGE][PASSED] - Object: 'Object Repository/Admin/Sprint 5/FCSCMS200/EditIcon(AutomationTest2)' is clicked on

2022-01-03 19:35:45 - [TEST_STEP][PASSED] - delay(2): Delayed 2 second(s)

2022-01-03 19:35:47 - [MESSAGE][PASSED] - Delayed 2 second(s)]]></system-out>
         <system-err><![CDATA[]]></system-err>
      </testcase>
      <testcase name="Test Cases/Sprint 5/FCSCMS-200/FCSCMS-1193-S5 (User should be able to view the filled Contacts form)" time="2.612" classname="Test Cases/Sprint 5/FCSCMS-200/FCSCMS-1193-S5 (User should be able to view the filled Contacts form)" status="PASSED">
         <system-out><![CDATA[2022-01-03 19:35:47 - [TEST_CASE][PASSED] - Test Cases/Sprint 5/FCSCMS-200/FCSCMS-1193-S5 (User should be able to view the filled Contacts form): Test Cases/Sprint 5/FCSCMS-200/FCSCMS-1193-S5 (User should be able to view the filled Contacts form)

2022-01-03 19:35:47 - [TEST_STEP][PASSED] - verifyElementVisible(findTestObject("Admin/Sprint 5/FCSCMS200/ContacsForm(AutomationTest2)")): Object 'Object Repository/Admin/Sprint 5/FCSCMS200/ContacsForm(AutomationTest2)' is visible

2022-01-03 19:35:48 - [MESSAGE][PASSED] - Object 'Object Repository/Admin/Sprint 5/FCSCMS200/ContacsForm(AutomationTest2)' is visible

2022-01-03 19:35:48 - [TEST_STEP][PASSED] - delay(2): Delayed 2 second(s)

2022-01-03 19:35:50 - [MESSAGE][PASSED] - Delayed 2 second(s)]]></system-out>
         <system-err><![CDATA[]]></system-err>
      </testcase>
      <testcase name="Test Cases/Sprint 5/FCSCMS-200/FCSCMS-1194-S5 (User should be able to view - edit the clients Contact Type)" time="4.638" classname="Test Cases/Sprint 5/FCSCMS-200/FCSCMS-1194-S5 (User should be able to view - edit the clients Contact Type)" status="PASSED">
         <system-out><![CDATA[2022-01-03 19:35:50 - [TEST_CASE][PASSED] - Test Cases/Sprint 5/FCSCMS-200/FCSCMS-1194-S5 (User should be able to view - edit the clients Contact Type): Test Cases/Sprint 5/FCSCMS-200/FCSCMS-1194-S5 (User should be able to view - edit the clients Contact Type)

2022-01-03 19:35:50 - [TEST_STEP][PASSED] - click(findTestObject("Admin/Sprint 5/FCSCMS200/EditContact/ContactSearchField")): Object: 'Object Repository/Admin/Sprint 5/FCSCMS200/EditContact/ContactSearchField' is clicked on

2022-01-03 19:35:51 - [MESSAGE][PASSED] - Object: 'Object Repository/Admin/Sprint 5/FCSCMS200/EditContact/ContactSearchField' is clicked on

2022-01-03 19:35:51 - [TEST_STEP][PASSED] - delay(1): Delayed 1 second(s)

2022-01-03 19:35:52 - [MESSAGE][PASSED] - Delayed 1 second(s)

2022-01-03 19:35:52 - [TEST_STEP][PASSED] - click(findTestObject("Admin/Sprint 5/FCSCMS200/EditContact/div_Funds Requests")): Object: 'Object Repository/Admin/Sprint 5/FCSCMS200/EditContact/div_Funds Requests' is clicked on

2022-01-03 19:35:52 - [MESSAGE][PASSED] - Object: 'Object Repository/Admin/Sprint 5/FCSCMS200/EditContact/div_Funds Requests' is clicked on

2022-01-03 19:35:52 - [TEST_STEP][PASSED] - delay(2): Delayed 2 second(s)

2022-01-03 19:35:54 - [MESSAGE][PASSED] - Delayed 2 second(s)

2022-01-03 19:35:54 - [TEST_STEP][PASSED] - click(findTestObject("Admin/Sprint 5/FCSCMS200/EditContact/button_Remove item(ContactsEdit)")): Object: 'Object Repository/Admin/Sprint 5/FCSCMS200/EditContact/button_Remove item(ContactsEdit)' is clicked on

2022-01-03 19:35:54 - [MESSAGE][PASSED] - Object: 'Object Repository/Admin/Sprint 5/FCSCMS200/EditContact/button_Remove item(ContactsEdit)' is clicked on]]></system-out>
         <system-err><![CDATA[]]></system-err>
      </testcase>
      <testcase name="Test Cases/Sprint 5/FCSCMS-200/FCSCMS-1195-S5 (User should be able to view - edit the clients Contact Name)" time="4.377" classname="Test Cases/Sprint 5/FCSCMS-200/FCSCMS-1195-S5 (User should be able to view - edit the clients Contact Name)" status="PASSED">
         <system-out><![CDATA[2022-01-03 19:35:54 - [TEST_CASE][PASSED] - Test Cases/Sprint 5/FCSCMS-200/FCSCMS-1195-S5 (User should be able to view - edit the clients Contact Name): Test Cases/Sprint 5/FCSCMS-200/FCSCMS-1195-S5 (User should be able to view - edit the clients Contact Name)

2022-01-03 19:35:55 - [TEST_STEP][PASSED] - clearText(findTestObject("Admin/Sprint 5/FCSCMS200/EditContact/ContactsName(AutomationTest2)")): Text of object 'Object Repository/Admin/Sprint 5/FCSCMS200/EditContact/ContactsName(AutomationTest2)' is cleared

2022-01-03 19:35:55 - [MESSAGE][PASSED] - Text of object 'Object Repository/Admin/Sprint 5/FCSCMS200/EditContact/ContactsName(AutomationTest2)' is cleared

2022-01-03 19:35:55 - [TEST_STEP][PASSED] - delay(2): Delayed 2 second(s)

2022-01-03 19:35:57 - [MESSAGE][PASSED] - Delayed 2 second(s)

2022-01-03 19:35:57 - [TEST_STEP][PASSED] - setText(findTestObject("Admin/Sprint 5/FCSCMS200/EditContact/ContactsName(AutomationTest2)"), "AutomationTest2"): Text 'AutomationTest2' is set on object 'Object Repository/Admin/Sprint 5/FCSCMS200/EditContact/ContactsName(AutomationTest2)'

2022-01-03 19:35:58 - [MESSAGE][PASSED] - Text 'AutomationTest2' is set on object 'Object Repository/Admin/Sprint 5/FCSCMS200/EditContact/ContactsName(AutomationTest2)'

2022-01-03 19:35:58 - [TEST_STEP][PASSED] - delay(1): Delayed 1 second(s)

2022-01-03 19:35:59 - [MESSAGE][PASSED] - Delayed 1 second(s)]]></system-out>
         <system-err><![CDATA[]]></system-err>
      </testcase>
      <testcase name="Test Cases/Sprint 5/FCSCMS-200/FCSCMS-1196-S5 (User should be able to view-edit the clients Assign Site)" time="4.723" classname="Test Cases/Sprint 5/FCSCMS-200/FCSCMS-1196-S5 (User should be able to view-edit the clients Assign Site)" status="PASSED">
         <system-out><![CDATA[2022-01-03 19:35:59 - [TEST_CASE][PASSED] - Test Cases/Sprint 5/FCSCMS-200/FCSCMS-1196-S5 (User should be able to view-edit the clients Assign Site): Test Cases/Sprint 5/FCSCMS-200/FCSCMS-1196-S5 (User should be able to view-edit the clients Assign Site)

2022-01-03 19:35:59 - [TEST_STEP][PASSED] - selectOptionByLabel(findTestObject("Admin/Sprint 5/FCSCMS200/EditContact/AssignSite(AutomationTest2)"), "Test Address for Site", false): All options with label 'Test Address for Site' are selected in object 'Object Repository/Admin/Sprint 5/FCSCMS200/EditContact/AssignSite(AutomationTest2)' 

2022-01-03 19:36:00 - [MESSAGE][PASSED] - All options with label 'Test Address for Site' are selected in object 'Object Repository/Admin/Sprint 5/FCSCMS200/EditContact/AssignSite(AutomationTest2)' 

2022-01-03 19:36:00 - [TEST_STEP][PASSED] - delay(2): Delayed 2 second(s)

2022-01-03 19:36:02 - [MESSAGE][PASSED] - Delayed 2 second(s)

2022-01-03 19:36:02 - [TEST_STEP][PASSED] - selectOptionByLabel(findTestObject("Admin/Sprint 5/FCSCMS200/EditContact/AssignSite(AutomationTest2)"), "Select", false): All options with label 'Select' are selected in object 'Object Repository/Admin/Sprint 5/FCSCMS200/EditContact/AssignSite(AutomationTest2)' 

2022-01-03 19:36:02 - [MESSAGE][PASSED] - All options with label 'Select' are selected in object 'Object Repository/Admin/Sprint 5/FCSCMS200/EditContact/AssignSite(AutomationTest2)' 

2022-01-03 19:36:02 - [TEST_STEP][PASSED] - delay(1): Delayed 1 second(s)

2022-01-03 19:36:03 - [MESSAGE][PASSED] - Delayed 1 second(s)]]></system-out>
         <system-err><![CDATA[]]></system-err>
      </testcase>
      <testcase name="Test Cases/Sprint 5/FCSCMS-200/FCSCMS-1197-S5 (User should be able to view-edit the clients Address Name)" time="2.975" classname="Test Cases/Sprint 5/FCSCMS-200/FCSCMS-1197-S5 (User should be able to view-edit the clients Address Name)" status="PASSED">
         <system-out><![CDATA[2022-01-03 19:36:03 - [TEST_CASE][PASSED] - Test Cases/Sprint 5/FCSCMS-200/FCSCMS-1197-S5 (User should be able to view-edit the clients Address Name): Test Cases/Sprint 5/FCSCMS-200/FCSCMS-1197-S5 (User should be able to view-edit the clients Address Name)

2022-01-03 19:36:04 - [TEST_STEP][PASSED] - setText(findTestObject("Admin/Sprint 5/FCSCMS200/EditContact/Address Name"), "AutomationAddress"): Text 'AutomationAddress' is set on object 'Object Repository/Admin/Sprint 5/FCSCMS200/EditContact/Address Name'

2022-01-03 19:36:04 - [MESSAGE][PASSED] - Text 'AutomationAddress' is set on object 'Object Repository/Admin/Sprint 5/FCSCMS200/EditContact/Address Name'

2022-01-03 19:36:04 - [TEST_STEP][PASSED] - delay(2): Delayed 2 second(s)

2022-01-03 19:36:06 - [MESSAGE][PASSED] - Delayed 2 second(s)]]></system-out>
         <system-err><![CDATA[]]></system-err>
      </testcase>
      <testcase name="Test Cases/Sprint 5/FCSCMS-200/FCSCMS-1198-S5 (Edit Address Line 1)" time="2.997" classname="Test Cases/Sprint 5/FCSCMS-200/FCSCMS-1198-S5 (Edit Address Line 1)" status="PASSED">
         <system-out><![CDATA[2022-01-03 19:36:06 - [TEST_CASE][PASSED] - Test Cases/Sprint 5/FCSCMS-200/FCSCMS-1198-S5 (Edit Address Line 1): Test Cases/Sprint 5/FCSCMS-200/FCSCMS-1198-S5 (Edit Address Line 1)

2022-01-03 19:36:07 - [TEST_STEP][PASSED] - setText(findTestObject("Admin/Sprint 5/FCSCMS200/EditContact/Address Line"), "ATLine1"): Text 'ATLine1' is set on object 'Object Repository/Admin/Sprint 5/FCSCMS200/EditContact/Address Line'

2022-01-03 19:36:07 - [MESSAGE][PASSED] - Text 'ATLine1' is set on object 'Object Repository/Admin/Sprint 5/FCSCMS200/EditContact/Address Line'

2022-01-03 19:36:07 - [TEST_STEP][PASSED] - delay(2): Delayed 2 second(s)

2022-01-03 19:36:09 - [MESSAGE][PASSED] - Delayed 2 second(s)]]></system-out>
         <system-err><![CDATA[]]></system-err>
      </testcase>
      <testcase name="Test Cases/Sprint 5/FCSCMS-200/FCSCMS-1199-S5 (Edit Address Line 2)" time="0.949" classname="Test Cases/Sprint 5/FCSCMS-200/FCSCMS-1199-S5 (Edit Address Line 2)" status="PASSED">
         <system-out><![CDATA[2022-01-03 19:36:09 - [TEST_CASE][PASSED] - Test Cases/Sprint 5/FCSCMS-200/FCSCMS-1199-S5 (Edit Address Line 2): Test Cases/Sprint 5/FCSCMS-200/FCSCMS-1199-S5 (Edit Address Line 2)

2022-01-03 19:36:10 - [TEST_STEP][PASSED] - setText(findTestObject("Admin/Sprint 5/FCSCMS200/EditContact/Address Line 2"), "ATLine2"): Text 'ATLine2' is set on object 'Object Repository/Admin/Sprint 5/FCSCMS200/EditContact/Address Line 2'

2022-01-03 19:36:10 - [MESSAGE][PASSED] - Text 'ATLine2' is set on object 'Object Repository/Admin/Sprint 5/FCSCMS200/EditContact/Address Line 2']]></system-out>
         <system-err><![CDATA[]]></system-err>
      </testcase>
      <testcase name="Test Cases/Sprint 5/FCSCMS-200/FCSCMS-1200-S5 (Edit Clients City)" time="4.161" classname="Test Cases/Sprint 5/FCSCMS-200/FCSCMS-1200-S5 (Edit Clients City)" status="PASSED">
         <system-out><![CDATA[2022-01-03 19:36:10 - [TEST_CASE][PASSED] - Test Cases/Sprint 5/FCSCMS-200/FCSCMS-1200-S5 (Edit Clients City): Test Cases/Sprint 5/FCSCMS-200/FCSCMS-1200-S5 (Edit Clients City)

2022-01-03 19:36:11 - [TEST_STEP][PASSED] - click(findTestObject("Admin/Sprint 5/FCSCMS200/EditContact/div_City")): Object: 'Object Repository/Admin/Sprint 5/FCSCMS200/EditContact/div_City' is clicked on

2022-01-03 19:36:11 - [MESSAGE][PASSED] - Object: 'Object Repository/Admin/Sprint 5/FCSCMS200/EditContact/div_City' is clicked on

2022-01-03 19:36:11 - [TEST_STEP][PASSED] - delay(1): Delayed 1 second(s)

2022-01-03 19:36:12 - [MESSAGE][PASSED] - Delayed 1 second(s)

2022-01-03 19:36:12 - [TEST_STEP][PASSED] - click(findTestObject("Admin/Sprint 5/FCSCMS200/EditContact/div_Alabaster")): Object: 'Object Repository/Admin/Sprint 5/FCSCMS200/EditContact/div_Alabaster' is clicked on

2022-01-03 19:36:13 - [MESSAGE][PASSED] - Object: 'Object Repository/Admin/Sprint 5/FCSCMS200/EditContact/div_Alabaster' is clicked on

2022-01-03 19:36:13 - [TEST_STEP][PASSED] - delay(2): Delayed 2 second(s)

2022-01-03 19:36:15 - [MESSAGE][PASSED] - Delayed 2 second(s)]]></system-out>
         <system-err><![CDATA[]]></system-err>
      </testcase>
      <testcase name="Test Cases/Sprint 5/FCSCMS-200/FCSCMS-1201-S5 (Edit State Dropdown)" time="3.156" classname="Test Cases/Sprint 5/FCSCMS-200/FCSCMS-1201-S5 (Edit State Dropdown)" status="PASSED">
         <system-out><![CDATA[2022-01-03 19:36:15 - [TEST_CASE][PASSED] - Test Cases/Sprint 5/FCSCMS-200/FCSCMS-1201-S5 (Edit State Dropdown): Test Cases/Sprint 5/FCSCMS-200/FCSCMS-1201-S5 (Edit State Dropdown)

2022-01-03 19:36:15 - [TEST_STEP][PASSED] - click(findTestObject("Admin/Sprint 5/FCSCMS200/EditContact/div_State")): Object: 'Object Repository/Admin/Sprint 5/FCSCMS200/EditContact/div_State' is clicked on

2022-01-03 19:36:15 - [MESSAGE][PASSED] - Object: 'Object Repository/Admin/Sprint 5/FCSCMS200/EditContact/div_State' is clicked on

2022-01-03 19:36:15 - [TEST_STEP][PASSED] - delay(2): Delayed 2 second(s)

2022-01-03 19:36:17 - [MESSAGE][PASSED] - Delayed 2 second(s)

2022-01-03 19:36:17 - [TEST_STEP][PASSED] - click(findTestObject("Admin/Sprint 5/FCSCMS200/EditContact/div_Alabama")): Object: 'Object Repository/Admin/Sprint 5/FCSCMS200/EditContact/div_Alabama' is clicked on

2022-01-03 19:36:18 - [MESSAGE][PASSED] - Object: 'Object Repository/Admin/Sprint 5/FCSCMS200/EditContact/div_Alabama' is clicked on]]></system-out>
         <system-err><![CDATA[]]></system-err>
      </testcase>
      <testcase name="Test Cases/Sprint 5/FCSCMS-200/FCSCMS-1202-S5 (Edit Client Zipcode)" time="3.733" classname="Test Cases/Sprint 5/FCSCMS-200/FCSCMS-1202-S5 (Edit Client Zipcode)" status="PASSED">
         <system-out><![CDATA[2022-01-03 19:36:18 - [TEST_CASE][PASSED] - Test Cases/Sprint 5/FCSCMS-200/FCSCMS-1202-S5 (Edit Client Zipcode): Test Cases/Sprint 5/FCSCMS-200/FCSCMS-1202-S5 (Edit Client Zipcode)

2022-01-03 19:36:18 - [TEST_STEP][PASSED] - click(findTestObject("Admin/Sprint 5/FCSCMS200/EditContact/div_ZipCode")): Object: 'Object Repository/Admin/Sprint 5/FCSCMS200/EditContact/div_ZipCode' is clicked on

2022-01-03 19:36:19 - [MESSAGE][PASSED] - Object: 'Object Repository/Admin/Sprint 5/FCSCMS200/EditContact/div_ZipCode' is clicked on

2022-01-03 19:36:19 - [TEST_STEP][PASSED] - delay(1): Delayed 1 second(s)

2022-01-03 19:36:20 - [MESSAGE][PASSED] - Delayed 1 second(s)

2022-01-03 19:36:20 - [TEST_STEP][PASSED] - click(findTestObject("Admin/Sprint 5/FCSCMS200/EditContact/div_35007")): Object: 'Object Repository/Admin/Sprint 5/FCSCMS200/EditContact/div_35007' is clicked on

2022-01-03 19:36:20 - [MESSAGE][PASSED] - Object: 'Object Repository/Admin/Sprint 5/FCSCMS200/EditContact/div_35007' is clicked on

2022-01-03 19:36:20 - [TEST_STEP][PASSED] - delay(1): Delayed 1 second(s)

2022-01-03 19:36:21 - [MESSAGE][PASSED] - Delayed 1 second(s)]]></system-out>
         <system-err><![CDATA[]]></system-err>
      </testcase>
      <testcase name="Test Cases/Sprint 5/FCSCMS-200/FCSCMS-1203-S5 (Edit Clients Country)" time="4.042" classname="Test Cases/Sprint 5/FCSCMS-200/FCSCMS-1203-S5 (Edit Clients Country)" status="PASSED">
         <system-out><![CDATA[2022-01-03 19:36:21 - [TEST_CASE][PASSED] - Test Cases/Sprint 5/FCSCMS-200/FCSCMS-1203-S5 (Edit Clients Country): Test Cases/Sprint 5/FCSCMS-200/FCSCMS-1203-S5 (Edit Clients Country)

2022-01-03 19:36:22 - [TEST_STEP][PASSED] - click(findTestObject("Admin/Sprint 5/FCSCMS200/EditContact/div_Country")): Object: 'Object Repository/Admin/Sprint 5/FCSCMS200/EditContact/div_Country' is clicked on

2022-01-03 19:36:22 - [MESSAGE][PASSED] - Object: 'Object Repository/Admin/Sprint 5/FCSCMS200/EditContact/div_Country' is clicked on

2022-01-03 19:36:22 - [TEST_STEP][PASSED] - delay(2): Delayed 2 second(s)

2022-01-03 19:36:24 - [MESSAGE][PASSED] - Delayed 2 second(s)

2022-01-03 19:36:24 - [TEST_STEP][PASSED] - click(findTestObject("Admin/Sprint 5/FCSCMS200/EditContact/div_United States")): Object: 'Object Repository/Admin/Sprint 5/FCSCMS200/EditContact/div_United States' is clicked on

2022-01-03 19:36:24 - [MESSAGE][PASSED] - Object: 'Object Repository/Admin/Sprint 5/FCSCMS200/EditContact/div_United States' is clicked on

2022-01-03 19:36:24 - [TEST_STEP][PASSED] - delay(1): Delayed 1 second(s)

2022-01-03 19:36:25 - [MESSAGE][PASSED] - Delayed 1 second(s)]]></system-out>
         <system-err><![CDATA[]]></system-err>
      </testcase>
      <testcase name="Test Cases/Sprint 5/FCSCMS-200/FCSCMS-1204-S5 (Edit Clients TimzeZone)" time="3.06" classname="Test Cases/Sprint 5/FCSCMS-200/FCSCMS-1204-S5 (Edit Clients TimzeZone)" status="PASSED">
         <system-out><![CDATA[2022-01-03 19:36:25 - [TEST_CASE][PASSED] - Test Cases/Sprint 5/FCSCMS-200/FCSCMS-1204-S5 (Edit Clients TimzeZone): Test Cases/Sprint 5/FCSCMS-200/FCSCMS-1204-S5 (Edit Clients TimzeZone)

2022-01-03 19:36:26 - [TEST_STEP][PASSED] - selectOptionByLabel(findTestObject("Admin/Sprint 5/FCSCMS200/EditContact/TimeZone"), "Central Standard Time", false): All options with label 'Central Standard Time' are selected in object 'Object Repository/Admin/Sprint 5/FCSCMS200/EditContact/TimeZone' 

2022-01-03 19:36:27 - [MESSAGE][PASSED] - All options with label 'Central Standard Time' are selected in object 'Object Repository/Admin/Sprint 5/FCSCMS200/EditContact/TimeZone' 

2022-01-03 19:36:27 - [TEST_STEP][PASSED] - delay(2): Delayed 2 second(s)

2022-01-03 19:36:29 - [MESSAGE][PASSED] - Delayed 2 second(s)]]></system-out>
         <system-err><![CDATA[]]></system-err>
      </testcase>
      <testcase name="Test Cases/Sprint 5/FCSCMS-200/FCSCMS-1205-S5 (Edit Clients Site)" time="4.031" classname="Test Cases/Sprint 5/FCSCMS-200/FCSCMS-1205-S5 (Edit Clients Site)" status="PASSED">
         <system-out><![CDATA[2022-01-03 19:36:29 - [TEST_CASE][PASSED] - Test Cases/Sprint 5/FCSCMS-200/FCSCMS-1205-S5 (Edit Clients Site): Test Cases/Sprint 5/FCSCMS-200/FCSCMS-1205-S5 (Edit Clients Site)

2022-01-03 19:36:29 - [TEST_STEP][PASSED] - click(findTestObject("Admin/Sprint 5/FCSCMS200/EditContact/Sites_Checkbox")): Object: 'Object Repository/Admin/Sprint 5/FCSCMS200/EditContact/Sites_Checkbox' is clicked on

2022-01-03 19:36:29 - [MESSAGE][PASSED] - Object: 'Object Repository/Admin/Sprint 5/FCSCMS200/EditContact/Sites_Checkbox' is clicked on

2022-01-03 19:36:29 - [TEST_STEP][PASSED] - delay(3): Delayed 3 second(s)

2022-01-03 19:36:32 - [MESSAGE][PASSED] - Delayed 3 second(s)

2022-01-03 19:36:32 - [TEST_STEP][PASSED] - click(findTestObject("Admin/Sprint 5/FCSCMS200/EditContact/Sites_Checkbox")): Object: 'Object Repository/Admin/Sprint 5/FCSCMS200/EditContact/Sites_Checkbox' is clicked on

2022-01-03 19:36:33 - [MESSAGE][PASSED] - Object: 'Object Repository/Admin/Sprint 5/FCSCMS200/EditContact/Sites_Checkbox' is clicked on]]></system-out>
         <system-err><![CDATA[]]></system-err>
      </testcase>
      <testcase name="Test Cases/Sprint 5/FCSCMS-200/FCSCMS-1206-S5 (Edit Clients Contact Email Field)" time="3.35" classname="Test Cases/Sprint 5/FCSCMS-200/FCSCMS-1206-S5 (Edit Clients Contact Email Field)" status="PASSED">
         <system-out><![CDATA[2022-01-03 19:36:33 - [TEST_CASE][PASSED] - Test Cases/Sprint 5/FCSCMS-200/FCSCMS-1206-S5 (Edit Clients Contact Email Field): Test Cases/Sprint 5/FCSCMS-200/FCSCMS-1206-S5 (Edit Clients Contact Email Field)

2022-01-03 19:36:33 - [TEST_STEP][PASSED] - clearText(findTestObject("Admin/Sprint 5/FCSCMS200/EditContact/Contact Email")): Text of object 'Object Repository/Admin/Sprint 5/FCSCMS200/EditContact/Contact Email' is cleared

2022-01-03 19:36:33 - [MESSAGE][PASSED] - Text of object 'Object Repository/Admin/Sprint 5/FCSCMS200/EditContact/Contact Email' is cleared

2022-01-03 19:36:33 - [TEST_STEP][PASSED] - delay(2): Delayed 2 second(s)

2022-01-03 19:36:35 - [MESSAGE][PASSED] - Delayed 2 second(s)

2022-01-03 19:36:35 - [TEST_STEP][PASSED] - setText(findTestObject("Admin/Sprint 5/FCSCMS200/EditContact/Contact Email"), "ATNexterous@gmail.com"): Text 'ATNexterous@gmail.com' is set on object 'Object Repository/Admin/Sprint 5/FCSCMS200/EditContact/Contact Email'

2022-01-03 19:36:36 - [MESSAGE][PASSED] - Text 'ATNexterous@gmail.com' is set on object 'Object Repository/Admin/Sprint 5/FCSCMS200/EditContact/Contact Email']]></system-out>
         <system-err><![CDATA[]]></system-err>
      </testcase>
      <testcase name="Test Cases/Sprint 5/FCSCMS-200/FCSCMS-1207-S5 (Edit Clients Contact Phone)" time="3.339" classname="Test Cases/Sprint 5/FCSCMS-200/FCSCMS-1207-S5 (Edit Clients Contact Phone)" status="PASSED">
         <system-out><![CDATA[2022-01-03 19:36:36 - [TEST_CASE][PASSED] - Test Cases/Sprint 5/FCSCMS-200/FCSCMS-1207-S5 (Edit Clients Contact Phone): Test Cases/Sprint 5/FCSCMS-200/FCSCMS-1207-S5 (Edit Clients Contact Phone)

2022-01-03 19:36:36 - [TEST_STEP][PASSED] - clearText(findTestObject("Admin/Sprint 5/FCSCMS200/EditContact/ContactPhoneField1"), STOP_ON_FAILURE): Text of object 'Object Repository/Admin/Sprint 5/FCSCMS200/EditContact/ContactPhoneField1' is cleared

2022-01-03 19:36:36 - [MESSAGE][PASSED] - Text of object 'Object Repository/Admin/Sprint 5/FCSCMS200/EditContact/ContactPhoneField1' is cleared

2022-01-03 19:36:36 - [TEST_STEP][PASSED] - delay(2): Delayed 2 second(s)

2022-01-03 19:36:38 - [MESSAGE][PASSED] - Delayed 2 second(s)

2022-01-03 19:36:38 - [TEST_STEP][PASSED] - setText(findTestObject("Admin/Sprint 5/FCSCMS200/EditContact/ContactPhoneField1"), "1111555555"): Text '1111555555' is set on object 'Object Repository/Admin/Sprint 5/FCSCMS200/EditContact/ContactPhoneField1'

2022-01-03 19:36:39 - [MESSAGE][PASSED] - Text '1111555555' is set on object 'Object Repository/Admin/Sprint 5/FCSCMS200/EditContact/ContactPhoneField1']]></system-out>
         <system-err><![CDATA[]]></system-err>
      </testcase>
      <testcase name="Test Cases/Sprint 5/FCSCMS-200/FCSCMS-1208-S5 (Edit Clients Mobile Number)" time="3.377" classname="Test Cases/Sprint 5/FCSCMS-200/FCSCMS-1208-S5 (Edit Clients Mobile Number)" status="PASSED">
         <system-out><![CDATA[2022-01-03 19:36:39 - [TEST_CASE][PASSED] - Test Cases/Sprint 5/FCSCMS-200/FCSCMS-1208-S5 (Edit Clients Mobile Number): Test Cases/Sprint 5/FCSCMS-200/FCSCMS-1208-S5 (Edit Clients Mobile Number)

2022-01-03 19:36:40 - [TEST_STEP][PASSED] - clearText(findTestObject("Admin/Sprint 5/FCSCMS200/EditContact/input_Mobile")): Text of object 'Object Repository/Admin/Sprint 5/FCSCMS200/EditContact/input_Mobile' is cleared

2022-01-03 19:36:40 - [MESSAGE][PASSED] - Text of object 'Object Repository/Admin/Sprint 5/FCSCMS200/EditContact/input_Mobile' is cleared

2022-01-03 19:36:40 - [TEST_STEP][PASSED] - delay(2): Delayed 2 second(s)

2022-01-03 19:36:42 - [MESSAGE][PASSED] - Delayed 2 second(s)

2022-01-03 19:36:42 - [TEST_STEP][PASSED] - setText(findTestObject("Admin/Sprint 5/FCSCMS200/EditContact/input_Mobile"), "1112223333"): Text '1112223333' is set on object 'Object Repository/Admin/Sprint 5/FCSCMS200/EditContact/input_Mobile'

2022-01-03 19:36:43 - [MESSAGE][PASSED] - Text '1112223333' is set on object 'Object Repository/Admin/Sprint 5/FCSCMS200/EditContact/input_Mobile']]></system-out>
         <system-err><![CDATA[]]></system-err>
      </testcase>
      <testcase name="Test Cases/Sprint 5/FCSCMS-200/FCSCMS-1209-S5 (User should be able to save the changes made to the clients contacts)" time="8.065" classname="Test Cases/Sprint 5/FCSCMS-200/FCSCMS-1209-S5 (User should be able to save the changes made to the clients contacts)" status="PASSED">
         <system-out><![CDATA[2022-01-03 19:36:43 - [TEST_CASE][PASSED] - Test Cases/Sprint 5/FCSCMS-200/FCSCMS-1209-S5 (User should be able to save the changes made to the clients contacts): Test Cases/Sprint 5/FCSCMS-200/FCSCMS-1209-S5 (User should be able to save the changes made to the clients contacts)

2022-01-03 19:36:43 - [TEST_STEP][PASSED] - click(findTestObject("Admin/Sprint 5/FCSCMS200/EditContact/div_ZipCode")): Object: 'Object Repository/Admin/Sprint 5/FCSCMS200/EditContact/div_ZipCode' is clicked on

2022-01-03 19:36:43 - [MESSAGE][PASSED] - Object: 'Object Repository/Admin/Sprint 5/FCSCMS200/EditContact/div_ZipCode' is clicked on

2022-01-03 19:36:43 - [TEST_STEP][PASSED] - delay(1): Delayed 1 second(s)

2022-01-03 19:36:44 - [MESSAGE][PASSED] - Delayed 1 second(s)

2022-01-03 19:36:44 - [TEST_STEP][PASSED] - click(findTestObject("Admin/Sprint 5/FCSCMS200/EditContact/div_35007")): Object: 'Object Repository/Admin/Sprint 5/FCSCMS200/EditContact/div_35007' is clicked on

2022-01-03 19:36:45 - [MESSAGE][PASSED] - Object: 'Object Repository/Admin/Sprint 5/FCSCMS200/EditContact/div_35007' is clicked on

2022-01-03 19:36:45 - [TEST_STEP][PASSED] - delay(1): Delayed 1 second(s)

2022-01-03 19:36:46 - [MESSAGE][PASSED] - Delayed 1 second(s)

2022-01-03 19:36:46 - [TEST_STEP][PASSED] - click(findTestObject("Admin/Sprint 5/FCSCMS200/EditContact/button_Save")): Object: 'Object Repository/Admin/Sprint 5/FCSCMS200/EditContact/button_Save' is clicked on

2022-01-03 19:36:46 - [MESSAGE][PASSED] - Object: 'Object Repository/Admin/Sprint 5/FCSCMS200/EditContact/button_Save' is clicked on

2022-01-03 19:36:46 - [TEST_STEP][PASSED] - delay(2): Delayed 2 second(s)

2022-01-03 19:36:48 - [MESSAGE][PASSED] - Delayed 2 second(s)

2022-01-03 19:36:48 - [TEST_STEP][PASSED] - click(findTestObject("Admin/Sprint 5/FCSCMS200/EditContact/button_Yes(Save)")): Object: 'Object Repository/Admin/Sprint 5/FCSCMS200/EditContact/button_Yes(Save)' is clicked on

2022-01-03 19:36:49 - [MESSAGE][PASSED] - Object: 'Object Repository/Admin/Sprint 5/FCSCMS200/EditContact/button_Yes(Save)' is clicked on

2022-01-03 19:36:49 - [TEST_STEP][PASSED] - delay(2): Delayed 2 second(s)

2022-01-03 19:36:51 - [MESSAGE][PASSED] - Delayed 2 second(s)]]></system-out>
         <system-err><![CDATA[]]></system-err>
      </testcase>
      <testcase name="Test Cases/Sprint 5/FCSCMS-200/FCSCMS-1210-S5 (User should be able to delete the clients contact information)" time="35.554" classname="Test Cases/Sprint 5/FCSCMS-200/FCSCMS-1210-S5 (User should be able to delete the clients contact information)" status="FAILED">
         <failure type="FAILED" message="Test Cases/Sprint 5/FCSCMS-200/FCSCMS-1210-S5 (User should be able to delete the clients contact information) FAILED.
Reason:
com.kms.katalon.core.exception.StepFailedException: Unable to verify object 'Object Repository/Admin/Sprint 5/FCSCMS200/EditContact/DeleteIcon(Contact)' to be clickable
	at com.kms.katalon.core.webui.keyword.internal.WebUIKeywordMain.stepFailed(WebUIKeywordMain.groovy:64)
	at com.kms.katalon.core.webui.keyword.internal.WebUIKeywordMain.runKeyword(WebUIKeywordMain.groovy:26)
	at com.kms.katalon.core.webui.keyword.builtin.VerifyElementClickableKeyword.verifyElementClickable(VerifyElementClickableKeyword.groovy:96)
	at com.kms.katalon.core.webui.keyword.builtin.VerifyElementClickableKeyword.execute(VerifyElementClickableKeyword.groovy:67)
	at com.kms.katalon.core.keyword.internal.KeywordExecutor.executeKeywordForPlatform(KeywordExecutor.groovy:73)
	at com.kms.katalon.core.webui.keyword.WebUiBuiltInKeywords.verifyElementClickable(WebUiBuiltInKeywords.groovy:563)
	at com.kms.katalon.core.webui.keyword.WebUiBuiltInKeywords$verifyElementClickable$8.call(Unknown Source)
	at FCSCMS-1210-S5 (User should be able to delete the clients contact information).run(FCSCMS-1210-S5 (User should be able to delete the clients contact information):27)
	at com.kms.katalon.core.main.ScriptEngine.run(ScriptEngine.java:194)
	at com.kms.katalon.core.main.ScriptEngine.runScriptAsRawText(ScriptEngine.java:119)
	at com.kms.katalon.core.main.TestCaseExecutor.runScript(TestCaseExecutor.java:339)
	at com.kms.katalon.core.main.TestCaseExecutor.doExecute(TestCaseExecutor.java:330)
	at com.kms.katalon.core.main.TestCaseExecutor.processExecutionPhase(TestCaseExecutor.java:309)
	at com.kms.katalon.core.main.TestCaseExecutor.accessMainPhase(TestCaseExecutor.java:301)
	at com.kms.katalon.core.main.TestCaseExecutor.execute(TestCaseExecutor.java:235)
	at com.kms.katalon.core.main.TestSuiteExecutor.accessTestCaseMainPhase(TestSuiteExecutor.java:191)
	at com.kms.katalon.core.main.TestSuiteExecutor.accessTestSuiteMainPhase(TestSuiteExecutor.java:141)
	at com.kms.katalon.core.main.TestSuiteExecutor.execute(TestSuiteExecutor.java:90)
	at com.kms.katalon.core.main.TestCaseMain.startTestSuite(TestCaseMain.java:157)
	at com.kms.katalon.core.main.TestCaseMain$startTestSuite$0.call(Unknown Source)
	at TempTestSuite1641209683940.run(TempTestSuite1641209683940.groovy:39)
Caused by: com.kms.katalon.core.exception.StepFailedException: Web element with id: 'Object Repository/Admin/Sprint 5/FCSCMS200/EditContact/DeleteIcon(Contact)' located by '//div[@id='b14-l3_0-242_0-b20-Column2']/div/a/img' not found
	at com.kms.katalon.core.webui.keyword.internal.WebUIKeywordMain.stepFailed(WebUIKeywordMain.groovy:64)
	at com.kms.katalon.core.webui.keyword.builtin.VerifyElementClickableKeyword$_verifyElementClickable_closure1.doCall(VerifyElementClickableKeyword.groovy:88)
	at com.kms.katalon.core.webui.keyword.builtin.VerifyElementClickableKeyword$_verifyElementClickable_closure1.call(VerifyElementClickableKeyword.groovy)
	at com.kms.katalon.core.webui.keyword.internal.WebUIKeywordMain.runKeyword(WebUIKeywordMain.groovy:20)
	... 19 more
"/>
         <system-out><![CDATA[2022-01-03 19:36:51 - [TEST_CASE][FAILED] - Test Cases/Sprint 5/FCSCMS-200/FCSCMS-1210-S5 (User should be able to delete the clients contact information): Test Cases/Sprint 5/FCSCMS-200/FCSCMS-1210-S5 (User should be able to delete the clients contact information) FAILED.
Reason:
com.kms.katalon.core.exception.StepFailedException: Unable to verify object 'Object Repository/Admin/Sprint 5/FCSCMS200/EditContact/DeleteIcon(Contact)' to be clickable
	at com.kms.katalon.core.webui.keyword.internal.WebUIKeywordMain.stepFailed(WebUIKeywordMain.groovy:64)
	at com.kms.katalon.core.webui.keyword.internal.WebUIKeywordMain.runKeyword(WebUIKeywordMain.groovy:26)
	at com.kms.katalon.core.webui.keyword.builtin.VerifyElementClickableKeyword.verifyElementClickable(VerifyElementClickableKeyword.groovy:96)
	at com.kms.katalon.core.webui.keyword.builtin.VerifyElementClickableKeyword.execute(VerifyElementClickableKeyword.groovy:67)
	at com.kms.katalon.core.keyword.internal.KeywordExecutor.executeKeywordForPlatform(KeywordExecutor.groovy:73)
	at com.kms.katalon.core.webui.keyword.WebUiBuiltInKeywords.verifyElementClickable(WebUiBuiltInKeywords.groovy:563)
	at com.kms.katalon.core.webui.keyword.WebUiBuiltInKeywords$verifyElementClickable$8.call(Unknown Source)
	at FCSCMS-1210-S5 (User should be able to delete the clients contact information).run(FCSCMS-1210-S5 (User should be able to delete the clients contact information):27)
	at com.kms.katalon.core.main.ScriptEngine.run(ScriptEngine.java:194)
	at com.kms.katalon.core.main.ScriptEngine.runScriptAsRawText(ScriptEngine.java:119)
	at com.kms.katalon.core.main.TestCaseExecutor.runScript(TestCaseExecutor.java:339)
	at com.kms.katalon.core.main.TestCaseExecutor.doExecute(TestCaseExecutor.java:330)
	at com.kms.katalon.core.main.TestCaseExecutor.processExecutionPhase(TestCaseExecutor.java:309)
	at com.kms.katalon.core.main.TestCaseExecutor.accessMainPhase(TestCaseExecutor.java:301)
	at com.kms.katalon.core.main.TestCaseExecutor.execute(TestCaseExecutor.java:235)
	at com.kms.katalon.core.main.TestSuiteExecutor.accessTestCaseMainPhase(TestSuiteExecutor.java:191)
	at com.kms.katalon.core.main.TestSuiteExecutor.accessTestSuiteMainPhase(TestSuiteExecutor.java:141)
	at com.kms.katalon.core.main.TestSuiteExecutor.execute(TestSuiteExecutor.java:90)
	at com.kms.katalon.core.main.TestCaseMain.startTestSuite(TestCaseMain.java:157)
	at com.kms.katalon.core.main.TestCaseMain$startTestSuite$0.call(Unknown Source)
	at TempTestSuite1641209683940.run(TempTestSuite1641209683940.groovy:39)
Caused by: com.kms.katalon.core.exception.StepFailedException: Web element with id: 'Object Repository/Admin/Sprint 5/FCSCMS200/EditContact/DeleteIcon(Contact)' located by '//div[@id='b14-l3_0-242_0-b20-Column2']/div/a/img' not found
	at com.kms.katalon.core.webui.keyword.internal.WebUIKeywordMain.stepFailed(WebUIKeywordMain.groovy:64)
	at com.kms.katalon.core.webui.keyword.builtin.VerifyElementClickableKeyword$_verifyElementClickable_closure1.doCall(VerifyElementClickableKeyword.groovy:88)
	at com.kms.katalon.core.webui.keyword.builtin.VerifyElementClickableKeyword$_verifyElementClickable_closure1.call(VerifyElementClickableKeyword.groovy)
	at com.kms.katalon.core.webui.keyword.internal.WebUIKeywordMain.runKeyword(WebUIKeywordMain.groovy:20)
	... 19 more


2022-01-03 19:36:51 - [TEST_STEP][PASSED] - clearText(findTestObject("Admin/Sprint 5/FCSCMS200/SearchField")): Text of object 'Object Repository/Admin/Sprint 5/FCSCMS200/SearchField' is cleared

2022-01-03 19:36:51 - [MESSAGE][PASSED] - Text of object 'Object Repository/Admin/Sprint 5/FCSCMS200/SearchField' is cleared

2022-01-03 19:36:51 - [TEST_STEP][PASSED] - delay(1): Delayed 1 second(s)

2022-01-03 19:36:52 - [MESSAGE][PASSED] - Delayed 1 second(s)

2022-01-03 19:36:52 - [TEST_STEP][PASSED] - click(findTestObject("Admin/Sprint 5/FCSCMS200/SearchButton")): Object: 'Object Repository/Admin/Sprint 5/FCSCMS200/SearchButton' is clicked on

2022-01-03 19:36:53 - [MESSAGE][PASSED] - Object: 'Object Repository/Admin/Sprint 5/FCSCMS200/SearchButton' is clicked on

2022-01-03 19:36:53 - [TEST_STEP][PASSED] - delay(2): Delayed 2 second(s)

2022-01-03 19:36:55 - [MESSAGE][PASSED] - Delayed 2 second(s)

2022-01-03 19:36:55 - [TEST_STEP][FAILED] - verifyElementClickable(findTestObject("Admin/Sprint 5/FCSCMS200/EditContact/DeleteIcon(Contact)")): Unable to verify object 'Object Repository/Admin/Sprint 5/FCSCMS200/EditContact/DeleteIcon(Contact)' to be clickable (Root cause: com.kms.katalon.core.exception.StepFailedException: Unable to verify object 'Object Repository/Admin/Sprint 5/FCSCMS200/EditContact/DeleteIcon(Contact)' to be clickable
	at com.kms.katalon.core.webui.keyword.internal.WebUIKeywordMain.stepFailed(WebUIKeywordMain.groovy:64)
	at com.kms.katalon.core.webui.keyword.internal.WebUIKeywordMain.runKeyword(WebUIKeywordMain.groovy:26)
	at com.kms.katalon.core.webui.keyword.builtin.VerifyElementClickableKeyword.verifyElementClickable(VerifyElementClickableKeyword.groovy:96)
	at com.kms.katalon.core.webui.keyword.builtin.VerifyElementClickableKeyword.execute(VerifyElementClickableKeyword.groovy:67)
	at com.kms.katalon.core.keyword.internal.KeywordExecutor.executeKeywordForPlatform(KeywordExecutor.groovy:73)
	at com.kms.katalon.core.webui.keyword.WebUiBuiltInKeywords.verifyElementClickable(WebUiBuiltInKeywords.groovy:563)
	at com.kms.katalon.core.webui.keyword.WebUiBuiltInKeywords$verifyElementClickable$8.call(Unknown Source)
	at FCSCMS-1210-S5 (User should be able to delete the clients contact information).run(FCSCMS-1210-S5 (User should be able to delete the clients contact information):27)
	at com.kms.katalon.core.main.ScriptEngine.run(ScriptEngine.java:194)
	at com.kms.katalon.core.main.ScriptEngine.runScriptAsRawText(ScriptEngine.java:119)
	at com.kms.katalon.core.main.TestCaseExecutor.runScript(TestCaseExecutor.java:339)
	at com.kms.katalon.core.main.TestCaseExecutor.doExecute(TestCaseExecutor.java:330)
	at com.kms.katalon.core.main.TestCaseExecutor.processExecutionPhase(TestCaseExecutor.java:309)
	at com.kms.katalon.core.main.TestCaseExecutor.accessMainPhase(TestCaseExecutor.java:301)
	at com.kms.katalon.core.main.TestCaseExecutor.execute(TestCaseExecutor.java:235)
	at com.kms.katalon.core.main.TestSuiteExecutor.accessTestCaseMainPhase(TestSuiteExecutor.java:191)
	at com.kms.katalon.core.main.TestSuiteExecutor.accessTestSuiteMainPhase(TestSuiteExecutor.java:141)
	at com.kms.katalon.core.main.TestSuiteExecutor.execute(TestSuiteExecutor.java:90)
	at com.kms.katalon.core.main.TestCaseMain.startTestSuite(TestCaseMain.java:157)
	at com.kms.katalon.core.main.TestCaseMain$startTestSuite$0.call(Unknown Source)
	at TempTestSuite1641209683940.run(TempTestSuite1641209683940.groovy:39)
Caused by: com.kms.katalon.core.exception.StepFailedException: Web element with id: 'Object Repository/Admin/Sprint 5/FCSCMS200/EditContact/DeleteIcon(Contact)' located by '//div[@id='b14-l3_0-242_0-b20-Column2']/div/a/img' not found
	at com.kms.katalon.core.webui.keyword.internal.WebUIKeywordMain.stepFailed(WebUIKeywordMain.groovy:64)
	at com.kms.katalon.core.webui.keyword.builtin.VerifyElementClickableKeyword$_verifyElementClickable_closure1.doCall(VerifyElementClickableKeyword.groovy:88)
	at com.kms.katalon.core.webui.keyword.builtin.VerifyElementClickableKeyword$_verifyElementClickable_closure1.call(VerifyElementClickableKeyword.groovy)
	at com.kms.katalon.core.webui.keyword.internal.WebUIKeywordMain.runKeyword(WebUIKeywordMain.groovy:20)
	... 19 more
)

2022-01-03 19:37:26 - [MESSAGE][INFO] - Unable to find the element located by 'By.xpath: //div[@id='b14-l3_0-242_0-b20-Column2']/div/a/img'. Please recheck the objects properties to make sure the desired element is located. 

2022-01-03 19:37:26 - [MESSAGE][FAILED] - Web element with id: 'Object Repository/Admin/Sprint 5/FCSCMS200/EditContact/DeleteIcon(Contact)' located by '//div[@id='b14-l3_0-242_0-b20-Column2']/div/a/img' not found (Root cause: com.kms.katalon.core.exception.StepFailedException: Web element with id: 'Object Repository/Admin/Sprint 5/FCSCMS200/EditContact/DeleteIcon(Contact)' located by '//div[@id='b14-l3_0-242_0-b20-Column2']/div/a/img' not found
	at com.kms.katalon.core.webui.keyword.internal.WebUIKeywordMain.stepFailed(WebUIKeywordMain.groovy:64)
	at com.kms.katalon.core.webui.keyword.builtin.VerifyElementClickableKeyword$_verifyElementClickable_closure1.doCall(VerifyElementClickableKeyword.groovy:88)
	at com.kms.katalon.core.webui.keyword.builtin.VerifyElementClickableKeyword$_verifyElementClickable_closure1.call(VerifyElementClickableKeyword.groovy)
	at com.kms.katalon.core.webui.keyword.internal.WebUIKeywordMain.runKeyword(WebUIKeywordMain.groovy:20)
	at com.kms.katalon.core.webui.keyword.builtin.VerifyElementClickableKeyword.verifyElementClickable(VerifyElementClickableKeyword.groovy:96)
	at com.kms.katalon.core.webui.keyword.builtin.VerifyElementClickableKeyword.execute(VerifyElementClickableKeyword.groovy:67)
	at com.kms.katalon.core.keyword.internal.KeywordExecutor.executeKeywordForPlatform(KeywordExecutor.groovy:73)
	at com.kms.katalon.core.webui.keyword.WebUiBuiltInKeywords.verifyElementClickable(WebUiBuiltInKeywords.groovy:563)
	at com.kms.katalon.core.webui.keyword.WebUiBuiltInKeywords$verifyElementClickable$8.call(Unknown Source)
	at FCSCMS-1210-S5 (User should be able to delete the clients contact information).run(FCSCMS-1210-S5 (User should be able to delete the clients contact information):27)
	at com.kms.katalon.core.main.ScriptEngine.run(ScriptEngine.java:194)
	at com.kms.katalon.core.main.ScriptEngine.runScriptAsRawText(ScriptEngine.java:119)
	at com.kms.katalon.core.main.TestCaseExecutor.runScript(TestCaseExecutor.java:339)
	at com.kms.katalon.core.main.TestCaseExecutor.doExecute(TestCaseExecutor.java:330)
	at com.kms.katalon.core.main.TestCaseExecutor.processExecutionPhase(TestCaseExecutor.java:309)
	at com.kms.katalon.core.main.TestCaseExecutor.accessMainPhase(TestCaseExecutor.java:301)
	at com.kms.katalon.core.main.TestCaseExecutor.execute(TestCaseExecutor.java:235)
	at com.kms.katalon.core.main.TestSuiteExecutor.accessTestCaseMainPhase(TestSuiteExecutor.java:191)
	at com.kms.katalon.core.main.TestSuiteExecutor.accessTestSuiteMainPhase(TestSuiteExecutor.java:141)
	at com.kms.katalon.core.main.TestSuiteExecutor.execute(TestSuiteExecutor.java:90)
	at com.kms.katalon.core.main.TestCaseMain.startTestSuite(TestCaseMain.java:157)
	at com.kms.katalon.core.main.TestCaseMain$startTestSuite$0.call(Unknown Source)
	at TempTestSuite1641209683940.run(TempTestSuite1641209683940.groovy:39)
)
[[ATTACHMENT|C:\\Users\\me\\git\\nexterous-automation\\Reports\\20220103_193442\\Sprint 5\\FCSCMS-200 (Organizations - Client Profile - Contacts - View - Edit Contact)\\20220103_193443\\1641209846390.png]]

2022-01-03 19:37:26 - [MESSAGE][FAILED] - Unable to verify object 'Object Repository/Admin/Sprint 5/FCSCMS200/EditContact/DeleteIcon(Contact)' to be clickable (Root cause: com.kms.katalon.core.exception.StepFailedException: Unable to verify object 'Object Repository/Admin/Sprint 5/FCSCMS200/EditContact/DeleteIcon(Contact)' to be clickable
	at com.kms.katalon.core.webui.keyword.internal.WebUIKeywordMain.stepFailed(WebUIKeywordMain.groovy:64)
	at com.kms.katalon.core.webui.keyword.internal.WebUIKeywordMain.runKeyword(WebUIKeywordMain.groovy:26)
	at com.kms.katalon.core.webui.keyword.builtin.VerifyElementClickableKeyword.verifyElementClickable(VerifyElementClickableKeyword.groovy:96)
	at com.kms.katalon.core.webui.keyword.builtin.VerifyElementClickableKeyword.execute(VerifyElementClickableKeyword.groovy:67)
	at com.kms.katalon.core.keyword.internal.KeywordExecutor.executeKeywordForPlatform(KeywordExecutor.groovy:73)
	at com.kms.katalon.core.webui.keyword.WebUiBuiltInKeywords.verifyElementClickable(WebUiBuiltInKeywords.groovy:563)
	at com.kms.katalon.core.webui.keyword.WebUiBuiltInKeywords$verifyElementClickable$8.call(Unknown Source)
	at FCSCMS-1210-S5 (User should be able to delete the clients contact information).run(FCSCMS-1210-S5 (User should be able to delete the clients contact information):27)
	at com.kms.katalon.core.main.ScriptEngine.run(ScriptEngine.java:194)
	at com.kms.katalon.core.main.ScriptEngine.runScriptAsRawText(ScriptEngine.java:119)
	at com.kms.katalon.core.main.TestCaseExecutor.runScript(TestCaseExecutor.java:339)
	at com.kms.katalon.core.main.TestCaseExecutor.doExecute(TestCaseExecutor.java:330)
	at com.kms.katalon.core.main.TestCaseExecutor.processExecutionPhase(TestCaseExecutor.java:309)
	at com.kms.katalon.core.main.TestCaseExecutor.accessMainPhase(TestCaseExecutor.java:301)
	at com.kms.katalon.core.main.TestCaseExecutor.execute(TestCaseExecutor.java:235)
	at com.kms.katalon.core.main.TestSuiteExecutor.accessTestCaseMainPhase(TestSuiteExecutor.java:191)
	at com.kms.katalon.core.main.TestSuiteExecutor.accessTestSuiteMainPhase(TestSuiteExecutor.java:141)
	at com.kms.katalon.core.main.TestSuiteExecutor.execute(TestSuiteExecutor.java:90)
	at com.kms.katalon.core.main.TestCaseMain.startTestSuite(TestCaseMain.java:157)
	at com.kms.katalon.core.main.TestCaseMain$startTestSuite$0.call(Unknown Source)
	at TempTestSuite1641209683940.run(TempTestSuite1641209683940.groovy:39)
Caused by: com.kms.katalon.core.exception.StepFailedException: Web element with id: 'Object Repository/Admin/Sprint 5/FCSCMS200/EditContact/DeleteIcon(Contact)' located by '//div[@id='b14-l3_0-242_0-b20-Column2']/div/a/img' not found
	at com.kms.katalon.core.webui.keyword.internal.WebUIKeywordMain.stepFailed(WebUIKeywordMain.groovy:64)
	at com.kms.katalon.core.webui.keyword.builtin.VerifyElementClickableKeyword$_verifyElementClickable_closure1.doCall(VerifyElementClickableKeyword.groovy:88)
	at com.kms.katalon.core.webui.keyword.builtin.VerifyElementClickableKeyword$_verifyElementClickable_closure1.call(VerifyElementClickableKeyword.groovy)
	at com.kms.katalon.core.webui.keyword.internal.WebUIKeywordMain.runKeyword(WebUIKeywordMain.groovy:20)
	... 19 more
)
[[ATTACHMENT|C:\\Users\\me\\git\\nexterous-automation\\Reports\\20220103_193442\\Sprint 5\\FCSCMS-200 (Organizations - Client Profile - Contacts - View - Edit Contact)\\20220103_193443\\1641209846604.png]]]]></system-out>
         <system-err><![CDATA[2022-01-03 19:36:51 - [TEST_CASE][FAILED] - Test Cases/Sprint 5/FCSCMS-200/FCSCMS-1210-S5 (User should be able to delete the clients contact information): Test Cases/Sprint 5/FCSCMS-200/FCSCMS-1210-S5 (User should be able to delete the clients contact information) FAILED.
Reason:
com.kms.katalon.core.exception.StepFailedException: Unable to verify object 'Object Repository/Admin/Sprint 5/FCSCMS200/EditContact/DeleteIcon(Contact)' to be clickable
	at com.kms.katalon.core.webui.keyword.internal.WebUIKeywordMain.stepFailed(WebUIKeywordMain.groovy:64)
	at com.kms.katalon.core.webui.keyword.internal.WebUIKeywordMain.runKeyword(WebUIKeywordMain.groovy:26)
	at com.kms.katalon.core.webui.keyword.builtin.VerifyElementClickableKeyword.verifyElementClickable(VerifyElementClickableKeyword.groovy:96)
	at com.kms.katalon.core.webui.keyword.builtin.VerifyElementClickableKeyword.execute(VerifyElementClickableKeyword.groovy:67)
	at com.kms.katalon.core.keyword.internal.KeywordExecutor.executeKeywordForPlatform(KeywordExecutor.groovy:73)
	at com.kms.katalon.core.webui.keyword.WebUiBuiltInKeywords.verifyElementClickable(WebUiBuiltInKeywords.groovy:563)
	at com.kms.katalon.core.webui.keyword.WebUiBuiltInKeywords$verifyElementClickable$8.call(Unknown Source)
	at FCSCMS-1210-S5 (User should be able to delete the clients contact information).run(FCSCMS-1210-S5 (User should be able to delete the clients contact information):27)
	at com.kms.katalon.core.main.ScriptEngine.run(ScriptEngine.java:194)
	at com.kms.katalon.core.main.ScriptEngine.runScriptAsRawText(ScriptEngine.java:119)
	at com.kms.katalon.core.main.TestCaseExecutor.runScript(TestCaseExecutor.java:339)
	at com.kms.katalon.core.main.TestCaseExecutor.doExecute(TestCaseExecutor.java:330)
	at com.kms.katalon.core.main.TestCaseExecutor.processExecutionPhase(TestCaseExecutor.java:309)
	at com.kms.katalon.core.main.TestCaseExecutor.accessMainPhase(TestCaseExecutor.java:301)
	at com.kms.katalon.core.main.TestCaseExecutor.execute(TestCaseExecutor.java:235)
	at com.kms.katalon.core.main.TestSuiteExecutor.accessTestCaseMainPhase(TestSuiteExecutor.java:191)
	at com.kms.katalon.core.main.TestSuiteExecutor.accessTestSuiteMainPhase(TestSuiteExecutor.java:141)
	at com.kms.katalon.core.main.TestSuiteExecutor.execute(TestSuiteExecutor.java:90)
	at com.kms.katalon.core.main.TestCaseMain.startTestSuite(TestCaseMain.java:157)
	at com.kms.katalon.core.main.TestCaseMain$startTestSuite$0.call(Unknown Source)
	at TempTestSuite1641209683940.run(TempTestSuite1641209683940.groovy:39)
Caused by: com.kms.katalon.core.exception.StepFailedException: Web element with id: 'Object Repository/Admin/Sprint 5/FCSCMS200/EditContact/DeleteIcon(Contact)' located by '//div[@id='b14-l3_0-242_0-b20-Column2']/div/a/img' not found
	at com.kms.katalon.core.webui.keyword.internal.WebUIKeywordMain.stepFailed(WebUIKeywordMain.groovy:64)
	at com.kms.katalon.core.webui.keyword.builtin.VerifyElementClickableKeyword$_verifyElementClickable_closure1.doCall(VerifyElementClickableKeyword.groovy:88)
	at com.kms.katalon.core.webui.keyword.builtin.VerifyElementClickableKeyword$_verifyElementClickable_closure1.call(VerifyElementClickableKeyword.groovy)
	at com.kms.katalon.core.webui.keyword.internal.WebUIKeywordMain.runKeyword(WebUIKeywordMain.groovy:20)
	... 19 more]]></system-err>
      </testcase>
      <system-out><![CDATA[2022-01-03 19:34:58 - [TEST_SUITE][FAILED] - FCSCMS-200 (Organizations - Client Profile - Contacts - View - Edit Contact): Test Cases/Sprint 5/FCSCMS-200/FCSCMS-1210-S5 (User should be able to delete the clients contact information) FAILED.
Reason:
com.kms.katalon.core.exception.StepFailedException: Unable to verify object 'Object Repository/Admin/Sprint 5/FCSCMS200/EditContact/DeleteIcon(Contact)' to be clickable
	at com.kms.katalon.core.webui.keyword.internal.WebUIKeywordMain.stepFailed(WebUIKeywordMain.groovy:64)
	at com.kms.katalon.core.webui.keyword.internal.WebUIKeywordMain.runKeyword(WebUIKeywordMain.groovy:26)
	at com.kms.katalon.core.webui.keyword.builtin.VerifyElementClickableKeyword.verifyElementClickable(VerifyElementClickableKeyword.groovy:96)
	at com.kms.katalon.core.webui.keyword.builtin.VerifyElementClickableKeyword.execute(VerifyElementClickableKeyword.groovy:67)
	at com.kms.katalon.core.keyword.internal.KeywordExecutor.executeKeywordForPlatform(KeywordExecutor.groovy:73)
	at com.kms.katalon.core.webui.keyword.WebUiBuiltInKeywords.verifyElementClickable(WebUiBuiltInKeywords.groovy:563)
	at com.kms.katalon.core.webui.keyword.WebUiBuiltInKeywords$verifyElementClickable$8.call(Unknown Source)
	at FCSCMS-1210-S5 (User should be able to delete the clients contact information).run(FCSCMS-1210-S5 (User should be able to delete the clients contact information):27)
	at com.kms.katalon.core.main.ScriptEngine.run(ScriptEngine.java:194)
	at com.kms.katalon.core.main.ScriptEngine.runScriptAsRawText(ScriptEngine.java:119)
	at com.kms.katalon.core.main.TestCaseExecutor.runScript(TestCaseExecutor.java:339)
	at com.kms.katalon.core.main.TestCaseExecutor.doExecute(TestCaseExecutor.java:330)
	at com.kms.katalon.core.main.TestCaseExecutor.processExecutionPhase(TestCaseExecutor.java:309)
	at com.kms.katalon.core.main.TestCaseExecutor.accessMainPhase(TestCaseExecutor.java:301)
	at com.kms.katalon.core.main.TestCaseExecutor.execute(TestCaseExecutor.java:235)
	at com.kms.katalon.core.main.TestSuiteExecutor.accessTestCaseMainPhase(TestSuiteExecutor.java:191)
	at com.kms.katalon.core.main.TestSuiteExecutor.accessTestSuiteMainPhase(TestSuiteExecutor.java:141)
	at com.kms.katalon.core.main.TestSuiteExecutor.execute(TestSuiteExecutor.java:90)
	at com.kms.katalon.core.main.TestCaseMain.startTestSuite(TestCaseMain.java:157)
	at com.kms.katalon.core.main.TestCaseMain$startTestSuite$0.call(Unknown Source)
	at TempTestSuite1641209683940.run(TempTestSuite1641209683940.groovy:39)
Caused by: com.kms.katalon.core.exception.StepFailedException: Web element with id: 'Object Repository/Admin/Sprint 5/FCSCMS200/EditContact/DeleteIcon(Contact)' located by '//div[@id='b14-l3_0-242_0-b20-Column2']/div/a/img' not found
	at com.kms.katalon.core.webui.keyword.internal.WebUIKeywordMain.stepFailed(WebUIKeywordMain.groovy:64)
	at com.kms.katalon.core.webui.keyword.builtin.VerifyElementClickableKeyword$_verifyElementClickable_closure1.doCall(VerifyElementClickableKeyword.groovy:88)
	at com.kms.katalon.core.webui.keyword.builtin.VerifyElementClickableKeyword$_verifyElementClickable_closure1.call(VerifyElementClickableKeyword.groovy)
	at com.kms.katalon.core.webui.keyword.internal.WebUIKeywordMain.runKeyword(WebUIKeywordMain.groovy:20)
	... 19 more]]></system-out>
      <system-err><![CDATA[2022-01-03 19:34:58 - [TEST_SUITE][FAILED] - FCSCMS-200 (Organizations - Client Profile - Contacts - View - Edit Contact): Test Cases/Sprint 5/FCSCMS-200/FCSCMS-1210-S5 (User should be able to delete the clients contact information) FAILED.
Reason:
com.kms.katalon.core.exception.StepFailedException: Unable to verify object 'Object Repository/Admin/Sprint 5/FCSCMS200/EditContact/DeleteIcon(Contact)' to be clickable
	at com.kms.katalon.core.webui.keyword.internal.WebUIKeywordMain.stepFailed(WebUIKeywordMain.groovy:64)
	at com.kms.katalon.core.webui.keyword.internal.WebUIKeywordMain.runKeyword(WebUIKeywordMain.groovy:26)
	at com.kms.katalon.core.webui.keyword.builtin.VerifyElementClickableKeyword.verifyElementClickable(VerifyElementClickableKeyword.groovy:96)
	at com.kms.katalon.core.webui.keyword.builtin.VerifyElementClickableKeyword.execute(VerifyElementClickableKeyword.groovy:67)
	at com.kms.katalon.core.keyword.internal.KeywordExecutor.executeKeywordForPlatform(KeywordExecutor.groovy:73)
	at com.kms.katalon.core.webui.keyword.WebUiBuiltInKeywords.verifyElementClickable(WebUiBuiltInKeywords.groovy:563)
	at com.kms.katalon.core.webui.keyword.WebUiBuiltInKeywords$verifyElementClickable$8.call(Unknown Source)
	at FCSCMS-1210-S5 (User should be able to delete the clients contact information).run(FCSCMS-1210-S5 (User should be able to delete the clients contact information):27)
	at com.kms.katalon.core.main.ScriptEngine.run(ScriptEngine.java:194)
	at com.kms.katalon.core.main.ScriptEngine.runScriptAsRawText(ScriptEngine.java:119)
	at com.kms.katalon.core.main.TestCaseExecutor.runScript(TestCaseExecutor.java:339)
	at com.kms.katalon.core.main.TestCaseExecutor.doExecute(TestCaseExecutor.java:330)
	at com.kms.katalon.core.main.TestCaseExecutor.processExecutionPhase(TestCaseExecutor.java:309)
	at com.kms.katalon.core.main.TestCaseExecutor.accessMainPhase(TestCaseExecutor.java:301)
	at com.kms.katalon.core.main.TestCaseExecutor.execute(TestCaseExecutor.java:235)
	at com.kms.katalon.core.main.TestSuiteExecutor.accessTestCaseMainPhase(TestSuiteExecutor.java:191)
	at com.kms.katalon.core.main.TestSuiteExecutor.accessTestSuiteMainPhase(TestSuiteExecutor.java:141)
	at com.kms.katalon.core.main.TestSuiteExecutor.execute(TestSuiteExecutor.java:90)
	at com.kms.katalon.core.main.TestCaseMain.startTestSuite(TestCaseMain.java:157)
	at com.kms.katalon.core.main.TestCaseMain$startTestSuite$0.call(Unknown Source)
	at TempTestSuite1641209683940.run(TempTestSuite1641209683940.groovy:39)
Caused by: com.kms.katalon.core.exception.StepFailedException: Web element with id: 'Object Repository/Admin/Sprint 5/FCSCMS200/EditContact/DeleteIcon(Contact)' located by '//div[@id='b14-l3_0-242_0-b20-Column2']/div/a/img' not found
	at com.kms.katalon.core.webui.keyword.internal.WebUIKeywordMain.stepFailed(WebUIKeywordMain.groovy:64)
	at com.kms.katalon.core.webui.keyword.builtin.VerifyElementClickableKeyword$_verifyElementClickable_closure1.doCall(VerifyElementClickableKeyword.groovy:88)
	at com.kms.katalon.core.webui.keyword.builtin.VerifyElementClickableKeyword$_verifyElementClickable_closure1.call(VerifyElementClickableKeyword.groovy)
	at com.kms.katalon.core.webui.keyword.internal.WebUIKeywordMain.runKeyword(WebUIKeywordMain.groovy:20)
	... 19 more]]></system-err>
   </testsuite>
</testsuites>
