<?xml version="1.0" encoding="UTF-8"?>
<testsuites name="TestSuiteSite Sample" time="96.694" tests="11" failures="1" errors="0">
   <testsuite name="TestSuiteSite Sample" tests="11" failures="1" errors="0" time="96.694" timestamp="2021-12-23 16:40:04" hostname="me - DESKTOP-S7SF50D" id="Test Suites/Sprint 5/TestSuiteSite Sample">
      <properties>
         <property name="deviceName" value=""/>
         <property name="devicePlatform" value=""/>
         <property name="logFolder" value="C:\\Users\\me\\git\\nexterous-automation\\Reports\\20211223_163950\\Sprint 5\\TestSuiteSite Sample\\20211223_163950"/>
         <property name="logFiles" value="C:\\Users\\me\\git\\nexterous-automation\\Reports\\20211223_163950\\Sprint 5\\TestSuiteSite Sample\\20211223_163950\\execution0.log"/>
         <property name="attachments" value="C:\\Users\\me\\git\\nexterous-automation\\Reports\\20211223_163950\\Sprint 5\\TestSuiteSite Sample\\20211223_163950\\1640248899474.png"/>
         <property name="hostName" value="me - DESKTOP-S7SF50D"/>
         <property name="os" value="Windows 10 64bit"/>
         <property name="katalonVersion" value="7.7.0.205"/>
         <property name="browser" value="Chrome 96.0.4664.110"/>
         <property name="hostAddress" value="192.168.100.7"/>
         <property name="sessionId" value="d8d20abb1daed3d68c059a8fb96047d0"/>
         <property name="seleniumVersion" value="3.141.59"/>
         <property name="proxyInformation" value="ProxyInformation { proxyOption=NO_PROXY, proxyServerType=HTTP, username=, password=********, proxyServerAddress=, proxyServerPort=0, executionList=&quot;&quot;, isApplyToDesiredCapabilities=true }"/>
         <property name="platform" value="Windows 10"/>
      </properties>
      <testcase name="Test Cases/Sprint 5/FCSCMS-193/FCSCMS-1150-S5 (View or edit details of an existing sites on the sites tab)" time="40.043" classname="Test Cases/Sprint 5/FCSCMS-193/FCSCMS-1150-S5 (View or edit details of an existing sites on the sites tab)" status="PASSED">
         <system-out><![CDATA[2021-12-23 16:40:04 - [TEST_CASE][PASSED] - Test Cases/Sprint 5/FCSCMS-193/FCSCMS-1150-S5 (View or edit details of an existing sites on the sites tab): Test Cases/Sprint 5/FCSCMS-193/FCSCMS-1150-S5 (View or edit details of an existing sites on the sites tab)

2021-12-23 16:40:05 - [TEST_STEP][PASSED] - openBrowser(""): Browser is opened with url: ''

2021-12-23 16:40:06 - [MESSAGE][INFO] - Starting 'Chrome' driver

2021-12-23 16:40:06 - [MESSAGE][INFO] - Action delay is set to 0 milliseconds

2021-12-23 16:40:09 - [MESSAGE][PASSED] - Browser is opened with url: ''

2021-12-23 16:40:09 - [TEST_STEP][PASSED] - navigateToUrl("https://nexterus-tst.outsystemsenterprise.com/FusionCenter/Login"): Navigate to 'https://nexterus-tst.outsystemsenterprise.com/FusionCenter/Login' successfully

2021-12-23 16:40:11 - [MESSAGE][PASSED] - Navigate to 'https://nexterus-tst.outsystemsenterprise.com/FusionCenter/Login' successfully

2021-12-23 16:40:11 - [TEST_STEP][PASSED] - maximizeWindow(): Current window maximized

2021-12-23 16:40:12 - [MESSAGE][PASSED] - Current window maximized

2021-12-23 16:40:12 - [TEST_STEP][PASSED] - delay(3): Delayed 3 second(s)

2021-12-23 16:40:15 - [MESSAGE][PASSED] - Delayed 3 second(s)

2021-12-23 16:40:15 - [TEST_STEP][PASSED] - setText(findTestObject("Login/Username_Field"), "admin"): Text 'admin' is set on object 'Object Repository/Login/Username_Field'

2021-12-23 16:40:16 - [MESSAGE][PASSED] - Text 'admin' is set on object 'Object Repository/Login/Username_Field'

2021-12-23 16:40:16 - [TEST_STEP][PASSED] - delay(1): Delayed 1 second(s)

2021-12-23 16:40:17 - [MESSAGE][PASSED] - Delayed 1 second(s)

2021-12-23 16:40:17 - [TEST_STEP][PASSED] - setText(findTestObject("Login/Password_Field"), "admin"): Text 'admin' is set on object 'Object Repository/Login/Password_Field'

2021-12-23 16:40:17 - [MESSAGE][PASSED] - Text 'admin' is set on object 'Object Repository/Login/Password_Field'

2021-12-23 16:40:17 - [TEST_STEP][PASSED] - delay(1): Delayed 1 second(s)

2021-12-23 16:40:18 - [MESSAGE][PASSED] - Delayed 1 second(s)

2021-12-23 16:40:18 - [TEST_STEP][PASSED] - click(findTestObject("Login/BTN_Login")): Object: 'Object Repository/Login/BTN_Login' is clicked on

2021-12-23 16:40:19 - [MESSAGE][PASSED] - Object: 'Object Repository/Login/BTN_Login' is clicked on

2021-12-23 16:40:19 - [TEST_STEP][PASSED] - delay(2): Delayed 2 second(s)

2021-12-23 16:40:21 - [MESSAGE][PASSED] - Delayed 2 second(s)

2021-12-23 16:40:21 - [TEST_STEP][PASSED] - click(findTestObject("Admin/Sprint 5/a_Clients")): Object: 'Object Repository/Admin/Sprint 5/a_Clients' is clicked on

2021-12-23 16:40:24 - [MESSAGE][PASSED] - Object: 'Object Repository/Admin/Sprint 5/a_Clients' is clicked on

2021-12-23 16:40:24 - [TEST_STEP][PASSED] - delay(1): Delayed 1 second(s)

2021-12-23 16:40:25 - [MESSAGE][PASSED] - Delayed 1 second(s)

2021-12-23 16:40:25 - [TEST_STEP][PASSED] - setText(findTestObject("Admin/Sprint 5/Clients/SearchBar_Clients"), "Smoke Test 3"): Text 'Smoke Test 3' is set on object 'Object Repository/Admin/Sprint 5/Clients/SearchBar_Clients'

2021-12-23 16:40:27 - [MESSAGE][PASSED] - Text 'Smoke Test 3' is set on object 'Object Repository/Admin/Sprint 5/Clients/SearchBar_Clients'

2021-12-23 16:40:27 - [TEST_STEP][PASSED] - delay(1): Delayed 1 second(s)

2021-12-23 16:40:28 - [MESSAGE][PASSED] - Delayed 1 second(s)

2021-12-23 16:40:28 - [TEST_STEP][PASSED] - click(findTestObject("Admin/Sprint 5/Clients/Sites/Site Edit Elements/SearchButton(Clients)")): Object: 'Object Repository/Admin/Sprint 5/Clients/Sites/Site Edit Elements/SearchButton(Clients)' is clicked on

2021-12-23 16:40:29 - [MESSAGE][PASSED] - Object: 'Object Repository/Admin/Sprint 5/Clients/Sites/Site Edit Elements/SearchButton(Clients)' is clicked on

2021-12-23 16:40:29 - [TEST_STEP][PASSED] - delay(2): Delayed 2 second(s)

2021-12-23 16:40:31 - [MESSAGE][PASSED] - Delayed 2 second(s)

2021-12-23 16:40:31 - [TEST_STEP][PASSED] - click(findTestObject("Admin/Sprint 5/Clients/Sites/Site Edit Elements/EditClient")): Object: 'Object Repository/Admin/Sprint 5/Clients/Sites/Site Edit Elements/EditClient' is clicked on

2021-12-23 16:40:31 - [MESSAGE][PASSED] - Object: 'Object Repository/Admin/Sprint 5/Clients/Sites/Site Edit Elements/EditClient' is clicked on

2021-12-23 16:40:31 - [TEST_STEP][PASSED] - delay(2): Delayed 2 second(s)

2021-12-23 16:40:33 - [MESSAGE][PASSED] - Delayed 2 second(s)

2021-12-23 16:40:33 - [TEST_STEP][PASSED] - click(findTestObject("Admin/Sprint 5/Clients/Sites/div_Sites")): Object: 'Object Repository/Admin/Sprint 5/Clients/Sites/div_Sites' is clicked on

2021-12-23 16:40:34 - [MESSAGE][PASSED] - Object: 'Object Repository/Admin/Sprint 5/Clients/Sites/div_Sites' is clicked on

2021-12-23 16:40:34 - [TEST_STEP][PASSED] - delay(1): Delayed 1 second(s)

2021-12-23 16:40:35 - [MESSAGE][PASSED] - Delayed 1 second(s)

2021-12-23 16:40:35 - [TEST_STEP][PASSED] - click(findTestObject("Admin/Sprint 5/Clients/Sites/Site Edit Elements/EditSiteButton")): Object: 'Object Repository/Admin/Sprint 5/Clients/Sites/Site Edit Elements/EditSiteButton' is clicked on

2021-12-23 16:40:36 - [MESSAGE][PASSED] - Object: 'Object Repository/Admin/Sprint 5/Clients/Sites/Site Edit Elements/EditSiteButton' is clicked on

2021-12-23 16:40:36 - [TEST_STEP][PASSED] - delay(2): Delayed 2 second(s)

2021-12-23 16:40:38 - [MESSAGE][PASSED] - Delayed 2 second(s)

2021-12-23 16:40:38 - [TEST_STEP][PASSED] - clearText(findTestObject("Admin/Sprint 5/Clients/Sites/SiteCode")): Text of object 'Object Repository/Admin/Sprint 5/Clients/Sites/SiteCode' is cleared

2021-12-23 16:40:38 - [MESSAGE][PASSED] - Text of object 'Object Repository/Admin/Sprint 5/Clients/Sites/SiteCode' is cleared

2021-12-23 16:40:38 - [TEST_STEP][PASSED] - setText(findTestObject("Admin/Sprint 5/Clients/Sites/SiteCode"), "TestSite"): Text 'TestSite' is set on object 'Object Repository/Admin/Sprint 5/Clients/Sites/SiteCode'

2021-12-23 16:40:39 - [MESSAGE][PASSED] - Text 'TestSite' is set on object 'Object Repository/Admin/Sprint 5/Clients/Sites/SiteCode'

2021-12-23 16:40:39 - [TEST_STEP][PASSED] - delay(1): Delayed 1 second(s)

2021-12-23 16:40:40 - [MESSAGE][PASSED] - Delayed 1 second(s)

2021-12-23 16:40:40 - [TEST_STEP][PASSED] - clearText(findTestObject("Admin/Sprint 5/Clients/Sites/SiteName")): Text of object 'Object Repository/Admin/Sprint 5/Clients/Sites/SiteName' is cleared

2021-12-23 16:40:40 - [MESSAGE][PASSED] - Text of object 'Object Repository/Admin/Sprint 5/Clients/Sites/SiteName' is cleared

2021-12-23 16:40:40 - [TEST_STEP][PASSED] - setText(findTestObject("Admin/Sprint 5/Clients/Sites/SiteName"), "SiteforAutomation"): Text 'SiteforAutomation' is set on object 'Object Repository/Admin/Sprint 5/Clients/Sites/SiteName'

2021-12-23 16:40:41 - [MESSAGE][PASSED] - Text 'SiteforAutomation' is set on object 'Object Repository/Admin/Sprint 5/Clients/Sites/SiteName'

2021-12-23 16:40:41 - [TEST_STEP][PASSED] - delay(1): Delayed 1 second(s)

2021-12-23 16:40:42 - [MESSAGE][PASSED] - Delayed 1 second(s)

2021-12-23 16:40:42 - [TEST_STEP][PASSED] - clearText(findTestObject("Admin/Sprint 5/Clients/Sites/Description"), STOP_ON_FAILURE): Text of object 'Object Repository/Admin/Sprint 5/Clients/Sites/Description' is cleared

2021-12-23 16:40:42 - [MESSAGE][PASSED] - Text of object 'Object Repository/Admin/Sprint 5/Clients/Sites/Description' is cleared

2021-12-23 16:40:42 - [TEST_STEP][PASSED] - setText(findTestObject("Admin/Sprint 5/Clients/Sites/Description"), "Test site for automation"): Text 'Test site for automation' is set on object 'Object Repository/Admin/Sprint 5/Clients/Sites/Description'

2021-12-23 16:40:43 - [MESSAGE][PASSED] - Text 'Test site for automation' is set on object 'Object Repository/Admin/Sprint 5/Clients/Sites/Description'

2021-12-23 16:40:43 - [TEST_STEP][PASSED] - delay(1): Delayed 1 second(s)

2021-12-23 16:40:44 - [MESSAGE][PASSED] - Delayed 1 second(s)]]></system-out>
         <system-err><![CDATA[]]></system-err>
      </testcase>
      <testcase name="Test Cases/Sprint 5/FCSCMS-193/FCSCMS-1151-S5 (Associate an already exixting contact to the site)" time="3.552" classname="Test Cases/Sprint 5/FCSCMS-193/FCSCMS-1151-S5 (Associate an already exixting contact to the site)" status="PASSED">
         <system-out><![CDATA[2021-12-23 16:40:44 - [TEST_CASE][PASSED] - Test Cases/Sprint 5/FCSCMS-193/FCSCMS-1151-S5 (Associate an already exixting contact to the site): Test Cases/Sprint 5/FCSCMS-193/FCSCMS-1151-S5 (Associate an already exixting contact to the site)

2021-12-23 16:40:44 - [TEST_STEP][PASSED] - selectOptionByLabel(findTestObject("Admin/Sprint 5/Clients/Sites/Site Edit Elements/SelectContactDropdown"), "ForEmail", false): All options with label 'ForEmail' are selected in object 'Object Repository/Admin/Sprint 5/Clients/Sites/Site Edit Elements/SelectContactDropdown' 

2021-12-23 16:40:45 - [MESSAGE][PASSED] - All options with label 'ForEmail' are selected in object 'Object Repository/Admin/Sprint 5/Clients/Sites/Site Edit Elements/SelectContactDropdown' 

2021-12-23 16:40:45 - [TEST_STEP][PASSED] - delay(1): Delayed 1 second(s)

2021-12-23 16:40:46 - [MESSAGE][PASSED] - Delayed 1 second(s)

2021-12-23 16:40:46 - [TEST_STEP][PASSED] - click(findTestObject("Admin/Sprint 5/Clients/Sites/Site Edit Elements/button_Add(Sites)")): Object: 'Object Repository/Admin/Sprint 5/Clients/Sites/Site Edit Elements/button_Add(Sites)' is clicked on

2021-12-23 16:40:47 - [MESSAGE][PASSED] - Object: 'Object Repository/Admin/Sprint 5/Clients/Sites/Site Edit Elements/button_Add(Sites)' is clicked on

2021-12-23 16:40:47 - [TEST_STEP][PASSED] - delay(1): Delayed 1 second(s)

2021-12-23 16:40:48 - [MESSAGE][PASSED] - Delayed 1 second(s)]]></system-out>
         <system-err><![CDATA[]]></system-err>
      </testcase>
      <testcase name="Test Cases/Sprint 5/FCSCMS-193/FCSCMS-1152-S5 (Add a new contact to be assosciated with the site)" time="2.226" classname="Test Cases/Sprint 5/FCSCMS-193/FCSCMS-1152-S5 (Add a new contact to be assosciated with the site)" status="PASSED">
         <system-out><![CDATA[2021-12-23 16:40:48 - [TEST_CASE][PASSED] - Test Cases/Sprint 5/FCSCMS-193/FCSCMS-1152-S5 (Add a new contact to be assosciated with the site): Test Cases/Sprint 5/FCSCMS-193/FCSCMS-1152-S5 (Add a new contact to be assosciated with the site)

2021-12-23 16:40:48 - [TEST_STEP][PASSED] - delay(2): Delayed 2 second(s)

2021-12-23 16:40:50 - [MESSAGE][PASSED] - Delayed 2 second(s)]]></system-out>
         <system-err><![CDATA[]]></system-err>
      </testcase>
      <testcase name="Test Cases/Sprint 5/FCSCMS-193/FCSCMS-1153-S5 (The user can click the Save button for the Sites tab)" time="2.4" classname="Test Cases/Sprint 5/FCSCMS-193/FCSCMS-1153-S5 (The user can click the Save button for the Sites tab)" status="PASSED">
         <system-out><![CDATA[2021-12-23 16:40:50 - [TEST_CASE][PASSED] - Test Cases/Sprint 5/FCSCMS-193/FCSCMS-1153-S5 (The user can click the Save button for the Sites tab): Test Cases/Sprint 5/FCSCMS-193/FCSCMS-1153-S5 (The user can click the Save button for the Sites tab)

2021-12-23 16:40:50 - [TEST_STEP][PASSED] - click(findTestObject("Admin/Sprint 5/Clients/Sites/Site Edit Elements/button_Save(Sites)")): Object: 'Object Repository/Admin/Sprint 5/Clients/Sites/Site Edit Elements/button_Save(Sites)' is clicked on

2021-12-23 16:40:51 - [MESSAGE][PASSED] - Object: 'Object Repository/Admin/Sprint 5/Clients/Sites/Site Edit Elements/button_Save(Sites)' is clicked on

2021-12-23 16:40:51 - [TEST_STEP][PASSED] - delay(1): Delayed 1 second(s)

2021-12-23 16:40:52 - [MESSAGE][PASSED] - Delayed 1 second(s)

2021-12-23 16:40:52 - [TEST_STEP][PASSED] - verifyElementVisible(findTestObject("Admin/Sprint 5/Clients/Sites/Site Edit Elements/button_Yes(Confirmation)")): Object 'Object Repository/Admin/Sprint 5/Clients/Sites/Site Edit Elements/button_Yes(Confirmation)' is visible

2021-12-23 16:40:52 - [MESSAGE][PASSED] - Object 'Object Repository/Admin/Sprint 5/Clients/Sites/Site Edit Elements/button_Yes(Confirmation)' is visible

2021-12-23 16:40:52 - [TEST_STEP][PASSED] - verifyElementVisible(findTestObject("Admin/Sprint 5/Clients/Sites/Site Edit Elements/button_No(Confirmation)")): Object 'Object Repository/Admin/Sprint 5/Clients/Sites/Site Edit Elements/button_No(Confirmation)' is visible

2021-12-23 16:40:52 - [MESSAGE][PASSED] - Object 'Object Repository/Admin/Sprint 5/Clients/Sites/Site Edit Elements/button_No(Confirmation)' is visible]]></system-out>
         <system-err><![CDATA[]]></system-err>
      </testcase>
      <testcase name="Test Cases/Sprint 5/FCSCMS-193/FCSCMS-1154-S5 (Click the Yes to confirm saving of all of the Newly added or edited site information)" time="11.976" classname="Test Cases/Sprint 5/FCSCMS-193/FCSCMS-1154-S5 (Click the Yes to confirm saving of all of the Newly added or edited site information)" status="PASSED">
         <system-out><![CDATA[2021-12-23 16:40:52 - [TEST_CASE][PASSED] - Test Cases/Sprint 5/FCSCMS-193/FCSCMS-1154-S5 (Click the Yes to confirm saving of all of the Newly added or edited site information): Test Cases/Sprint 5/FCSCMS-193/FCSCMS-1154-S5 (Click the Yes to confirm saving of all of the Newly added or edited site information)

2021-12-23 16:40:53 - [TEST_STEP][PASSED] - click(findTestObject("Admin/Sprint 5/Clients/Sites/Site Edit Elements/button_Yes(Confirmation)")): Object: 'Object Repository/Admin/Sprint 5/Clients/Sites/Site Edit Elements/button_Yes(Confirmation)' is clicked on

2021-12-23 16:40:53 - [MESSAGE][PASSED] - Object: 'Object Repository/Admin/Sprint 5/Clients/Sites/Site Edit Elements/button_Yes(Confirmation)' is clicked on

2021-12-23 16:40:53 - [TEST_STEP][PASSED] - delay(2): Delayed 2 second(s)

2021-12-23 16:40:55 - [MESSAGE][PASSED] - Delayed 2 second(s)

2021-12-23 16:40:55 - [TEST_STEP][PASSED] - click(findTestObject("Admin/Sprint 5/Clients/Sites/Site Edit Elements/EditSiteButton")): Object: 'Object Repository/Admin/Sprint 5/Clients/Sites/Site Edit Elements/EditSiteButton' is clicked on

2021-12-23 16:40:56 - [MESSAGE][PASSED] - Object: 'Object Repository/Admin/Sprint 5/Clients/Sites/Site Edit Elements/EditSiteButton' is clicked on

2021-12-23 16:40:56 - [TEST_STEP][PASSED] - delay(2): Delayed 2 second(s)

2021-12-23 16:40:58 - [MESSAGE][PASSED] - Delayed 2 second(s)

2021-12-23 16:40:58 - [TEST_STEP][PASSED] - click(findTestObject("Admin/Sprint 5/Clients/Sites/Site Edit Elements/Delete(ForEmail)")): Object: 'Object Repository/Admin/Sprint 5/Clients/Sites/Site Edit Elements/Delete(ForEmail)' is clicked on

2021-12-23 16:40:58 - [MESSAGE][PASSED] - Object: 'Object Repository/Admin/Sprint 5/Clients/Sites/Site Edit Elements/Delete(ForEmail)' is clicked on

2021-12-23 16:40:58 - [TEST_STEP][PASSED] - delay(1): Delayed 1 second(s)

2021-12-23 16:40:59 - [MESSAGE][PASSED] - Delayed 1 second(s)

2021-12-23 16:40:59 - [TEST_STEP][PASSED] - click(findTestObject("Admin/Sprint 5/Clients/Sites/Site Edit Elements/button_Yes(Confirmation)")): Object: 'Object Repository/Admin/Sprint 5/Clients/Sites/Site Edit Elements/button_Yes(Confirmation)' is clicked on

2021-12-23 16:40:59 - [MESSAGE][PASSED] - Object: 'Object Repository/Admin/Sprint 5/Clients/Sites/Site Edit Elements/button_Yes(Confirmation)' is clicked on

2021-12-23 16:40:59 - [TEST_STEP][PASSED] - delay(1): Delayed 1 second(s)

2021-12-23 16:41:00 - [MESSAGE][PASSED] - Delayed 1 second(s)

2021-12-23 16:41:00 - [TEST_STEP][PASSED] - click(findTestObject("Admin/Sprint 5/Clients/Sites/Site Edit Elements/button_Save(Sites)")): Object: 'Object Repository/Admin/Sprint 5/Clients/Sites/Site Edit Elements/button_Save(Sites)' is clicked on

2021-12-23 16:41:01 - [MESSAGE][PASSED] - Object: 'Object Repository/Admin/Sprint 5/Clients/Sites/Site Edit Elements/button_Save(Sites)' is clicked on

2021-12-23 16:41:01 - [TEST_STEP][PASSED] - delay(1): Delayed 1 second(s)

2021-12-23 16:41:02 - [MESSAGE][PASSED] - Delayed 1 second(s)

2021-12-23 16:41:02 - [TEST_STEP][PASSED] - click(findTestObject("Admin/Sprint 5/Clients/Sites/Site Edit Elements/button_Yes(Confirmation)")): Object: 'Object Repository/Admin/Sprint 5/Clients/Sites/Site Edit Elements/button_Yes(Confirmation)' is clicked on

2021-12-23 16:41:02 - [MESSAGE][PASSED] - Object: 'Object Repository/Admin/Sprint 5/Clients/Sites/Site Edit Elements/button_Yes(Confirmation)' is clicked on

2021-12-23 16:41:02 - [TEST_STEP][PASSED] - delay(2): Delayed 2 second(s)

2021-12-23 16:41:04 - [MESSAGE][PASSED] - Delayed 2 second(s)]]></system-out>
         <system-err><![CDATA[]]></system-err>
      </testcase>
      <testcase name="Test Cases/Sprint 5/FCSCMS-193/FCSCMS-1155-S5 (Click the No button to terminate the saving of the Newly added or edited Sites information)" time="7.294" classname="Test Cases/Sprint 5/FCSCMS-193/FCSCMS-1155-S5 (Click the No button to terminate the saving of the Newly added or edited Sites information)" status="PASSED">
         <system-out><![CDATA[2021-12-23 16:41:04 - [TEST_CASE][PASSED] - Test Cases/Sprint 5/FCSCMS-193/FCSCMS-1155-S5 (Click the No button to terminate the saving of the Newly added or edited Sites information): Test Cases/Sprint 5/FCSCMS-193/FCSCMS-1155-S5 (Click the No button to terminate the saving of the Newly added or edited Sites information)

2021-12-23 16:41:05 - [TEST_STEP][PASSED] - click(findTestObject("Admin/Sprint 5/Clients/Sites/Site Edit Elements/EditSiteButton")): Object: 'Object Repository/Admin/Sprint 5/Clients/Sites/Site Edit Elements/EditSiteButton' is clicked on

2021-12-23 16:41:05 - [MESSAGE][PASSED] - Object: 'Object Repository/Admin/Sprint 5/Clients/Sites/Site Edit Elements/EditSiteButton' is clicked on

2021-12-23 16:41:05 - [TEST_STEP][PASSED] - delay(1): Delayed 1 second(s)

2021-12-23 16:41:06 - [MESSAGE][PASSED] - Delayed 1 second(s)

2021-12-23 16:41:06 - [TEST_STEP][PASSED] - clearText(findTestObject("Admin/Sprint 5/Clients/Sites/SiteCode")): Text of object 'Object Repository/Admin/Sprint 5/Clients/Sites/SiteCode' is cleared

2021-12-23 16:41:07 - [MESSAGE][PASSED] - Text of object 'Object Repository/Admin/Sprint 5/Clients/Sites/SiteCode' is cleared

2021-12-23 16:41:07 - [TEST_STEP][PASSED] - setText(findTestObject("Admin/Sprint 5/Clients/Sites/SiteCode"), "Negative Path"): Text 'Negative Path' is set on object 'Object Repository/Admin/Sprint 5/Clients/Sites/SiteCode'

2021-12-23 16:41:08 - [MESSAGE][PASSED] - Text 'Negative Path' is set on object 'Object Repository/Admin/Sprint 5/Clients/Sites/SiteCode'

2021-12-23 16:41:08 - [TEST_STEP][PASSED] - delay(1): Delayed 1 second(s)

2021-12-23 16:41:09 - [MESSAGE][PASSED] - Delayed 1 second(s)

2021-12-23 16:41:09 - [TEST_STEP][PASSED] - click(findTestObject("Admin/Sprint 5/Clients/Sites/Site Edit Elements/button_Save(Sites)")): Object: 'Object Repository/Admin/Sprint 5/Clients/Sites/Site Edit Elements/button_Save(Sites)' is clicked on

2021-12-23 16:41:09 - [MESSAGE][PASSED] - Object: 'Object Repository/Admin/Sprint 5/Clients/Sites/Site Edit Elements/button_Save(Sites)' is clicked on

2021-12-23 16:41:09 - [TEST_STEP][PASSED] - delay(1): Delayed 1 second(s)

2021-12-23 16:41:10 - [MESSAGE][PASSED] - Delayed 1 second(s)

2021-12-23 16:41:10 - [TEST_STEP][PASSED] - click(findTestObject("Admin/Sprint 5/Clients/Sites/Site Edit Elements/button_No(Confirmation)")): Object: 'Object Repository/Admin/Sprint 5/Clients/Sites/Site Edit Elements/button_No(Confirmation)' is clicked on

2021-12-23 16:41:11 - [MESSAGE][PASSED] - Object: 'Object Repository/Admin/Sprint 5/Clients/Sites/Site Edit Elements/button_No(Confirmation)' is clicked on

2021-12-23 16:41:11 - [TEST_STEP][PASSED] - delay(1): Delayed 1 second(s)

2021-12-23 16:41:12 - [MESSAGE][PASSED] - Delayed 1 second(s)]]></system-out>
         <system-err><![CDATA[]]></system-err>
      </testcase>
      <testcase name="Test Cases/Sprint 5/FCSCMS-193/FCSCMS-1156-S5 (The user can click the Cancel button for the Site tab)" time="4.616" classname="Test Cases/Sprint 5/FCSCMS-193/FCSCMS-1156-S5 (The user can click the Cancel button for the Site tab)" status="PASSED">
         <system-out><![CDATA[2021-12-23 16:41:12 - [TEST_CASE][PASSED] - Test Cases/Sprint 5/FCSCMS-193/FCSCMS-1156-S5 (The user can click the Cancel button for the Site tab): Test Cases/Sprint 5/FCSCMS-193/FCSCMS-1156-S5 (The user can click the Cancel button for the Site tab)

2021-12-23 16:41:12 - [TEST_STEP][PASSED] - click(findTestObject("Admin/Sprint 5/Clients/Sites/Site Edit Elements/EditSiteButton")): Object: 'Object Repository/Admin/Sprint 5/Clients/Sites/Site Edit Elements/EditSiteButton' is clicked on

2021-12-23 16:41:13 - [MESSAGE][PASSED] - Object: 'Object Repository/Admin/Sprint 5/Clients/Sites/Site Edit Elements/EditSiteButton' is clicked on

2021-12-23 16:41:13 - [TEST_STEP][PASSED] - delay(2): Delayed 2 second(s)

2021-12-23 16:41:15 - [MESSAGE][PASSED] - Delayed 2 second(s)

2021-12-23 16:41:15 - [TEST_STEP][PASSED] - click(findTestObject("Admin/Sprint 5/Clients/Sites/Site Edit Elements/button_Cancel(Sites)")): Object: 'Object Repository/Admin/Sprint 5/Clients/Sites/Site Edit Elements/button_Cancel(Sites)' is clicked on

2021-12-23 16:41:15 - [MESSAGE][PASSED] - Object: 'Object Repository/Admin/Sprint 5/Clients/Sites/Site Edit Elements/button_Cancel(Sites)' is clicked on

2021-12-23 16:41:15 - [TEST_STEP][PASSED] - delay(1): Delayed 1 second(s)

2021-12-23 16:41:16 - [MESSAGE][PASSED] - Delayed 1 second(s)]]></system-out>
         <system-err><![CDATA[]]></system-err>
      </testcase>
      <testcase name="Test Cases/Sprint 5/FCSCMS-193/FCSCMS-1157-S5 (The user can click the Yes button from Cancel Confirmation modal)" time="3.758" classname="Test Cases/Sprint 5/FCSCMS-193/FCSCMS-1157-S5 (The user can click the Yes button from Cancel Confirmation modal)" status="PASSED">
         <system-out><![CDATA[2021-12-23 16:41:16 - [TEST_CASE][PASSED] - Test Cases/Sprint 5/FCSCMS-193/FCSCMS-1157-S5 (The user can click the Yes button from Cancel Confirmation modal): Test Cases/Sprint 5/FCSCMS-193/FCSCMS-1157-S5 (The user can click the Yes button from Cancel Confirmation modal)

2021-12-23 16:41:17 - [TEST_STEP][PASSED] - click(findTestObject("Admin/Sprint 5/Clients/Sites/Site Edit Elements/button_Yes(Cancel)")): Object: 'Object Repository/Admin/Sprint 5/Clients/Sites/Site Edit Elements/button_Yes(Cancel)' is clicked on

2021-12-23 16:41:17 - [MESSAGE][PASSED] - Object: 'Object Repository/Admin/Sprint 5/Clients/Sites/Site Edit Elements/button_Yes(Cancel)' is clicked on

2021-12-23 16:41:17 - [TEST_STEP][PASSED] - delay(3): Delayed 3 second(s)

2021-12-23 16:41:20 - [MESSAGE][PASSED] - Delayed 3 second(s)]]></system-out>
         <system-err><![CDATA[]]></system-err>
      </testcase>
      <testcase name="Test Cases/Sprint 5/FCSCMS-193/FCSCMS-1158-S5 (Click the No button from Cancel Confirmation modal)" time="4.585" classname="Test Cases/Sprint 5/FCSCMS-193/FCSCMS-1158-S5 (Click the No button from Cancel Confirmation modal)" status="PASSED">
         <system-out><![CDATA[2021-12-23 16:41:20 - [TEST_CASE][PASSED] - Test Cases/Sprint 5/FCSCMS-193/FCSCMS-1158-S5 (Click the No button from Cancel Confirmation modal): Test Cases/Sprint 5/FCSCMS-193/FCSCMS-1158-S5 (Click the No button from Cancel Confirmation modal)

2021-12-23 16:41:20 - [TEST_STEP][PASSED] - click(findTestObject("Admin/Sprint 5/Clients/Sites/Site Edit Elements/EditSiteButton")): Object: 'Object Repository/Admin/Sprint 5/Clients/Sites/Site Edit Elements/EditSiteButton' is clicked on

2021-12-23 16:41:21 - [MESSAGE][PASSED] - Object: 'Object Repository/Admin/Sprint 5/Clients/Sites/Site Edit Elements/EditSiteButton' is clicked on

2021-12-23 16:41:21 - [TEST_STEP][PASSED] - delay(2): Delayed 2 second(s)

2021-12-23 16:41:23 - [MESSAGE][PASSED] - Delayed 2 second(s)

2021-12-23 16:41:23 - [TEST_STEP][PASSED] - click(findTestObject("Admin/Sprint 5/Clients/Sites/Site Edit Elements/button_Cancel(Sites)")): Object: 'Object Repository/Admin/Sprint 5/Clients/Sites/Site Edit Elements/button_Cancel(Sites)' is clicked on

2021-12-23 16:41:23 - [MESSAGE][PASSED] - Object: 'Object Repository/Admin/Sprint 5/Clients/Sites/Site Edit Elements/button_Cancel(Sites)' is clicked on

2021-12-23 16:41:23 - [TEST_STEP][PASSED] - delay(1): Delayed 1 second(s)

2021-12-23 16:41:24 - [MESSAGE][PASSED] - Delayed 1 second(s)

2021-12-23 16:41:24 - [TEST_STEP][PASSED] - click(findTestObject("Admin/Sprint 5/Clients/Sites/Site Edit Elements/button_No(Cancel)")): Object: 'Object Repository/Admin/Sprint 5/Clients/Sites/Site Edit Elements/button_No(Cancel)' is clicked on

2021-12-23 16:41:25 - [MESSAGE][PASSED] - Object: 'Object Repository/Admin/Sprint 5/Clients/Sites/Site Edit Elements/button_No(Cancel)' is clicked on]]></system-out>
         <system-err><![CDATA[]]></system-err>
      </testcase>
      <testcase name="Test Cases/Sprint 5/FCSCMS-193/FCSCMS-1159-S5 (The user can click the Contacts tab)" time="5.306" classname="Test Cases/Sprint 5/FCSCMS-193/FCSCMS-1159-S5 (The user can click the Contacts tab)" status="PASSED">
         <system-out><![CDATA[2021-12-23 16:41:25 - [TEST_CASE][PASSED] - Test Cases/Sprint 5/FCSCMS-193/FCSCMS-1159-S5 (The user can click the Contacts tab): Test Cases/Sprint 5/FCSCMS-193/FCSCMS-1159-S5 (The user can click the Contacts tab)

2021-12-23 16:41:25 - [TEST_STEP][PASSED] - delay(2): Delayed 2 second(s)

2021-12-23 16:41:27 - [MESSAGE][PASSED] - Delayed 2 second(s)

2021-12-23 16:41:27 - [TEST_STEP][PASSED] - click(findTestObject("Admin/Sprint 5/Clients/Contacts/div_Contacts")): Object: 'Object Repository/Admin/Sprint 5/Clients/Contacts/div_Contacts' is clicked on

2021-12-23 16:41:27 - [MESSAGE][PASSED] - Object: 'Object Repository/Admin/Sprint 5/Clients/Contacts/div_Contacts' is clicked on

2021-12-23 16:41:27 - [TEST_STEP][PASSED] - verifyElementVisible(findTestObject("Admin/Sprint 5/Clients/Contacts/ContactsDashboard")): Object 'Object Repository/Admin/Sprint 5/Clients/Contacts/ContactsDashboard' is visible

2021-12-23 16:41:30 - [MESSAGE][PASSED] - Object 'Object Repository/Admin/Sprint 5/Clients/Contacts/ContactsDashboard' is visible]]></system-out>
         <system-err><![CDATA[]]></system-err>
      </testcase>
      <testcase name="Test Cases/Sprint 5/FCSCMS-193/FCSCMS-1160-S5 (The user can add a new contact)" time="9.211" classname="Test Cases/Sprint 5/FCSCMS-193/FCSCMS-1160-S5 (The user can add a new contact)" status="FAILED">
         <failure type="FAILED" message="Test Cases/Sprint 5/FCSCMS-193/FCSCMS-1160-S5 (The user can add a new contact) FAILED.
Reason:
com.kms.katalon.core.exception.StepFailedException: Unable to set text 'AutomationAddress' of object 'Object Repository/Admin/Sprint 5/Clients/AddNewContact/Address Name'
	at com.kms.katalon.core.webui.keyword.internal.WebUIKeywordMain.stepFailed(WebUIKeywordMain.groovy:64)
	at com.kms.katalon.core.webui.keyword.internal.WebUIKeywordMain.runKeyword(WebUIKeywordMain.groovy:26)
	at com.kms.katalon.core.webui.keyword.builtin.SetTextKeyword.setText(SetTextKeyword.groovy:66)
	at com.kms.katalon.core.webui.keyword.builtin.SetTextKeyword.execute(SetTextKeyword.groovy:37)
	at com.kms.katalon.core.keyword.internal.KeywordExecutor.executeKeywordForPlatform(KeywordExecutor.groovy:73)
	at com.kms.katalon.core.webui.keyword.WebUiBuiltInKeywords.setText(WebUiBuiltInKeywords.groovy:977)
	at com.kms.katalon.core.webui.keyword.WebUiBuiltInKeywords$setText$2.call(Unknown Source)
	at FCSCMS-1160-S5 (The user can add a new contact).run(FCSCMS-1160-S5 (The user can add a new contact):39)
	at com.kms.katalon.core.main.ScriptEngine.run(ScriptEngine.java:194)
	at com.kms.katalon.core.main.ScriptEngine.runScriptAsRawText(ScriptEngine.java:119)
	at com.kms.katalon.core.main.TestCaseExecutor.runScript(TestCaseExecutor.java:339)
	at com.kms.katalon.core.main.TestCaseExecutor.doExecute(TestCaseExecutor.java:330)
	at com.kms.katalon.core.main.TestCaseExecutor.processExecutionPhase(TestCaseExecutor.java:309)
	at com.kms.katalon.core.main.TestCaseExecutor.accessMainPhase(TestCaseExecutor.java:301)
	at com.kms.katalon.core.main.TestCaseExecutor.execute(TestCaseExecutor.java:235)
	at com.kms.katalon.core.main.TestSuiteExecutor.accessTestCaseMainPhase(TestSuiteExecutor.java:191)
	at com.kms.katalon.core.main.TestSuiteExecutor.accessTestSuiteMainPhase(TestSuiteExecutor.java:141)
	at com.kms.katalon.core.main.TestSuiteExecutor.execute(TestSuiteExecutor.java:90)
	at com.kms.katalon.core.main.TestCaseMain.startTestSuite(TestCaseMain.java:157)
	at com.kms.katalon.core.main.TestCaseMain$startTestSuite$0.call(Unknown Source)
	at TempTestSuite1640248790530.run(TempTestSuite1640248790530.groovy:39)
Caused by: org.openqa.selenium.InvalidElementStateException: invalid element state: Element is not currently interactable and may not be manipulated
  (Session info: chrome=96.0.4664.110)
Build info: version: '3.141.59', revision: 'e82be7d358', time: '2018-11-14T08:25:53'
System info: host: 'DESKTOP-S7SF50D', ip: '192.168.100.7', os.name: 'Windows 10', os.arch: 'amd64', os.version: '10.0', java.version: '1.8.0_181'
Driver info: com.kms.katalon.selenium.driver.CChromeDriver
Capabilities {acceptInsecureCerts: false, browserName: chrome, browserVersion: 96.0.4664.110, chrome: {chromedriverVersion: 96.0.4664.45 (76e4c1bb2ab46..., userDataDir: C:\Users\me\AppData\Local\T...}, goog:chromeOptions: {debuggerAddress: localhost:64287}, javascriptEnabled: true, networkConnectionEnabled: false, pageLoadStrategy: normal, platform: WINDOWS, platformName: WINDOWS, proxy: Proxy(), setWindowRect: true, strictFileInteractability: false, timeouts: {implicit: 0, pageLoad: 300000, script: 30000}, unhandledPromptBehavior: dismiss and notify, webauthn:extension:credBlob: true, webauthn:extension:largeBlob: true, webauthn:virtualAuthenticators: true}
Session ID: d8d20abb1daed3d68c059a8fb96047d0
	at org.openqa.selenium.remote.http.W3CHttpResponseCodec.createException(W3CHttpResponseCodec.java:187)
	at org.openqa.selenium.remote.http.W3CHttpResponseCodec.decode(W3CHttpResponseCodec.java:122)
	at org.openqa.selenium.remote.http.W3CHttpResponseCodec.decode(W3CHttpResponseCodec.java:49)
	at org.openqa.selenium.remote.HttpCommandExecutor.execute(HttpCommandExecutor.java:158)
	at org.openqa.selenium.remote.service.DriverCommandExecutor.execute(DriverCommandExecutor.java:83)
	at org.openqa.selenium.remote.RemoteWebDriver.execute(RemoteWebDriver.java:552)
	at com.kms.katalon.selenium.driver.CChromeDriver.execute(CChromeDriver.java:19)
	at org.openqa.selenium.remote.RemoteWebElement.execute(RemoteWebElement.java:285)
	at org.openqa.selenium.remote.RemoteWebElement.clear(RemoteWebElement.java:124)
	at org.openqa.selenium.support.events.EventFiringWebDriver$EventFiringWebElement.lambda$new$0(EventFiringWebDriver.java:404)
	at com.sun.proxy.$Proxy10.clear(Unknown Source)
	at org.openqa.selenium.support.events.EventFiringWebDriver$EventFiringWebElement.clear(EventFiringWebDriver.java:436)
	at com.kms.katalon.core.webui.keyword.builtin.SetTextKeyword$_setText_closure1.doCall(SetTextKeyword.groovy:53)
	at com.kms.katalon.core.webui.keyword.builtin.SetTextKeyword$_setText_closure1.call(SetTextKeyword.groovy)
	at com.kms.katalon.core.webui.keyword.internal.WebUIKeywordMain.runKeyword(WebUIKeywordMain.groovy:20)
	... 19 more
"/>
         <system-out><![CDATA[2021-12-23 16:41:30 - [TEST_CASE][FAILED] - Test Cases/Sprint 5/FCSCMS-193/FCSCMS-1160-S5 (The user can add a new contact): Test Cases/Sprint 5/FCSCMS-193/FCSCMS-1160-S5 (The user can add a new contact) FAILED.
Reason:
com.kms.katalon.core.exception.StepFailedException: Unable to set text 'AutomationAddress' of object 'Object Repository/Admin/Sprint 5/Clients/AddNewContact/Address Name'
	at com.kms.katalon.core.webui.keyword.internal.WebUIKeywordMain.stepFailed(WebUIKeywordMain.groovy:64)
	at com.kms.katalon.core.webui.keyword.internal.WebUIKeywordMain.runKeyword(WebUIKeywordMain.groovy:26)
	at com.kms.katalon.core.webui.keyword.builtin.SetTextKeyword.setText(SetTextKeyword.groovy:66)
	at com.kms.katalon.core.webui.keyword.builtin.SetTextKeyword.execute(SetTextKeyword.groovy:37)
	at com.kms.katalon.core.keyword.internal.KeywordExecutor.executeKeywordForPlatform(KeywordExecutor.groovy:73)
	at com.kms.katalon.core.webui.keyword.WebUiBuiltInKeywords.setText(WebUiBuiltInKeywords.groovy:977)
	at com.kms.katalon.core.webui.keyword.WebUiBuiltInKeywords$setText$2.call(Unknown Source)
	at FCSCMS-1160-S5 (The user can add a new contact).run(FCSCMS-1160-S5 (The user can add a new contact):39)
	at com.kms.katalon.core.main.ScriptEngine.run(ScriptEngine.java:194)
	at com.kms.katalon.core.main.ScriptEngine.runScriptAsRawText(ScriptEngine.java:119)
	at com.kms.katalon.core.main.TestCaseExecutor.runScript(TestCaseExecutor.java:339)
	at com.kms.katalon.core.main.TestCaseExecutor.doExecute(TestCaseExecutor.java:330)
	at com.kms.katalon.core.main.TestCaseExecutor.processExecutionPhase(TestCaseExecutor.java:309)
	at com.kms.katalon.core.main.TestCaseExecutor.accessMainPhase(TestCaseExecutor.java:301)
	at com.kms.katalon.core.main.TestCaseExecutor.execute(TestCaseExecutor.java:235)
	at com.kms.katalon.core.main.TestSuiteExecutor.accessTestCaseMainPhase(TestSuiteExecutor.java:191)
	at com.kms.katalon.core.main.TestSuiteExecutor.accessTestSuiteMainPhase(TestSuiteExecutor.java:141)
	at com.kms.katalon.core.main.TestSuiteExecutor.execute(TestSuiteExecutor.java:90)
	at com.kms.katalon.core.main.TestCaseMain.startTestSuite(TestCaseMain.java:157)
	at com.kms.katalon.core.main.TestCaseMain$startTestSuite$0.call(Unknown Source)
	at TempTestSuite1640248790530.run(TempTestSuite1640248790530.groovy:39)
Caused by: org.openqa.selenium.InvalidElementStateException: invalid element state: Element is not currently interactable and may not be manipulated
  (Session info: chrome=96.0.4664.110)
Build info: version: '3.141.59', revision: 'e82be7d358', time: '2018-11-14T08:25:53'
System info: host: 'DESKTOP-S7SF50D', ip: '192.168.100.7', os.name: 'Windows 10', os.arch: 'amd64', os.version: '10.0', java.version: '1.8.0_181'
Driver info: com.kms.katalon.selenium.driver.CChromeDriver
Capabilities {acceptInsecureCerts: false, browserName: chrome, browserVersion: 96.0.4664.110, chrome: {chromedriverVersion: 96.0.4664.45 (76e4c1bb2ab46..., userDataDir: C:\Users\me\AppData\Local\T...}, goog:chromeOptions: {debuggerAddress: localhost:64287}, javascriptEnabled: true, networkConnectionEnabled: false, pageLoadStrategy: normal, platform: WINDOWS, platformName: WINDOWS, proxy: Proxy(), setWindowRect: true, strictFileInteractability: false, timeouts: {implicit: 0, pageLoad: 300000, script: 30000}, unhandledPromptBehavior: dismiss and notify, webauthn:extension:credBlob: true, webauthn:extension:largeBlob: true, webauthn:virtualAuthenticators: true}
Session ID: d8d20abb1daed3d68c059a8fb96047d0
	at org.openqa.selenium.remote.http.W3CHttpResponseCodec.createException(W3CHttpResponseCodec.java:187)
	at org.openqa.selenium.remote.http.W3CHttpResponseCodec.decode(W3CHttpResponseCodec.java:122)
	at org.openqa.selenium.remote.http.W3CHttpResponseCodec.decode(W3CHttpResponseCodec.java:49)
	at org.openqa.selenium.remote.HttpCommandExecutor.execute(HttpCommandExecutor.java:158)
	at org.openqa.selenium.remote.service.DriverCommandExecutor.execute(DriverCommandExecutor.java:83)
	at org.openqa.selenium.remote.RemoteWebDriver.execute(RemoteWebDriver.java:552)
	at com.kms.katalon.selenium.driver.CChromeDriver.execute(CChromeDriver.java:19)
	at org.openqa.selenium.remote.RemoteWebElement.execute(RemoteWebElement.java:285)
	at org.openqa.selenium.remote.RemoteWebElement.clear(RemoteWebElement.java:124)
	at org.openqa.selenium.support.events.EventFiringWebDriver$EventFiringWebElement.lambda$new$0(EventFiringWebDriver.java:404)
	at com.sun.proxy.$Proxy10.clear(Unknown Source)
	at org.openqa.selenium.support.events.EventFiringWebDriver$EventFiringWebElement.clear(EventFiringWebDriver.java:436)
	at com.kms.katalon.core.webui.keyword.builtin.SetTextKeyword$_setText_closure1.doCall(SetTextKeyword.groovy:53)
	at com.kms.katalon.core.webui.keyword.builtin.SetTextKeyword$_setText_closure1.call(SetTextKeyword.groovy)
	at com.kms.katalon.core.webui.keyword.internal.WebUIKeywordMain.runKeyword(WebUIKeywordMain.groovy:20)
	... 19 more


2021-12-23 16:41:30 - [TEST_STEP][PASSED] - click(findTestObject("Admin/Sprint 5/Clients/AddNewContact/button_Add New Contact")): Object: 'Object Repository/Admin/Sprint 5/Clients/AddNewContact/button_Add New Contact' is clicked on

2021-12-23 16:41:31 - [MESSAGE][PASSED] - Object: 'Object Repository/Admin/Sprint 5/Clients/AddNewContact/button_Add New Contact' is clicked on

2021-12-23 16:41:31 - [TEST_STEP][PASSED] - delay(2): Delayed 2 second(s)

2021-12-23 16:41:33 - [MESSAGE][PASSED] - Delayed 2 second(s)

2021-12-23 16:41:33 - [TEST_STEP][PASSED] - setText(findTestObject("Admin/Sprint 5/Clients/AddNewContact/Contact Type"), "Invoicing"): Text 'Invoicing' is set on object 'Object Repository/Admin/Sprint 5/Clients/AddNewContact/Contact Type'

2021-12-23 16:41:34 - [MESSAGE][PASSED] - Text 'Invoicing' is set on object 'Object Repository/Admin/Sprint 5/Clients/AddNewContact/Contact Type'

2021-12-23 16:41:34 - [TEST_STEP][PASSED] - sendKeys(findTestObject("Admin/Sprint 5/Clients/AddNewContact/Contact Type"), Keys.chord(ENTER)): Keys 'ENTER + ' sent to object: 'Object Repository/Admin/Sprint 5/Clients/AddNewContact/Contact Type'

2021-12-23 16:41:34 - [MESSAGE][PASSED] - Keys 'ENTER + ' sent to object: 'Object Repository/Admin/Sprint 5/Clients/AddNewContact/Contact Type'

2021-12-23 16:41:34 - [TEST_STEP][PASSED] - delay(1): Delayed 1 second(s)

2021-12-23 16:41:35 - [MESSAGE][PASSED] - Delayed 1 second(s)

2021-12-23 16:41:35 - [TEST_STEP][PASSED] - setText(findTestObject("Admin/Sprint 5/Clients/AddNewContact/Contacts Name"), "AutomationTest2"): Text 'AutomationTest2' is set on object 'Object Repository/Admin/Sprint 5/Clients/AddNewContact/Contacts Name'

2021-12-23 16:41:36 - [MESSAGE][PASSED] - Text 'AutomationTest2' is set on object 'Object Repository/Admin/Sprint 5/Clients/AddNewContact/Contacts Name'

2021-12-23 16:41:36 - [TEST_STEP][PASSED] - delay(1): Delayed 1 second(s)

2021-12-23 16:41:37 - [MESSAGE][PASSED] - Delayed 1 second(s)

2021-12-23 16:41:37 - [TEST_STEP][PASSED] - selectOptionByLabel(findTestObject("Admin/Sprint 5/Clients/AddNewContact/AssignSiteDropdown"), "Test Address for Site", false): All options with label 'Test Address for Site' are selected in object 'Object Repository/Admin/Sprint 5/Clients/AddNewContact/AssignSiteDropdown' 

2021-12-23 16:41:38 - [MESSAGE][PASSED] - All options with label 'Test Address for Site' are selected in object 'Object Repository/Admin/Sprint 5/Clients/AddNewContact/AssignSiteDropdown' 

2021-12-23 16:41:38 - [TEST_STEP][PASSED] - delay(1): Delayed 1 second(s)

2021-12-23 16:41:39 - [MESSAGE][PASSED] - Delayed 1 second(s)

2021-12-23 16:41:39 - [TEST_STEP][FAILED] - setText(findTestObject("Admin/Sprint 5/Clients/AddNewContact/Address Name"), "AutomationAddress"): Unable to set text 'AutomationAddress' of object 'Object Repository/Admin/Sprint 5/Clients/AddNewContact/Address Name' (Root cause: com.kms.katalon.core.exception.StepFailedException: Unable to set text 'AutomationAddress' of object 'Object Repository/Admin/Sprint 5/Clients/AddNewContact/Address Name'
	at com.kms.katalon.core.webui.keyword.internal.WebUIKeywordMain.stepFailed(WebUIKeywordMain.groovy:64)
	at com.kms.katalon.core.webui.keyword.internal.WebUIKeywordMain.runKeyword(WebUIKeywordMain.groovy:26)
	at com.kms.katalon.core.webui.keyword.builtin.SetTextKeyword.setText(SetTextKeyword.groovy:66)
	at com.kms.katalon.core.webui.keyword.builtin.SetTextKeyword.execute(SetTextKeyword.groovy:37)
	at com.kms.katalon.core.keyword.internal.KeywordExecutor.executeKeywordForPlatform(KeywordExecutor.groovy:73)
	at com.kms.katalon.core.webui.keyword.WebUiBuiltInKeywords.setText(WebUiBuiltInKeywords.groovy:977)
	at com.kms.katalon.core.webui.keyword.WebUiBuiltInKeywords$setText$2.call(Unknown Source)
	at FCSCMS-1160-S5 (The user can add a new contact).run(FCSCMS-1160-S5 (The user can add a new contact):39)
	at com.kms.katalon.core.main.ScriptEngine.run(ScriptEngine.java:194)
	at com.kms.katalon.core.main.ScriptEngine.runScriptAsRawText(ScriptEngine.java:119)
	at com.kms.katalon.core.main.TestCaseExecutor.runScript(TestCaseExecutor.java:339)
	at com.kms.katalon.core.main.TestCaseExecutor.doExecute(TestCaseExecutor.java:330)
	at com.kms.katalon.core.main.TestCaseExecutor.processExecutionPhase(TestCaseExecutor.java:309)
	at com.kms.katalon.core.main.TestCaseExecutor.accessMainPhase(TestCaseExecutor.java:301)
	at com.kms.katalon.core.main.TestCaseExecutor.execute(TestCaseExecutor.java:235)
	at com.kms.katalon.core.main.TestSuiteExecutor.accessTestCaseMainPhase(TestSuiteExecutor.java:191)
	at com.kms.katalon.core.main.TestSuiteExecutor.accessTestSuiteMainPhase(TestSuiteExecutor.java:141)
	at com.kms.katalon.core.main.TestSuiteExecutor.execute(TestSuiteExecutor.java:90)
	at com.kms.katalon.core.main.TestCaseMain.startTestSuite(TestCaseMain.java:157)
	at com.kms.katalon.core.main.TestCaseMain$startTestSuite$0.call(Unknown Source)
	at TempTestSuite1640248790530.run(TempTestSuite1640248790530.groovy:39)
Caused by: org.openqa.selenium.InvalidElementStateException: invalid element state: Element is not currently interactable and may not be manipulated
  (Session info: chrome=96.0.4664.110)
Build info: version: '3.141.59', revision: 'e82be7d358', time: '2018-11-14T08:25:53'
System info: host: 'DESKTOP-S7SF50D', ip: '192.168.100.7', os.name: 'Windows 10', os.arch: 'amd64', os.version: '10.0', java.version: '1.8.0_181'
Driver info: com.kms.katalon.selenium.driver.CChromeDriver
Capabilities {acceptInsecureCerts: false, browserName: chrome, browserVersion: 96.0.4664.110, chrome: {chromedriverVersion: 96.0.4664.45 (76e4c1bb2ab46..., userDataDir: C:\Users\me\AppData\Local\T...}, goog:chromeOptions: {debuggerAddress: localhost:64287}, javascriptEnabled: true, networkConnectionEnabled: false, pageLoadStrategy: normal, platform: WINDOWS, platformName: WINDOWS, proxy: Proxy(), setWindowRect: true, strictFileInteractability: false, timeouts: {implicit: 0, pageLoad: 300000, script: 30000}, unhandledPromptBehavior: dismiss and notify, webauthn:extension:credBlob: true, webauthn:extension:largeBlob: true, webauthn:virtualAuthenticators: true}
Session ID: d8d20abb1daed3d68c059a8fb96047d0
	at org.openqa.selenium.remote.http.W3CHttpResponseCodec.createException(W3CHttpResponseCodec.java:187)
	at org.openqa.selenium.remote.http.W3CHttpResponseCodec.decode(W3CHttpResponseCodec.java:122)
	at org.openqa.selenium.remote.http.W3CHttpResponseCodec.decode(W3CHttpResponseCodec.java:49)
	at org.openqa.selenium.remote.HttpCommandExecutor.execute(HttpCommandExecutor.java:158)
	at org.openqa.selenium.remote.service.DriverCommandExecutor.execute(DriverCommandExecutor.java:83)
	at org.openqa.selenium.remote.RemoteWebDriver.execute(RemoteWebDriver.java:552)
	at com.kms.katalon.selenium.driver.CChromeDriver.execute(CChromeDriver.java:19)
	at org.openqa.selenium.remote.RemoteWebElement.execute(RemoteWebElement.java:285)
	at org.openqa.selenium.remote.RemoteWebElement.clear(RemoteWebElement.java:124)
	at org.openqa.selenium.support.events.EventFiringWebDriver$EventFiringWebElement.lambda$new$0(EventFiringWebDriver.java:404)
	at com.sun.proxy.$Proxy10.clear(Unknown Source)
	at org.openqa.selenium.support.events.EventFiringWebDriver$EventFiringWebElement.clear(EventFiringWebDriver.java:436)
	at com.kms.katalon.core.webui.keyword.builtin.SetTextKeyword$_setText_closure1.doCall(SetTextKeyword.groovy:53)
	at com.kms.katalon.core.webui.keyword.builtin.SetTextKeyword$_setText_closure1.call(SetTextKeyword.groovy)
	at com.kms.katalon.core.webui.keyword.internal.WebUIKeywordMain.runKeyword(WebUIKeywordMain.groovy:20)
	at com.kms.katalon.core.webui.keyword.builtin.SetTextKeyword.setText(SetTextKeyword.groovy:66)
	at com.kms.katalon.core.webui.keyword.builtin.SetTextKeyword.execute(SetTextKeyword.groovy:37)
	at com.kms.katalon.core.keyword.internal.KeywordExecutor.executeKeywordForPlatform(KeywordExecutor.groovy:73)
	at com.kms.katalon.core.webui.keyword.WebUiBuiltInKeywords.setText(WebUiBuiltInKeywords.groovy:977)
	at com.kms.katalon.core.webui.keyword.WebUiBuiltInKeywords$setText$2.call(Unknown Source)
	at Script1640244898140.run(Script1640244898140.groovy:39)
	... 13 more
)

2021-12-23 16:41:39 - [MESSAGE][FAILED] - Unable to set text 'AutomationAddress' of object 'Object Repository/Admin/Sprint 5/Clients/AddNewContact/Address Name' (Root cause: com.kms.katalon.core.exception.StepFailedException: Unable to set text 'AutomationAddress' of object 'Object Repository/Admin/Sprint 5/Clients/AddNewContact/Address Name'
	at com.kms.katalon.core.webui.keyword.internal.WebUIKeywordMain.stepFailed(WebUIKeywordMain.groovy:64)
	at com.kms.katalon.core.webui.keyword.internal.WebUIKeywordMain.runKeyword(WebUIKeywordMain.groovy:26)
	at com.kms.katalon.core.webui.keyword.builtin.SetTextKeyword.setText(SetTextKeyword.groovy:66)
	at com.kms.katalon.core.webui.keyword.builtin.SetTextKeyword.execute(SetTextKeyword.groovy:37)
	at com.kms.katalon.core.keyword.internal.KeywordExecutor.executeKeywordForPlatform(KeywordExecutor.groovy:73)
	at com.kms.katalon.core.webui.keyword.WebUiBuiltInKeywords.setText(WebUiBuiltInKeywords.groovy:977)
	at com.kms.katalon.core.webui.keyword.WebUiBuiltInKeywords$setText$2.call(Unknown Source)
	at FCSCMS-1160-S5 (The user can add a new contact).run(FCSCMS-1160-S5 (The user can add a new contact):39)
	at com.kms.katalon.core.main.ScriptEngine.run(ScriptEngine.java:194)
	at com.kms.katalon.core.main.ScriptEngine.runScriptAsRawText(ScriptEngine.java:119)
	at com.kms.katalon.core.main.TestCaseExecutor.runScript(TestCaseExecutor.java:339)
	at com.kms.katalon.core.main.TestCaseExecutor.doExecute(TestCaseExecutor.java:330)
	at com.kms.katalon.core.main.TestCaseExecutor.processExecutionPhase(TestCaseExecutor.java:309)
	at com.kms.katalon.core.main.TestCaseExecutor.accessMainPhase(TestCaseExecutor.java:301)
	at com.kms.katalon.core.main.TestCaseExecutor.execute(TestCaseExecutor.java:235)
	at com.kms.katalon.core.main.TestSuiteExecutor.accessTestCaseMainPhase(TestSuiteExecutor.java:191)
	at com.kms.katalon.core.main.TestSuiteExecutor.accessTestSuiteMainPhase(TestSuiteExecutor.java:141)
	at com.kms.katalon.core.main.TestSuiteExecutor.execute(TestSuiteExecutor.java:90)
	at com.kms.katalon.core.main.TestCaseMain.startTestSuite(TestCaseMain.java:157)
	at com.kms.katalon.core.main.TestCaseMain$startTestSuite$0.call(Unknown Source)
	at TempTestSuite1640248790530.run(TempTestSuite1640248790530.groovy:39)
Caused by: org.openqa.selenium.InvalidElementStateException: invalid element state: Element is not currently interactable and may not be manipulated
  (Session info: chrome=96.0.4664.110)
Build info: version: '3.141.59', revision: 'e82be7d358', time: '2018-11-14T08:25:53'
System info: host: 'DESKTOP-S7SF50D', ip: '192.168.100.7', os.name: 'Windows 10', os.arch: 'amd64', os.version: '10.0', java.version: '1.8.0_181'
Driver info: com.kms.katalon.selenium.driver.CChromeDriver
Capabilities {acceptInsecureCerts: false, browserName: chrome, browserVersion: 96.0.4664.110, chrome: {chromedriverVersion: 96.0.4664.45 (76e4c1bb2ab46..., userDataDir: C:\Users\me\AppData\Local\T...}, goog:chromeOptions: {debuggerAddress: localhost:64287}, javascriptEnabled: true, networkConnectionEnabled: false, pageLoadStrategy: normal, platform: WINDOWS, platformName: WINDOWS, proxy: Proxy(), setWindowRect: true, strictFileInteractability: false, timeouts: {implicit: 0, pageLoad: 300000, script: 30000}, unhandledPromptBehavior: dismiss and notify, webauthn:extension:credBlob: true, webauthn:extension:largeBlob: true, webauthn:virtualAuthenticators: true}
Session ID: d8d20abb1daed3d68c059a8fb96047d0
	at org.openqa.selenium.remote.http.W3CHttpResponseCodec.createException(W3CHttpResponseCodec.java:187)
	at org.openqa.selenium.remote.http.W3CHttpResponseCodec.decode(W3CHttpResponseCodec.java:122)
	at org.openqa.selenium.remote.http.W3CHttpResponseCodec.decode(W3CHttpResponseCodec.java:49)
	at org.openqa.selenium.remote.HttpCommandExecutor.execute(HttpCommandExecutor.java:158)
	at org.openqa.selenium.remote.service.DriverCommandExecutor.execute(DriverCommandExecutor.java:83)
	at org.openqa.selenium.remote.RemoteWebDriver.execute(RemoteWebDriver.java:552)
	at com.kms.katalon.selenium.driver.CChromeDriver.execute(CChromeDriver.java:19)
	at org.openqa.selenium.remote.RemoteWebElement.execute(RemoteWebElement.java:285)
	at org.openqa.selenium.remote.RemoteWebElement.clear(RemoteWebElement.java:124)
	at org.openqa.selenium.support.events.EventFiringWebDriver$EventFiringWebElement.lambda$new$0(EventFiringWebDriver.java:404)
	at com.sun.proxy.$Proxy10.clear(Unknown Source)
	at org.openqa.selenium.support.events.EventFiringWebDriver$EventFiringWebElement.clear(EventFiringWebDriver.java:436)
	at com.kms.katalon.core.webui.keyword.builtin.SetTextKeyword$_setText_closure1.doCall(SetTextKeyword.groovy:53)
	at com.kms.katalon.core.webui.keyword.builtin.SetTextKeyword$_setText_closure1.call(SetTextKeyword.groovy)
	at com.kms.katalon.core.webui.keyword.internal.WebUIKeywordMain.runKeyword(WebUIKeywordMain.groovy:20)
	at com.kms.katalon.core.webui.keyword.builtin.SetTextKeyword.setText(SetTextKeyword.groovy:66)
	at com.kms.katalon.core.webui.keyword.builtin.SetTextKeyword.execute(SetTextKeyword.groovy:37)
	at com.kms.katalon.core.keyword.internal.KeywordExecutor.executeKeywordForPlatform(KeywordExecutor.groovy:73)
	at com.kms.katalon.core.webui.keyword.WebUiBuiltInKeywords.setText(WebUiBuiltInKeywords.groovy:977)
	at com.kms.katalon.core.webui.keyword.WebUiBuiltInKeywords$setText$2.call(Unknown Source)
	at Script1640244898140.run(Script1640244898140.groovy:39)
	... 13 more
)
[[ATTACHMENT|C:\\Users\\me\\git\\nexterous-automation\\Reports\\20211223_163950\\Sprint 5\\TestSuiteSite Sample\\20211223_163950\\1640248899474.png]]]]></system-out>
         <system-err><![CDATA[2021-12-23 16:41:30 - [TEST_CASE][FAILED] - Test Cases/Sprint 5/FCSCMS-193/FCSCMS-1160-S5 (The user can add a new contact): Test Cases/Sprint 5/FCSCMS-193/FCSCMS-1160-S5 (The user can add a new contact) FAILED.
Reason:
com.kms.katalon.core.exception.StepFailedException: Unable to set text 'AutomationAddress' of object 'Object Repository/Admin/Sprint 5/Clients/AddNewContact/Address Name'
	at com.kms.katalon.core.webui.keyword.internal.WebUIKeywordMain.stepFailed(WebUIKeywordMain.groovy:64)
	at com.kms.katalon.core.webui.keyword.internal.WebUIKeywordMain.runKeyword(WebUIKeywordMain.groovy:26)
	at com.kms.katalon.core.webui.keyword.builtin.SetTextKeyword.setText(SetTextKeyword.groovy:66)
	at com.kms.katalon.core.webui.keyword.builtin.SetTextKeyword.execute(SetTextKeyword.groovy:37)
	at com.kms.katalon.core.keyword.internal.KeywordExecutor.executeKeywordForPlatform(KeywordExecutor.groovy:73)
	at com.kms.katalon.core.webui.keyword.WebUiBuiltInKeywords.setText(WebUiBuiltInKeywords.groovy:977)
	at com.kms.katalon.core.webui.keyword.WebUiBuiltInKeywords$setText$2.call(Unknown Source)
	at FCSCMS-1160-S5 (The user can add a new contact).run(FCSCMS-1160-S5 (The user can add a new contact):39)
	at com.kms.katalon.core.main.ScriptEngine.run(ScriptEngine.java:194)
	at com.kms.katalon.core.main.ScriptEngine.runScriptAsRawText(ScriptEngine.java:119)
	at com.kms.katalon.core.main.TestCaseExecutor.runScript(TestCaseExecutor.java:339)
	at com.kms.katalon.core.main.TestCaseExecutor.doExecute(TestCaseExecutor.java:330)
	at com.kms.katalon.core.main.TestCaseExecutor.processExecutionPhase(TestCaseExecutor.java:309)
	at com.kms.katalon.core.main.TestCaseExecutor.accessMainPhase(TestCaseExecutor.java:301)
	at com.kms.katalon.core.main.TestCaseExecutor.execute(TestCaseExecutor.java:235)
	at com.kms.katalon.core.main.TestSuiteExecutor.accessTestCaseMainPhase(TestSuiteExecutor.java:191)
	at com.kms.katalon.core.main.TestSuiteExecutor.accessTestSuiteMainPhase(TestSuiteExecutor.java:141)
	at com.kms.katalon.core.main.TestSuiteExecutor.execute(TestSuiteExecutor.java:90)
	at com.kms.katalon.core.main.TestCaseMain.startTestSuite(TestCaseMain.java:157)
	at com.kms.katalon.core.main.TestCaseMain$startTestSuite$0.call(Unknown Source)
	at TempTestSuite1640248790530.run(TempTestSuite1640248790530.groovy:39)
Caused by: org.openqa.selenium.InvalidElementStateException: invalid element state: Element is not currently interactable and may not be manipulated
  (Session info: chrome=96.0.4664.110)
Build info: version: '3.141.59', revision: 'e82be7d358', time: '2018-11-14T08:25:53'
System info: host: 'DESKTOP-S7SF50D', ip: '192.168.100.7', os.name: 'Windows 10', os.arch: 'amd64', os.version: '10.0', java.version: '1.8.0_181'
Driver info: com.kms.katalon.selenium.driver.CChromeDriver
Capabilities {acceptInsecureCerts: false, browserName: chrome, browserVersion: 96.0.4664.110, chrome: {chromedriverVersion: 96.0.4664.45 (76e4c1bb2ab46..., userDataDir: C:\Users\me\AppData\Local\T...}, goog:chromeOptions: {debuggerAddress: localhost:64287}, javascriptEnabled: true, networkConnectionEnabled: false, pageLoadStrategy: normal, platform: WINDOWS, platformName: WINDOWS, proxy: Proxy(), setWindowRect: true, strictFileInteractability: false, timeouts: {implicit: 0, pageLoad: 300000, script: 30000}, unhandledPromptBehavior: dismiss and notify, webauthn:extension:credBlob: true, webauthn:extension:largeBlob: true, webauthn:virtualAuthenticators: true}
Session ID: d8d20abb1daed3d68c059a8fb96047d0
	at org.openqa.selenium.remote.http.W3CHttpResponseCodec.createException(W3CHttpResponseCodec.java:187)
	at org.openqa.selenium.remote.http.W3CHttpResponseCodec.decode(W3CHttpResponseCodec.java:122)
	at org.openqa.selenium.remote.http.W3CHttpResponseCodec.decode(W3CHttpResponseCodec.java:49)
	at org.openqa.selenium.remote.HttpCommandExecutor.execute(HttpCommandExecutor.java:158)
	at org.openqa.selenium.remote.service.DriverCommandExecutor.execute(DriverCommandExecutor.java:83)
	at org.openqa.selenium.remote.RemoteWebDriver.execute(RemoteWebDriver.java:552)
	at com.kms.katalon.selenium.driver.CChromeDriver.execute(CChromeDriver.java:19)
	at org.openqa.selenium.remote.RemoteWebElement.execute(RemoteWebElement.java:285)
	at org.openqa.selenium.remote.RemoteWebElement.clear(RemoteWebElement.java:124)
	at org.openqa.selenium.support.events.EventFiringWebDriver$EventFiringWebElement.lambda$new$0(EventFiringWebDriver.java:404)
	at com.sun.proxy.$Proxy10.clear(Unknown Source)
	at org.openqa.selenium.support.events.EventFiringWebDriver$EventFiringWebElement.clear(EventFiringWebDriver.java:436)
	at com.kms.katalon.core.webui.keyword.builtin.SetTextKeyword$_setText_closure1.doCall(SetTextKeyword.groovy:53)
	at com.kms.katalon.core.webui.keyword.builtin.SetTextKeyword$_setText_closure1.call(SetTextKeyword.groovy)
	at com.kms.katalon.core.webui.keyword.internal.WebUIKeywordMain.runKeyword(WebUIKeywordMain.groovy:20)
	... 19 more]]></system-err>
      </testcase>
      <system-out><![CDATA[2021-12-23 16:40:04 - [TEST_SUITE][FAILED] - TestSuiteSite Sample: Test Cases/Sprint 5/FCSCMS-193/FCSCMS-1160-S5 (The user can add a new contact) FAILED.
Reason:
com.kms.katalon.core.exception.StepFailedException: Unable to set text 'AutomationAddress' of object 'Object Repository/Admin/Sprint 5/Clients/AddNewContact/Address Name'
	at com.kms.katalon.core.webui.keyword.internal.WebUIKeywordMain.stepFailed(WebUIKeywordMain.groovy:64)
	at com.kms.katalon.core.webui.keyword.internal.WebUIKeywordMain.runKeyword(WebUIKeywordMain.groovy:26)
	at com.kms.katalon.core.webui.keyword.builtin.SetTextKeyword.setText(SetTextKeyword.groovy:66)
	at com.kms.katalon.core.webui.keyword.builtin.SetTextKeyword.execute(SetTextKeyword.groovy:37)
	at com.kms.katalon.core.keyword.internal.KeywordExecutor.executeKeywordForPlatform(KeywordExecutor.groovy:73)
	at com.kms.katalon.core.webui.keyword.WebUiBuiltInKeywords.setText(WebUiBuiltInKeywords.groovy:977)
	at com.kms.katalon.core.webui.keyword.WebUiBuiltInKeywords$setText$2.call(Unknown Source)
	at FCSCMS-1160-S5 (The user can add a new contact).run(FCSCMS-1160-S5 (The user can add a new contact):39)
	at com.kms.katalon.core.main.ScriptEngine.run(ScriptEngine.java:194)
	at com.kms.katalon.core.main.ScriptEngine.runScriptAsRawText(ScriptEngine.java:119)
	at com.kms.katalon.core.main.TestCaseExecutor.runScript(TestCaseExecutor.java:339)
	at com.kms.katalon.core.main.TestCaseExecutor.doExecute(TestCaseExecutor.java:330)
	at com.kms.katalon.core.main.TestCaseExecutor.processExecutionPhase(TestCaseExecutor.java:309)
	at com.kms.katalon.core.main.TestCaseExecutor.accessMainPhase(TestCaseExecutor.java:301)
	at com.kms.katalon.core.main.TestCaseExecutor.execute(TestCaseExecutor.java:235)
	at com.kms.katalon.core.main.TestSuiteExecutor.accessTestCaseMainPhase(TestSuiteExecutor.java:191)
	at com.kms.katalon.core.main.TestSuiteExecutor.accessTestSuiteMainPhase(TestSuiteExecutor.java:141)
	at com.kms.katalon.core.main.TestSuiteExecutor.execute(TestSuiteExecutor.java:90)
	at com.kms.katalon.core.main.TestCaseMain.startTestSuite(TestCaseMain.java:157)
	at com.kms.katalon.core.main.TestCaseMain$startTestSuite$0.call(Unknown Source)
	at TempTestSuite1640248790530.run(TempTestSuite1640248790530.groovy:39)
Caused by: org.openqa.selenium.InvalidElementStateException: invalid element state: Element is not currently interactable and may not be manipulated
  (Session info: chrome=96.0.4664.110)
Build info: version: '3.141.59', revision: 'e82be7d358', time: '2018-11-14T08:25:53'
System info: host: 'DESKTOP-S7SF50D', ip: '192.168.100.7', os.name: 'Windows 10', os.arch: 'amd64', os.version: '10.0', java.version: '1.8.0_181'
Driver info: com.kms.katalon.selenium.driver.CChromeDriver
Capabilities {acceptInsecureCerts: false, browserName: chrome, browserVersion: 96.0.4664.110, chrome: {chromedriverVersion: 96.0.4664.45 (76e4c1bb2ab46..., userDataDir: C:\Users\me\AppData\Local\T...}, goog:chromeOptions: {debuggerAddress: localhost:64287}, javascriptEnabled: true, networkConnectionEnabled: false, pageLoadStrategy: normal, platform: WINDOWS, platformName: WINDOWS, proxy: Proxy(), setWindowRect: true, strictFileInteractability: false, timeouts: {implicit: 0, pageLoad: 300000, script: 30000}, unhandledPromptBehavior: dismiss and notify, webauthn:extension:credBlob: true, webauthn:extension:largeBlob: true, webauthn:virtualAuthenticators: true}
Session ID: d8d20abb1daed3d68c059a8fb96047d0
	at org.openqa.selenium.remote.http.W3CHttpResponseCodec.createException(W3CHttpResponseCodec.java:187)
	at org.openqa.selenium.remote.http.W3CHttpResponseCodec.decode(W3CHttpResponseCodec.java:122)
	at org.openqa.selenium.remote.http.W3CHttpResponseCodec.decode(W3CHttpResponseCodec.java:49)
	at org.openqa.selenium.remote.HttpCommandExecutor.execute(HttpCommandExecutor.java:158)
	at org.openqa.selenium.remote.service.DriverCommandExecutor.execute(DriverCommandExecutor.java:83)
	at org.openqa.selenium.remote.RemoteWebDriver.execute(RemoteWebDriver.java:552)
	at com.kms.katalon.selenium.driver.CChromeDriver.execute(CChromeDriver.java:19)
	at org.openqa.selenium.remote.RemoteWebElement.execute(RemoteWebElement.java:285)
	at org.openqa.selenium.remote.RemoteWebElement.clear(RemoteWebElement.java:124)
	at org.openqa.selenium.support.events.EventFiringWebDriver$EventFiringWebElement.lambda$new$0(EventFiringWebDriver.java:404)
	at com.sun.proxy.$Proxy10.clear(Unknown Source)
	at org.openqa.selenium.support.events.EventFiringWebDriver$EventFiringWebElement.clear(EventFiringWebDriver.java:436)
	at com.kms.katalon.core.webui.keyword.builtin.SetTextKeyword$_setText_closure1.doCall(SetTextKeyword.groovy:53)
	at com.kms.katalon.core.webui.keyword.builtin.SetTextKeyword$_setText_closure1.call(SetTextKeyword.groovy)
	at com.kms.katalon.core.webui.keyword.internal.WebUIKeywordMain.runKeyword(WebUIKeywordMain.groovy:20)
	... 19 more]]></system-out>
      <system-err><![CDATA[2021-12-23 16:40:04 - [TEST_SUITE][FAILED] - TestSuiteSite Sample: Test Cases/Sprint 5/FCSCMS-193/FCSCMS-1160-S5 (The user can add a new contact) FAILED.
Reason:
com.kms.katalon.core.exception.StepFailedException: Unable to set text 'AutomationAddress' of object 'Object Repository/Admin/Sprint 5/Clients/AddNewContact/Address Name'
	at com.kms.katalon.core.webui.keyword.internal.WebUIKeywordMain.stepFailed(WebUIKeywordMain.groovy:64)
	at com.kms.katalon.core.webui.keyword.internal.WebUIKeywordMain.runKeyword(WebUIKeywordMain.groovy:26)
	at com.kms.katalon.core.webui.keyword.builtin.SetTextKeyword.setText(SetTextKeyword.groovy:66)
	at com.kms.katalon.core.webui.keyword.builtin.SetTextKeyword.execute(SetTextKeyword.groovy:37)
	at com.kms.katalon.core.keyword.internal.KeywordExecutor.executeKeywordForPlatform(KeywordExecutor.groovy:73)
	at com.kms.katalon.core.webui.keyword.WebUiBuiltInKeywords.setText(WebUiBuiltInKeywords.groovy:977)
	at com.kms.katalon.core.webui.keyword.WebUiBuiltInKeywords$setText$2.call(Unknown Source)
	at FCSCMS-1160-S5 (The user can add a new contact).run(FCSCMS-1160-S5 (The user can add a new contact):39)
	at com.kms.katalon.core.main.ScriptEngine.run(ScriptEngine.java:194)
	at com.kms.katalon.core.main.ScriptEngine.runScriptAsRawText(ScriptEngine.java:119)
	at com.kms.katalon.core.main.TestCaseExecutor.runScript(TestCaseExecutor.java:339)
	at com.kms.katalon.core.main.TestCaseExecutor.doExecute(TestCaseExecutor.java:330)
	at com.kms.katalon.core.main.TestCaseExecutor.processExecutionPhase(TestCaseExecutor.java:309)
	at com.kms.katalon.core.main.TestCaseExecutor.accessMainPhase(TestCaseExecutor.java:301)
	at com.kms.katalon.core.main.TestCaseExecutor.execute(TestCaseExecutor.java:235)
	at com.kms.katalon.core.main.TestSuiteExecutor.accessTestCaseMainPhase(TestSuiteExecutor.java:191)
	at com.kms.katalon.core.main.TestSuiteExecutor.accessTestSuiteMainPhase(TestSuiteExecutor.java:141)
	at com.kms.katalon.core.main.TestSuiteExecutor.execute(TestSuiteExecutor.java:90)
	at com.kms.katalon.core.main.TestCaseMain.startTestSuite(TestCaseMain.java:157)
	at com.kms.katalon.core.main.TestCaseMain$startTestSuite$0.call(Unknown Source)
	at TempTestSuite1640248790530.run(TempTestSuite1640248790530.groovy:39)
Caused by: org.openqa.selenium.InvalidElementStateException: invalid element state: Element is not currently interactable and may not be manipulated
  (Session info: chrome=96.0.4664.110)
Build info: version: '3.141.59', revision: 'e82be7d358', time: '2018-11-14T08:25:53'
System info: host: 'DESKTOP-S7SF50D', ip: '192.168.100.7', os.name: 'Windows 10', os.arch: 'amd64', os.version: '10.0', java.version: '1.8.0_181'
Driver info: com.kms.katalon.selenium.driver.CChromeDriver
Capabilities {acceptInsecureCerts: false, browserName: chrome, browserVersion: 96.0.4664.110, chrome: {chromedriverVersion: 96.0.4664.45 (76e4c1bb2ab46..., userDataDir: C:\Users\me\AppData\Local\T...}, goog:chromeOptions: {debuggerAddress: localhost:64287}, javascriptEnabled: true, networkConnectionEnabled: false, pageLoadStrategy: normal, platform: WINDOWS, platformName: WINDOWS, proxy: Proxy(), setWindowRect: true, strictFileInteractability: false, timeouts: {implicit: 0, pageLoad: 300000, script: 30000}, unhandledPromptBehavior: dismiss and notify, webauthn:extension:credBlob: true, webauthn:extension:largeBlob: true, webauthn:virtualAuthenticators: true}
Session ID: d8d20abb1daed3d68c059a8fb96047d0
	at org.openqa.selenium.remote.http.W3CHttpResponseCodec.createException(W3CHttpResponseCodec.java:187)
	at org.openqa.selenium.remote.http.W3CHttpResponseCodec.decode(W3CHttpResponseCodec.java:122)
	at org.openqa.selenium.remote.http.W3CHttpResponseCodec.decode(W3CHttpResponseCodec.java:49)
	at org.openqa.selenium.remote.HttpCommandExecutor.execute(HttpCommandExecutor.java:158)
	at org.openqa.selenium.remote.service.DriverCommandExecutor.execute(DriverCommandExecutor.java:83)
	at org.openqa.selenium.remote.RemoteWebDriver.execute(RemoteWebDriver.java:552)
	at com.kms.katalon.selenium.driver.CChromeDriver.execute(CChromeDriver.java:19)
	at org.openqa.selenium.remote.RemoteWebElement.execute(RemoteWebElement.java:285)
	at org.openqa.selenium.remote.RemoteWebElement.clear(RemoteWebElement.java:124)
	at org.openqa.selenium.support.events.EventFiringWebDriver$EventFiringWebElement.lambda$new$0(EventFiringWebDriver.java:404)
	at com.sun.proxy.$Proxy10.clear(Unknown Source)
	at org.openqa.selenium.support.events.EventFiringWebDriver$EventFiringWebElement.clear(EventFiringWebDriver.java:436)
	at com.kms.katalon.core.webui.keyword.builtin.SetTextKeyword$_setText_closure1.doCall(SetTextKeyword.groovy:53)
	at com.kms.katalon.core.webui.keyword.builtin.SetTextKeyword$_setText_closure1.call(SetTextKeyword.groovy)
	at com.kms.katalon.core.webui.keyword.internal.WebUIKeywordMain.runKeyword(WebUIKeywordMain.groovy:20)
	... 19 more]]></system-err>
   </testsuite>
</testsuites>
